<?xml version="1.0" encoding="utf-8"?>
<test-run id="2" testcasecount="84" result="Passed" total="84" passed="84" failed="0" inconclusive="0" skipped="0" asserts="0" engine-version="3.5.0.0" clr-version="4.0.30319.42000" start-time="2026-07-28 17:58:58Z" end-time="2026-07-28 17:58:58Z" duration="0.2104028">
  <test-suite type="TestSuite" id="1000" name="KDT_robot_AI" fullname="KDT_robot_AI" runstate="Runnable" testcasecount="84" result="Passed" start-time="2026-07-28 17:58:58Z" end-time="2026-07-28 17:58:58Z" duration="0.210403" total="84" passed="84" failed="0" inconclusive="0" skipped="0" asserts="0">
    <properties>
      <property name="platform" value="EditMode" />
    </properties>
    <test-suite type="Assembly" id="1057" name="KDT.GraspLiftTraining.Tests.dll" fullname="/home/lkb/workspace/KDT_1_AX_rtauto/unity/Library/ScriptAssemblies/KDT.GraspLiftTraining.Tests.dll" runstate="Runnable" testcasecount="55" result="Passed" start-time="2026-07-28 17:58:58Z" end-time="2026-07-28 17:58:58Z" duration="0.067838" total="55" passed="55" failed="0" inconclusive="0" skipped="0" asserts="0">
      <properties>
        <property name="_PID" value="369848" />
        <property name="_APPDOMAIN" value="Unity Child Domain" />
        <property name="platform" value="EditMode" />
        <property name="EditorOnly" value="True" />
      </properties>
      <test-suite type="TestSuite" id="1058" name="KDT" fullname="KDT" runstate="Runnable" testcasecount="55" result="Passed" start-time="2026-07-28 17:58:58Z" end-time="2026-07-28 17:58:58Z" duration="0.066184" total="55" passed="55" failed="0" inconclusive="0" skipped="0" asserts="0">
        <properties />
        <test-suite type="TestSuite" id="1059" name="GraspLiftTraining" fullname="KDT.GraspLiftTraining" runstate="Runnable" testcasecount="55" result="Passed" start-time="2026-07-28 17:58:58Z" end-time="2026-07-28 17:58:58Z" duration="0.065702" total="55" passed="55" failed="0" inconclusive="0" skipped="0" asserts="0">
          <properties />
          <test-suite type="TestSuite" id="1060" name="Tests" fullname="KDT.GraspLiftTraining.Tests" runstate="Runnable" testcasecount="55" result="Passed" start-time="2026-07-28 17:58:58Z" end-time="2026-07-28 17:58:58Z" duration="0.065026" total="55" passed="55" failed="0" inconclusive="0" skipped="0" asserts="0">
            <properties />
            <test-suite type="TestFixture" id="1001" name="Dg5fGraspLiftSpecTests" fullname="KDT.GraspLiftTraining.Tests.Dg5fGraspLiftSpecTests" classname="KDT.GraspLiftTraining.Tests.Dg5fGraspLiftSpecTests" runstate="Runnable" testcasecount="55" result="Passed" start-time="2026-07-28 17:58:58Z" end-time="2026-07-28 17:58:58Z" duration="0.063113" total="55" passed="55" failed="0" inconclusive="0" skipped="0" asserts="0">
              <properties />
              <test-case id="1036" name="ActionRatePenaltyScaleClampsRejectsNonFiniteAndCanBeDisabled" fullname="KDT.GraspLiftTraining.Tests.Dg5fGraspLiftSpecTests.ActionRatePenaltyScaleClampsRejectsNonFiniteAndCanBeDisabled" methodname="ActionRatePenaltyScaleClampsRejectsNonFiniteAndCanBeDisabled" classname="KDT.GraspLiftTraining.Tests.Dg5fGraspLiftSpecTests" runstate="Runnable" seed="1884569293" result="Passed" start-time="2026-07-28 17:58:58Z" end-time="2026-07-28 17:58:58Z" duration="0.016505" asserts="0">
                <properties>
                  <property name="retryIteration" value="0" />
                  <property name="repeatIteration" value="0" />
                </properties>
              </test-case>
              <test-case id="1033" name="AFlyingObjectIsNotAStableLift" fullname="KDT.GraspLiftTraining.Tests.Dg5fGraspLiftSpecTests.AFlyingObjectIsNotAStableLift" methodname="AFlyingObjectIsNotAStableLift" classname="KDT.GraspLiftTraining.Tests.Dg5fGraspLiftSpecTests" runstate="Runnable" seed="2114962506" result="Passed" start-time="2026-07-28 17:58:58Z" end-time="2026-07-28 17:58:58Z" duration="0.000714" asserts="0">
                <properties>
                  <property name="retryIteration" value="0" />
                  <property name="repeatIteration" value="0" />
                </properties>
              </test-case>
              <test-case id="1029" name="AnOpenHandIsNeverAGrasp" fullname="KDT.GraspLiftTraining.Tests.Dg5fGraspLiftSpecTests.AnOpenHandIsNeverAGrasp" methodname="AnOpenHandIsNeverAGrasp" classname="KDT.GraspLiftTraining.Tests.Dg5fGraspLiftSpecTests" runstate="Runnable" seed="1357165374" result="Passed" start-time="2026-07-28 17:58:58Z" end-time="2026-07-28 17:58:58Z" duration="0.001018" asserts="0">
                <properties>
                  <property name="retryIteration" value="0" />
                  <property name="repeatIteration" value="0" />
                </properties>
              </test-case>
              <test-case id="1016" name="ApproachPotentialIsGatedOnThePalmFacingTheObject" fullname="KDT.GraspLiftTraining.Tests.Dg5fGraspLiftSpecTests.ApproachPotentialIsGatedOnThePalmFacingTheObject" methodname="ApproachPotentialIsGatedOnThePalmFacingTheObject" classname="KDT.GraspLiftTraining.Tests.Dg5fGraspLiftSpecTests" runstate="Runnable" seed="17708987" result="Passed" start-time="2026-07-28 17:58:58Z" end-time="2026-07-28 17:58:58Z" duration="0.003518" asserts="0">
                <properties>
                  <property name="retryIteration" value="0" />
                  <property name="repeatIteration" value="0" />
                </properties>
              </test-case>
              <test-case id="1012" name="ApproachPotentialRisesAsDistanceFalls" fullname="KDT.GraspLiftTraining.Tests.Dg5fGraspLiftSpecTests.ApproachPotentialRisesAsDistanceFalls" methodname="ApproachPotentialRisesAsDistanceFalls" classname="KDT.GraspLiftTraining.Tests.Dg5fGraspLiftSpecTests" runstate="Runnable" seed="226717883" result="Passed" start-time="2026-07-28 17:58:58Z" end-time="2026-07-28 17:58:58Z" duration="0.000198" asserts="0">
                <properties>
                  <property name="retryIteration" value="0" />
                  <property name="repeatIteration" value="0" />
                </properties>
              </test-case>
              <test-case id="1013" name="ApproachShapingHasRealGradientInTheLastFewCentimetres" fullname="KDT.GraspLiftTraining.Tests.Dg5fGraspLiftSpecTests.ApproachShapingHasRealGradientInTheLastFewCentimetres" methodname="ApproachShapingHasRealGradientInTheLastFewCentimetres" classname="KDT.GraspLiftTraining.Tests.Dg5fGraspLiftSpecTests" runstate="Runnable" seed="2100453134" result="Passed" start-time="2026-07-28 17:58:58Z" end-time="2026-07-28 17:58:58Z" duration="0.000782" asserts="0">
                <properties>
                  <property name="retryIteration" value="0" />
                  <property name="repeatIteration" value="0" />
                </properties>
              </test-case>
              <test-case id="1035" name="ArmActionRatePenaltyIsProportionalAndNormalisedByArmJointCount" fullname="KDT.GraspLiftTraining.Tests.Dg5fGraspLiftSpecTests.ArmActionRatePenaltyIsProportionalAndNormalisedByArmJointCount" methodname="ArmActionRatePenaltyIsProportionalAndNormalisedByArmJointCount" classname="KDT.GraspLiftTraining.Tests.Dg5fGraspLiftSpecTests" runstate="Runnable" seed="2125870254" result="Passed" start-time="2026-07-28 17:58:58Z" end-time="2026-07-28 17:58:58Z" duration="0.000301" asserts="0">
                <properties>
                  <property name="retryIteration" value="0" />
                  <property name="repeatIteration" value="0" />
                </properties>
              </test-case>
              <test-case id="1008" name="BlockCenterOfMassHeightFractionIsClampedAndMappedToLocalSpace" fullname="KDT.GraspLiftTraining.Tests.Dg5fGraspLiftSpecTests.BlockCenterOfMassHeightFractionIsClampedAndMappedToLocalSpace" methodname="BlockCenterOfMassHeightFractionIsClampedAndMappedToLocalSpace" classname="KDT.GraspLiftTraining.Tests.Dg5fGraspLiftSpecTests" runstate="Runnable" seed="1038409330" result="Passed" start-time="2026-07-28 17:58:58Z" end-time="2026-07-28 17:58:58Z" duration="0.000244" asserts="0">
                <properties>
                  <property name="retryIteration" value="0" />
                  <property name="repeatIteration" value="0" />
                </properties>
              </test-case>
              <test-case id="1003" name="BlockHeightIsClampedAndRejectsNonFiniteValues" fullname="KDT.GraspLiftTraining.Tests.Dg5fGraspLiftSpecTests.BlockHeightIsClampedAndRejectsNonFiniteValues" methodname="BlockHeightIsClampedAndRejectsNonFiniteValues" classname="KDT.GraspLiftTraining.Tests.Dg5fGraspLiftSpecTests" runstate="Runnable" seed="658087621" result="Passed" start-time="2026-07-28 17:58:58Z" end-time="2026-07-28 17:58:58Z" duration="0.000133" asserts="0">
                <properties>
                  <property name="retryIteration" value="0" />
                  <property name="repeatIteration" value="0" />
                </properties>
              </test-case>
              <test-case id="1006" name="BlockMassFollowsBlockVolume" fullname="KDT.GraspLiftTraining.Tests.Dg5fGraspLiftSpecTests.BlockMassFollowsBlockVolume" methodname="BlockMassFollowsBlockVolume" classname="KDT.GraspLiftTraining.Tests.Dg5fGraspLiftSpecTests" runstate="Runnable" seed="726858914" result="Passed" start-time="2026-07-28 17:58:58Z" end-time="2026-07-28 17:58:58Z" duration="0.000146" asserts="0">
                <properties>
                  <property name="retryIteration" value="0" />
                  <property name="repeatIteration" value="0" />
                </properties>
              </test-case>
              <test-case id="1002" name="BlockWidthIsClampedToASensibleRange" fullname="KDT.GraspLiftTraining.Tests.Dg5fGraspLiftSpecTests.BlockWidthIsClampedToASensibleRange" methodname="BlockWidthIsClampedToASensibleRange" classname="KDT.GraspLiftTraining.Tests.Dg5fGraspLiftSpecTests" runstate="Runnable" seed="1524905095" result="Passed" start-time="2026-07-28 17:58:58Z" end-time="2026-07-28 17:58:58Z" duration="0.000110" asserts="0">
                <properties>
                  <property name="retryIteration" value="0" />
                  <property name="repeatIteration" value="0" />
                </properties>
              </test-case>
              <test-case id="1042" name="ClosedEmptyHandAscentIsFlaggedOnlyWithoutAGrasp" fullname="KDT.GraspLiftTraining.Tests.Dg5fGraspLiftSpecTests.ClosedEmptyHandAscentIsFlaggedOnlyWithoutAGrasp" methodname="ClosedEmptyHandAscentIsFlaggedOnlyWithoutAGrasp" classname="KDT.GraspLiftTraining.Tests.Dg5fGraspLiftSpecTests" runstate="Runnable" seed="1430412262" result="Passed" start-time="2026-07-28 17:58:58Z" end-time="2026-07-28 17:58:58Z" duration="0.000368" asserts="0">
                <properties>
                  <property name="retryIteration" value="0" />
                  <property name="repeatIteration" value="0" />
                </properties>
              </test-case>
              <test-case id="1021" name="ClosingAwayFromTheObjectIsPenalisedAndOpeningIsFree" fullname="KDT.GraspLiftTraining.Tests.Dg5fGraspLiftSpecTests.ClosingAwayFromTheObjectIsPenalisedAndOpeningIsFree" methodname="ClosingAwayFromTheObjectIsPenalisedAndOpeningIsFree" classname="KDT.GraspLiftTraining.Tests.Dg5fGraspLiftSpecTests" runstate="Runnable" seed="942081786" result="Passed" start-time="2026-07-28 17:58:58Z" end-time="2026-07-28 17:58:58Z" duration="0.000334" asserts="0">
                <properties>
                  <property name="retryIteration" value="0" />
                  <property name="repeatIteration" value="0" />
                </properties>
              </test-case>
              <test-case id="1023" name="ClosingIsWorthMoreThanTheRiskOfNudgingTheBlock" fullname="KDT.GraspLiftTraining.Tests.Dg5fGraspLiftSpecTests.ClosingIsWorthMoreThanTheRiskOfNudgingTheBlock" methodname="ClosingIsWorthMoreThanTheRiskOfNudgingTheBlock" classname="KDT.GraspLiftTraining.Tests.Dg5fGraspLiftSpecTests" runstate="Runnable" seed="1292374643" result="Passed" start-time="2026-07-28 17:58:58Z" end-time="2026-07-28 17:58:58Z" duration="0.000417" asserts="0">
                <properties>
                  <property name="retryIteration" value="0" />
                  <property name="repeatIteration" value="0" />
                </properties>
              </test-case>
              <test-case id="1015" name="ClosingOnlyCountsInsideTheHandsGraspVolume" fullname="KDT.GraspLiftTraining.Tests.Dg5fGraspLiftSpecTests.ClosingOnlyCountsInsideTheHandsGraspVolume" methodname="ClosingOnlyCountsInsideTheHandsGraspVolume" classname="KDT.GraspLiftTraining.Tests.Dg5fGraspLiftSpecTests" runstate="Runnable" seed="473099311" result="Passed" start-time="2026-07-28 17:58:58Z" end-time="2026-07-28 17:58:58Z" duration="0.000095" asserts="0">
                <properties>
                  <property name="retryIteration" value="0" />
                  <property name="repeatIteration" value="0" />
                </properties>
              </test-case>
              <test-case id="1020" name="ClosingOnlyEarnsPotentialNextToTheObject" fullname="KDT.GraspLiftTraining.Tests.Dg5fGraspLiftSpecTests.ClosingOnlyEarnsPotentialNextToTheObject" methodname="ClosingOnlyEarnsPotentialNextToTheObject" classname="KDT.GraspLiftTraining.Tests.Dg5fGraspLiftSpecTests" runstate="Runnable" seed="2059807533" result="Passed" start-time="2026-07-28 17:58:58Z" end-time="2026-07-28 17:58:58Z" duration="0.000206" asserts="0">
                <properties>
                  <property name="retryIteration" value="0" />
                  <property name="repeatIteration" value="0" />
                </properties>
              </test-case>
              <test-case id="1022" name="ClosingRewardSaturatesAtTheBestGripClosure" fullname="KDT.GraspLiftTraining.Tests.Dg5fGraspLiftSpecTests.ClosingRewardSaturatesAtTheBestGripClosure" methodname="ClosingRewardSaturatesAtTheBestGripClosure" classname="KDT.GraspLiftTraining.Tests.Dg5fGraspLiftSpecTests" runstate="Runnable" seed="1049048991" result="Passed" start-time="2026-07-28 17:58:58Z" end-time="2026-07-28 17:58:58Z" duration="0.000127" asserts="0">
                <properties>
                  <property name="retryIteration" value="0" />
                  <property name="repeatIteration" value="0" />
                </properties>
              </test-case>
              <test-case id="1045" name="ConfirmedGraspMayReorientPastTheToppleLimit" fullname="KDT.GraspLiftTraining.Tests.Dg5fGraspLiftSpecTests.ConfirmedGraspMayReorientPastTheToppleLimit" methodname="ConfirmedGraspMayReorientPastTheToppleLimit" classname="KDT.GraspLiftTraining.Tests.Dg5fGraspLiftSpecTests" runstate="Runnable" seed="1929366760" result="Passed" start-time="2026-07-28 17:58:58Z" end-time="2026-07-28 17:58:58Z" duration="0.000147" asserts="0">
                <properties>
                  <property name="retryIteration" value="0" />
                  <property name="repeatIteration" value="0" />
                </properties>
              </test-case>
              <test-case id="1004" name="CurrentBlockHalfHeightTracksCurrentBlockHeight" fullname="KDT.GraspLiftTraining.Tests.Dg5fGraspLiftSpecTests.CurrentBlockHalfHeightTracksCurrentBlockHeight" methodname="CurrentBlockHalfHeightTracksCurrentBlockHeight" classname="KDT.GraspLiftTraining.Tests.Dg5fGraspLiftSpecTests" runstate="Runnable" seed="184064188" result="Passed" start-time="2026-07-28 17:58:58Z" end-time="2026-07-28 17:58:58Z" duration="0.000170" asserts="0">
                <properties>
                  <property name="retryIteration" value="0" />
                  <property name="repeatIteration" value="0" />
                </properties>
              </test-case>
              <test-case id="1011" name="CurriculumMonotonicallyTightensTheLiftContract" fullname="KDT.GraspLiftTraining.Tests.Dg5fGraspLiftSpecTests.CurriculumMonotonicallyTightensTheLiftContract" methodname="CurriculumMonotonicallyTightensTheLiftContract" classname="KDT.GraspLiftTraining.Tests.Dg5fGraspLiftSpecTests" runstate="Runnable" seed="299935908" result="Passed" start-time="2026-07-28 17:58:58Z" end-time="2026-07-28 17:58:58Z" duration="0.000157" asserts="0">
                <properties>
                  <property name="retryIteration" value="0" />
                  <property name="repeatIteration" value="0" />
                </properties>
              </test-case>
              <test-case id="1005" name="DefaultBlockHeightMatchesThePromotedGeometry" fullname="KDT.GraspLiftTraining.Tests.Dg5fGraspLiftSpecTests.DefaultBlockHeightMatchesThePromotedGeometry" methodname="DefaultBlockHeightMatchesThePromotedGeometry" classname="KDT.GraspLiftTraining.Tests.Dg5fGraspLiftSpecTests" runstate="Runnable" seed="1691757840" result="Passed" start-time="2026-07-28 17:58:58Z" end-time="2026-07-28 17:58:58Z" duration="0.000097" asserts="0">
                <properties>
                  <property name="retryIteration" value="0" />
                  <property name="repeatIteration" value="0" />
                </properties>
              </test-case>
              <test-case id="1007" name="DefaultBlockWidthFitsTheMeasuredHandAperture" fullname="KDT.GraspLiftTraining.Tests.Dg5fGraspLiftSpecTests.DefaultBlockWidthFitsTheMeasuredHandAperture" methodname="DefaultBlockWidthFitsTheMeasuredHandAperture" classname="KDT.GraspLiftTraining.Tests.Dg5fGraspLiftSpecTests" runstate="Runnable" seed="957649508" result="Passed" start-time="2026-07-28 17:58:58Z" end-time="2026-07-28 17:58:58Z" duration="0.000087" asserts="0">
                <properties>
                  <property name="retryIteration" value="0" />
                  <property name="repeatIteration" value="0" />
                </properties>
              </test-case>
              <test-case id="1040" name="DefaultGraspPosturePenaltyIsInertAtEveryAngle" fullname="KDT.GraspLiftTraining.Tests.Dg5fGraspLiftSpecTests.DefaultGraspPosturePenaltyIsInertAtEveryAngle" methodname="DefaultGraspPosturePenaltyIsInertAtEveryAngle" classname="KDT.GraspLiftTraining.Tests.Dg5fGraspLiftSpecTests" runstate="Runnable" seed="215004935" result="Passed" start-time="2026-07-28 17:58:58Z" end-time="2026-07-28 17:58:58Z" duration="0.000205" asserts="0">
                <properties>
                  <property name="retryIteration" value="0" />
                  <property name="repeatIteration" value="0" />
                </properties>
              </test-case>
              <test-case id="1050" name="EpisodeTimesOutAtTheContractedLimit" fullname="KDT.GraspLiftTraining.Tests.Dg5fGraspLiftSpecTests.EpisodeTimesOutAtTheContractedLimit" methodname="EpisodeTimesOutAtTheContractedLimit" classname="KDT.GraspLiftTraining.Tests.Dg5fGraspLiftSpecTests" runstate="Runnable" seed="847691576" result="Passed" start-time="2026-07-28 17:58:58Z" end-time="2026-07-28 17:58:58Z" duration="0.000121" asserts="0">
                <properties>
                  <property name="retryIteration" value="0" />
                  <property name="repeatIteration" value="0" />
                </properties>
              </test-case>
              <test-case id="1051" name="EverySampledSpawnIsValidAtEveryStage" fullname="KDT.GraspLiftTraining.Tests.Dg5fGraspLiftSpecTests.EverySampledSpawnIsValidAtEveryStage" methodname="EverySampledSpawnIsValidAtEveryStage" classname="KDT.GraspLiftTraining.Tests.Dg5fGraspLiftSpecTests" runstate="Runnable" seed="890484686" result="Passed" start-time="2026-07-28 17:58:58Z" end-time="2026-07-28 17:58:58Z" duration="0.001741" asserts="0">
                <properties>
                  <property name="retryIteration" value="0" />
                  <property name="repeatIteration" value="0" />
                </properties>
              </test-case>
              <test-case id="1049" name="FailurePenaltiesAreOrderedBySeverity" fullname="KDT.GraspLiftTraining.Tests.Dg5fGraspLiftSpecTests.FailurePenaltiesAreOrderedBySeverity" methodname="FailurePenaltiesAreOrderedBySeverity" classname="KDT.GraspLiftTraining.Tests.Dg5fGraspLiftSpecTests" runstate="Runnable" seed="1755590012" result="Passed" start-time="2026-07-28 17:58:58Z" end-time="2026-07-28 17:58:58Z" duration="0.000283" asserts="0">
                <properties>
                  <property name="retryIteration" value="0" />
                  <property name="repeatIteration" value="0" />
                </properties>
              </test-case>
              <test-case id="1014" name="FineApproachPotentialSaturatesOutsideItsRange" fullname="KDT.GraspLiftTraining.Tests.Dg5fGraspLiftSpecTests.FineApproachPotentialSaturatesOutsideItsRange" methodname="FineApproachPotentialSaturatesOutsideItsRange" classname="KDT.GraspLiftTraining.Tests.Dg5fGraspLiftSpecTests" runstate="Runnable" seed="1569433651" result="Passed" start-time="2026-07-28 17:58:58Z" end-time="2026-07-28 17:58:58Z" duration="0.000157" asserts="0">
                <properties>
                  <property name="retryIteration" value="0" />
                  <property name="repeatIteration" value="0" />
                </properties>
              </test-case>
              <test-case id="1031" name="GraspIsOnlyConfirmedAfterTheFullDwell" fullname="KDT.GraspLiftTraining.Tests.Dg5fGraspLiftSpecTests.GraspIsOnlyConfirmedAfterTheFullDwell" methodname="GraspIsOnlyConfirmedAfterTheFullDwell" classname="KDT.GraspLiftTraining.Tests.Dg5fGraspLiftSpecTests" runstate="Runnable" seed="404405762" result="Passed" start-time="2026-07-28 17:58:58Z" end-time="2026-07-28 17:58:58Z" duration="0.000226" asserts="0">
                <properties>
                  <property name="retryIteration" value="0" />
                  <property name="repeatIteration" value="0" />
                </properties>
              </test-case>
              <test-case id="1039" name="GraspPosturePenaltyOnlyChargesBadUnconfirmedPoseAtTheBlock" fullname="KDT.GraspLiftTraining.Tests.Dg5fGraspLiftSpecTests.GraspPosturePenaltyOnlyChargesBadUnconfirmedPoseAtTheBlock" methodname="GraspPosturePenaltyOnlyChargesBadUnconfirmedPoseAtTheBlock" classname="KDT.GraspLiftTraining.Tests.Dg5fGraspLiftSpecTests" runstate="Runnable" seed="895532453" result="Passed" start-time="2026-07-28 17:58:58Z" end-time="2026-07-28 17:58:58Z" duration="0.000187" asserts="0">
                <properties>
                  <property name="retryIteration" value="0" />
                  <property name="repeatIteration" value="0" />
                </properties>
              </test-case>
              <test-case id="1041" name="GraspPosturePenaltyScaleClampsAndRejectsNonFinite" fullname="KDT.GraspLiftTraining.Tests.Dg5fGraspLiftSpecTests.GraspPosturePenaltyScaleClampsAndRejectsNonFinite" methodname="GraspPosturePenaltyScaleClampsAndRejectsNonFinite" classname="KDT.GraspLiftTraining.Tests.Dg5fGraspLiftSpecTests" runstate="Runnable" seed="977484665" result="Passed" start-time="2026-07-28 17:58:58Z" end-time="2026-07-28 17:58:58Z" duration="0.000127" asserts="0">
                <properties>
                  <property name="retryIteration" value="0" />
                  <property name="repeatIteration" value="0" />
                </properties>
              </test-case>
              <test-case id="1010" name="GraspStageIsClampedAndRounded" fullname="KDT.GraspLiftTraining.Tests.Dg5fGraspLiftSpecTests.GraspStageIsClampedAndRounded" methodname="GraspStageIsClampedAndRounded" classname="KDT.GraspLiftTraining.Tests.Dg5fGraspLiftSpecTests" runstate="Runnable" seed="812830615" result="Passed" start-time="2026-07-28 17:58:58Z" end-time="2026-07-28 17:58:58Z" duration="0.000454" asserts="0">
                <properties>
                  <property name="retryIteration" value="0" />
                  <property name="repeatIteration" value="0" />
                </properties>
              </test-case>
              <test-case id="1037" name="HandSurfaceContactPenaltyOnlyChargesPreGraspPositiveFiniteTime" fullname="KDT.GraspLiftTraining.Tests.Dg5fGraspLiftSpecTests.HandSurfaceContactPenaltyOnlyChargesPreGraspPositiveFiniteTime" methodname="HandSurfaceContactPenaltyOnlyChargesPreGraspPositiveFiniteTime" classname="KDT.GraspLiftTraining.Tests.Dg5fGraspLiftSpecTests" runstate="Runnable" seed="551547769" result="Passed" start-time="2026-07-28 17:58:58Z" end-time="2026-07-28 17:58:58Z" duration="0.000197" asserts="0">
                <properties>
                  <property name="retryIteration" value="0" />
                  <property name="repeatIteration" value="0" />
                </properties>
              </test-case>
              <test-case id="1038" name="HandSurfacePenaltyScaleClampsRejectsNonFiniteAndCanBeDisabled" fullname="KDT.GraspLiftTraining.Tests.Dg5fGraspLiftSpecTests.HandSurfacePenaltyScaleClampsRejectsNonFiniteAndCanBeDisabled" methodname="HandSurfacePenaltyScaleClampsRejectsNonFiniteAndCanBeDisabled" classname="KDT.GraspLiftTraining.Tests.Dg5fGraspLiftSpecTests" runstate="Runnable" seed="1280499689" result="Passed" start-time="2026-07-28 17:58:58Z" end-time="2026-07-28 17:58:58Z" duration="0.000173" asserts="0">
                <properties>
                  <property name="retryIteration" value="0" />
                  <property name="repeatIteration" value="0" />
                </properties>
              </test-case>
              <test-case id="1034" name="LiftHeightIsMeasuredAgainstTheSpawnHeight" fullname="KDT.GraspLiftTraining.Tests.Dg5fGraspLiftSpecTests.LiftHeightIsMeasuredAgainstTheSpawnHeight" methodname="LiftHeightIsMeasuredAgainstTheSpawnHeight" classname="KDT.GraspLiftTraining.Tests.Dg5fGraspLiftSpecTests" runstate="Runnable" seed="73120363" result="Passed" start-time="2026-07-28 17:58:58Z" end-time="2026-07-28 17:58:58Z" duration="0.000168" asserts="0">
                <properties>
                  <property name="retryIteration" value="0" />
                  <property name="repeatIteration" value="0" />
                </properties>
              </test-case>
              <test-case id="1032" name="LiftPotentialTracksHeightAndSaturatesAtTheTarget" fullname="KDT.GraspLiftTraining.Tests.Dg5fGraspLiftSpecTests.LiftPotentialTracksHeightAndSaturatesAtTheTarget" methodname="LiftPotentialTracksHeightAndSaturatesAtTheTarget" classname="KDT.GraspLiftTraining.Tests.Dg5fGraspLiftSpecTests" runstate="Runnable" seed="57321275" result="Passed" start-time="2026-07-28 17:58:58Z" end-time="2026-07-28 17:58:58Z" duration="0.000199" asserts="0">
                <properties>
                  <property name="retryIteration" value="0" />
                  <property name="repeatIteration" value="0" />
                </properties>
              </test-case>
              <test-case id="1055" name="NonFiniteInputsNeverProduceNonFiniteRewards" fullname="KDT.GraspLiftTraining.Tests.Dg5fGraspLiftSpecTests.NonFiniteInputsNeverProduceNonFiniteRewards" methodname="NonFiniteInputsNeverProduceNonFiniteRewards" classname="KDT.GraspLiftTraining.Tests.Dg5fGraspLiftSpecTests" runstate="Runnable" seed="729191114" result="Passed" start-time="2026-07-28 17:58:58Z" end-time="2026-07-28 17:58:58Z" duration="0.000434" asserts="0">
                <properties>
                  <property name="retryIteration" value="0" />
                  <property name="repeatIteration" value="0" />
                </properties>
              </test-case>
              <test-case id="1056" name="NormalizeJointMapsLimitsToMinusOneAndOne" fullname="KDT.GraspLiftTraining.Tests.Dg5fGraspLiftSpecTests.NormalizeJointMapsLimitsToMinusOneAndOne" methodname="NormalizeJointMapsLimitsToMinusOneAndOne" classname="KDT.GraspLiftTraining.Tests.Dg5fGraspLiftSpecTests" runstate="Runnable" seed="435372187" result="Passed" start-time="2026-07-28 17:58:58Z" end-time="2026-07-28 17:58:58Z" duration="0.000174" asserts="0">
                <properties>
                  <property name="retryIteration" value="0" />
                  <property name="repeatIteration" value="0" />
                </properties>
              </test-case>
              <test-case id="1030" name="ObjectMustSitInsideTheContactCage" fullname="KDT.GraspLiftTraining.Tests.Dg5fGraspLiftSpecTests.ObjectMustSitInsideTheContactCage" methodname="ObjectMustSitInsideTheContactCage" classname="KDT.GraspLiftTraining.Tests.Dg5fGraspLiftSpecTests" runstate="Runnable" seed="2018534882" result="Passed" start-time="2026-07-28 17:58:58Z" end-time="2026-07-28 17:58:58Z" duration="0.000263" asserts="0">
                <properties>
                  <property name="retryIteration" value="0" />
                  <property name="repeatIteration" value="0" />
                </properties>
              </test-case>
              <test-case id="1044" name="ObjectTiltMeasuresAlignmentAndRejectsInvalidVectors" fullname="KDT.GraspLiftTraining.Tests.Dg5fGraspLiftSpecTests.ObjectTiltMeasuresAlignmentAndRejectsInvalidVectors" methodname="ObjectTiltMeasuresAlignmentAndRejectsInvalidVectors" classname="KDT.GraspLiftTraining.Tests.Dg5fGraspLiftSpecTests" runstate="Runnable" seed="540087972" result="Passed" start-time="2026-07-28 17:58:58Z" end-time="2026-07-28 17:58:58Z" duration="0.000534" asserts="0">
                <properties>
                  <property name="retryIteration" value="0" />
                  <property name="repeatIteration" value="0" />
                </properties>
              </test-case>
              <test-case id="1046" name="ObjectTopplesAtOrAboveTheConfiguredLimit" fullname="KDT.GraspLiftTraining.Tests.Dg5fGraspLiftSpecTests.ObjectTopplesAtOrAboveTheConfiguredLimit" methodname="ObjectTopplesAtOrAboveTheConfiguredLimit" classname="KDT.GraspLiftTraining.Tests.Dg5fGraspLiftSpecTests" runstate="Runnable" seed="1256727809" result="Passed" start-time="2026-07-28 17:58:58Z" end-time="2026-07-28 17:58:58Z" duration="0.000126" asserts="0">
                <properties>
                  <property name="retryIteration" value="0" />
                  <property name="repeatIteration" value="0" />
                </properties>
              </test-case>
              <test-case id="1027" name="OpposedContactsAroundTheObjectAreAGrasp" fullname="KDT.GraspLiftTraining.Tests.Dg5fGraspLiftSpecTests.OpposedContactsAroundTheObjectAreAGrasp" methodname="OpposedContactsAroundTheObjectAreAGrasp" classname="KDT.GraspLiftTraining.Tests.Dg5fGraspLiftSpecTests" runstate="Runnable" seed="69176989" result="Passed" start-time="2026-07-28 17:58:58Z" end-time="2026-07-28 17:58:58Z" duration="0.000164" asserts="0">
                <properties>
                  <property name="retryIteration" value="0" />
                  <property name="repeatIteration" value="0" />
                </properties>
              </test-case>
              <test-case id="1025" name="OppositionAngleFindsTheWidestContactPair" fullname="KDT.GraspLiftTraining.Tests.Dg5fGraspLiftSpecTests.OppositionAngleFindsTheWidestContactPair" methodname="OppositionAngleFindsTheWidestContactPair" classname="KDT.GraspLiftTraining.Tests.Dg5fGraspLiftSpecTests" runstate="Runnable" seed="1158811108" result="Passed" start-time="2026-07-28 17:58:58Z" end-time="2026-07-28 17:58:58Z" duration="0.000177" asserts="0">
                <properties>
                  <property name="retryIteration" value="0" />
                  <property name="repeatIteration" value="0" />
                </properties>
              </test-case>
              <test-case id="1048" name="OutOfBoundsCoversFallingOffAndFlyingAway" fullname="KDT.GraspLiftTraining.Tests.Dg5fGraspLiftSpecTests.OutOfBoundsCoversFallingOffAndFlyingAway" methodname="OutOfBoundsCoversFallingOffAndFlyingAway" classname="KDT.GraspLiftTraining.Tests.Dg5fGraspLiftSpecTests" runstate="Runnable" seed="355827057" result="Passed" start-time="2026-07-28 17:58:58Z" end-time="2026-07-28 17:58:58Z" duration="0.000315" asserts="0">
                <properties>
                  <property name="retryIteration" value="0" />
                  <property name="repeatIteration" value="0" />
                </properties>
              </test-case>
              <test-case id="1026" name="PokingFromOneSideIsNotAGrasp" fullname="KDT.GraspLiftTraining.Tests.Dg5fGraspLiftSpecTests.PokingFromOneSideIsNotAGrasp" methodname="PokingFromOneSideIsNotAGrasp" classname="KDT.GraspLiftTraining.Tests.Dg5fGraspLiftSpecTests" runstate="Runnable" seed="974425613" result="Passed" start-time="2026-07-28 17:58:58Z" end-time="2026-07-28 17:58:58Z" duration="0.000194" asserts="0">
                <properties>
                  <property name="retryIteration" value="0" />
                  <property name="repeatIteration" value="0" />
                </properties>
              </test-case>
              <test-case id="1009" name="PolicyShapeMatchesTheTransferableReachContract" fullname="KDT.GraspLiftTraining.Tests.Dg5fGraspLiftSpecTests.PolicyShapeMatchesTheTransferableReachContract" methodname="PolicyShapeMatchesTheTransferableReachContract" classname="KDT.GraspLiftTraining.Tests.Dg5fGraspLiftSpecTests" runstate="Runnable" seed="636484022" result="Passed" start-time="2026-07-28 17:58:58Z" end-time="2026-07-28 17:58:58Z" duration="0.000157" asserts="0">
                <properties>
                  <property name="retryIteration" value="0" />
                  <property name="repeatIteration" value="0" />
                </properties>
              </test-case>
              <test-case id="1024" name="PumpingTheFingersCannotFarmReward" fullname="KDT.GraspLiftTraining.Tests.Dg5fGraspLiftSpecTests.PumpingTheFingersCannotFarmReward" methodname="PumpingTheFingersCannotFarmReward" classname="KDT.GraspLiftTraining.Tests.Dg5fGraspLiftSpecTests" runstate="Runnable" seed="208627520" result="Passed" start-time="2026-07-28 17:58:58Z" end-time="2026-07-28 17:58:58Z" duration="0.000175" asserts="0">
                <properties>
                  <property name="retryIteration" value="0" />
                  <property name="repeatIteration" value="0" />
                </properties>
              </test-case>
              <test-case id="1043" name="ShovingTheBlockAcrossThePanelEndsTheAttempt" fullname="KDT.GraspLiftTraining.Tests.Dg5fGraspLiftSpecTests.ShovingTheBlockAcrossThePanelEndsTheAttempt" methodname="ShovingTheBlockAcrossThePanelEndsTheAttempt" classname="KDT.GraspLiftTraining.Tests.Dg5fGraspLiftSpecTests" runstate="Runnable" seed="1511128848" result="Passed" start-time="2026-07-28 17:58:58Z" end-time="2026-07-28 17:58:58Z" duration="0.000446" asserts="0">
                <properties>
                  <property name="retryIteration" value="0" />
                  <property name="repeatIteration" value="0" />
                </properties>
              </test-case>
              <test-case id="1054" name="SpawnRadiusStaysInsideTheCurrentStageAnnulus" fullname="KDT.GraspLiftTraining.Tests.Dg5fGraspLiftSpecTests.SpawnRadiusStaysInsideTheCurrentStageAnnulus" methodname="SpawnRadiusStaysInsideTheCurrentStageAnnulus" classname="KDT.GraspLiftTraining.Tests.Dg5fGraspLiftSpecTests" runstate="Runnable" seed="1061219526" result="Passed" start-time="2026-07-28 17:58:58Z" end-time="2026-07-28 17:58:58Z" duration="0.000738" asserts="0">
                <properties>
                  <property name="retryIteration" value="0" />
                  <property name="repeatIteration" value="0" />
                </properties>
              </test-case>
              <test-case id="1053" name="SpawnsRestOnThePanelTop" fullname="KDT.GraspLiftTraining.Tests.Dg5fGraspLiftSpecTests.SpawnsRestOnThePanelTop" methodname="SpawnsRestOnThePanelTop" classname="KDT.GraspLiftTraining.Tests.Dg5fGraspLiftSpecTests" runstate="Runnable" seed="1650783937" result="Passed" start-time="2026-07-28 17:58:58Z" end-time="2026-07-28 17:58:58Z" duration="0.000266" asserts="0">
                <properties>
                  <property name="retryIteration" value="0" />
                  <property name="repeatIteration" value="0" />
                </properties>
              </test-case>
              <test-case id="1052" name="TallerBlockSpawnStillValidates" fullname="KDT.GraspLiftTraining.Tests.Dg5fGraspLiftSpecTests.TallerBlockSpawnStillValidates" methodname="TallerBlockSpawnStillValidates" classname="KDT.GraspLiftTraining.Tests.Dg5fGraspLiftSpecTests" runstate="Runnable" seed="1584907144" result="Passed" start-time="2026-07-28 17:58:58Z" end-time="2026-07-28 17:58:58Z" duration="0.000334" asserts="0">
                <properties>
                  <property name="retryIteration" value="0" />
                  <property name="repeatIteration" value="0" />
                </properties>
              </test-case>
              <test-case id="1028" name="TooFewContactsIsNeverAGrasp" fullname="KDT.GraspLiftTraining.Tests.Dg5fGraspLiftSpecTests.TooFewContactsIsNeverAGrasp" methodname="TooFewContactsIsNeverAGrasp" classname="KDT.GraspLiftTraining.Tests.Dg5fGraspLiftSpecTests" runstate="Runnable" seed="334470736" result="Passed" start-time="2026-07-28 17:58:58Z" end-time="2026-07-28 17:58:58Z" duration="0.000230" asserts="0">
                <properties>
                  <property name="retryIteration" value="0" />
                  <property name="repeatIteration" value="0" />
                </properties>
              </test-case>
              <test-case id="1017" name="TopDownAlignmentIsOneWhenTheGraspAxisPointsStraightDown" fullname="KDT.GraspLiftTraining.Tests.Dg5fGraspLiftSpecTests.TopDownAlignmentIsOneWhenTheGraspAxisPointsStraightDown" methodname="TopDownAlignmentIsOneWhenTheGraspAxisPointsStraightDown" classname="KDT.GraspLiftTraining.Tests.Dg5fGraspLiftSpecTests" runstate="Runnable" seed="1680767961" result="Passed" start-time="2026-07-28 17:58:58Z" end-time="2026-07-28 17:58:58Z" duration="0.000601" asserts="0">
                <properties>
                  <property name="retryIteration" value="0" />
                  <property name="repeatIteration" value="0" />
                </properties>
              </test-case>
              <test-case id="1019" name="TopDownPotentialMaximumIsTunableClampedAndRejectsNonFinite" fullname="KDT.GraspLiftTraining.Tests.Dg5fGraspLiftSpecTests.TopDownPotentialMaximumIsTunableClampedAndRejectsNonFinite" methodname="TopDownPotentialMaximumIsTunableClampedAndRejectsNonFinite" classname="KDT.GraspLiftTraining.Tests.Dg5fGraspLiftSpecTests" runstate="Runnable" seed="928941347" result="Passed" start-time="2026-07-28 17:58:58Z" end-time="2026-07-28 17:58:58Z" duration="0.000349" asserts="0">
                <properties>
                  <property name="retryIteration" value="0" />
                  <property name="repeatIteration" value="0" />
                </properties>
              </test-case>
              <test-case id="1018" name="TopDownPotentialOnlyPaysCloseToAndAboveTheObject" fullname="KDT.GraspLiftTraining.Tests.Dg5fGraspLiftSpecTests.TopDownPotentialOnlyPaysCloseToAndAboveTheObject" methodname="TopDownPotentialOnlyPaysCloseToAndAboveTheObject" classname="KDT.GraspLiftTraining.Tests.Dg5fGraspLiftSpecTests" runstate="Runnable" seed="990839994" result="Passed" start-time="2026-07-28 17:58:58Z" end-time="2026-07-28 17:58:58Z" duration="0.000206" asserts="0">
                <properties>
                  <property name="retryIteration" value="0" />
                  <property name="repeatIteration" value="0" />
                </properties>
              </test-case>
              <test-case id="1047" name="ToppleLimitIsClampedAndCanDisableTheRule" fullname="KDT.GraspLiftTraining.Tests.Dg5fGraspLiftSpecTests.ToppleLimitIsClampedAndCanDisableTheRule" methodname="ToppleLimitIsClampedAndCanDisableTheRule" classname="KDT.GraspLiftTraining.Tests.Dg5fGraspLiftSpecTests" runstate="Runnable" seed="1165234807" result="Passed" start-time="2026-07-28 17:58:58Z" end-time="2026-07-28 17:58:58Z" duration="0.000150" asserts="0">
                <properties>
                  <property name="retryIteration" value="0" />
                  <property name="repeatIteration" value="0" />
                </properties>
              </test-case>
            </test-suite>
          </test-suite>
        </test-suite>
      </test-suite>
    </test-suite>
    <test-suite type="Assembly" id="1079" name="KDT.GraspTraining.Tests.dll" fullname="/home/lkb/workspace/KDT_1_AX_rtauto/unity/Library/ScriptAssemblies/KDT.GraspTraining.Tests.dll" runstate="Runnable" testcasecount="16" result="Passed" start-time="2026-07-28 17:58:58Z" end-time="2026-07-28 17:58:58Z" duration="0.060911" total="16" passed="16" failed="0" inconclusive="0" skipped="0" asserts="0">
      <properties>
        <property name="_PID" value="369848" />
        <property name="_APPDOMAIN" value="Unity Child Domain" />
        <property name="platform" value="EditMode" />
        <property name="EditorOnly" value="True" />
      </properties>
      <test-suite type="TestSuite" id="1080" name="KDT" fullname="KDT" runstate="Runnable" testcasecount="16" result="Passed" start-time="2026-07-28 17:58:58Z" end-time="2026-07-28 17:58:58Z" duration="0.059240" total="16" passed="16" failed="0" inconclusive="0" skipped="0" asserts="0">
        <properties />
        <test-suite type="TestSuite" id="1081" name="GraspTraining" fullname="KDT.GraspTraining" runstate="Runnable" testcasecount="16" result="Passed" start-time="2026-07-28 17:58:58Z" end-time="2026-07-28 17:58:58Z" duration="0.058047" total="16" passed="16" failed="0" inconclusive="0" skipped="0" asserts="0">
          <properties />
          <test-suite type="TestSuite" id="1082" name="Tests" fullname="KDT.GraspTraining.Tests" runstate="Runnable" testcasecount="16" result="Passed" start-time="2026-07-28 17:58:58Z" end-time="2026-07-28 17:58:58Z" duration="0.057385" total="16" passed="16" failed="0" inconclusive="0" skipped="0" asserts="0">
            <properties />
            <test-suite type="TestFixture" id="1061" name="Dg5fGraspModelTests" fullname="KDT.GraspTraining.Tests.Dg5fGraspModelTests" classname="KDT.GraspTraining.Tests.Dg5fGraspModelTests" runstate="Runnable" testcasecount="1" result="Passed" start-time="2026-07-28 17:58:58Z" end-time="2026-07-28 17:58:58Z" duration="0.038919" total="1" passed="1" failed="0" inconclusive="0" skipped="0" asserts="0">
              <properties />
              <test-case id="1062" name="Existing599887OnnxStillImportsAndLoads" fullname="KDT.GraspTraining.Tests.Dg5fGraspModelTests.Existing599887OnnxStillImportsAndLoads" methodname="Existing599887OnnxStillImportsAndLoads" classname="KDT.GraspTraining.Tests.Dg5fGraspModelTests" runstate="Runnable" seed="1572999816" result="Passed" start-time="2026-07-28 17:58:58Z" end-time="2026-07-28 17:58:58Z" duration="0.038100" asserts="0">
                <properties>
                  <property name="retryIteration" value="0" />
                  <property name="repeatIteration" value="0" />
                </properties>
              </test-case>
            </test-suite>
            <test-suite type="TestFixture" id="1063" name="Dg5fGraspSpecTests" fullname="KDT.GraspTraining.Tests.Dg5fGraspSpecTests" classname="KDT.GraspTraining.Tests.Dg5fGraspSpecTests" runstate="Runnable" testcasecount="15" result="Passed" start-time="2026-07-28 17:58:58Z" end-time="2026-07-28 17:58:58Z" duration="0.017599" total="15" passed="15" failed="0" inconclusive="0" skipped="0" asserts="0">
              <properties />
              <test-case id="1078" name="AbortedDescentsReceiveTheSofterNavigationPenalty" fullname="KDT.GraspTraining.Tests.Dg5fGraspSpecTests.AbortedDescentsReceiveTheSofterNavigationPenalty" methodname="AbortedDescentsReceiveTheSofterNavigationPenalty" classname="KDT.GraspTraining.Tests.Dg5fGraspSpecTests" runstate="Runnable" seed="1146643613" result="Passed" start-time="2026-07-28 17:58:58Z" end-time="2026-07-28 17:58:58Z" duration="0.001729" asserts="0">
                <properties>
                  <property name="retryIteration" value="0" />
                  <property name="repeatIteration" value="0" />
                </properties>
              </test-case>
              <test-case id="1065" name="ApproachPotentialRewardsProgressAndReversesOnRetreat" fullname="KDT.GraspTraining.Tests.Dg5fGraspSpecTests.ApproachPotentialRewardsProgressAndReversesOnRetreat" methodname="ApproachPotentialRewardsProgressAndReversesOnRetreat" classname="KDT.GraspTraining.Tests.Dg5fGraspSpecTests" runstate="Runnable" seed="1395365670" result="Passed" start-time="2026-07-28 17:58:58Z" end-time="2026-07-28 17:58:58Z" duration="0.000400" asserts="0">
                <properties>
                  <property name="retryIteration" value="0" />
                  <property name="repeatIteration" value="0" />
                </properties>
              </test-case>
              <test-case id="1066" name="ApproachSuccessUsesTheExactFiveCentimeterBoundaryOnThePalmSide" fullname="KDT.GraspTraining.Tests.Dg5fGraspSpecTests.ApproachSuccessUsesTheExactFiveCentimeterBoundaryOnThePalmSide" methodname="ApproachSuccessUsesTheExactFiveCentimeterBoundaryOnThePalmSide" classname="KDT.GraspTraining.Tests.Dg5fGraspSpecTests" runstate="Runnable" seed="1141415540" result="Passed" start-time="2026-07-28 17:58:58Z" end-time="2026-07-28 17:58:58Z" duration="0.000705" asserts="0">
                <properties>
                  <property name="retryIteration" value="0" />
                  <property name="repeatIteration" value="0" />
                </properties>
              </test-case>
              <test-case id="1074" name="ArmSafeRangesAndNormalizationRemainStableForTransferLearning" fullname="KDT.GraspTraining.Tests.Dg5fGraspSpecTests.ArmSafeRangesAndNormalizationRemainStableForTransferLearning" methodname="ArmSafeRangesAndNormalizationRemainStableForTransferLearning" classname="KDT.GraspTraining.Tests.Dg5fGraspSpecTests" runstate="Runnable" seed="1815352740" result="Passed" start-time="2026-07-28 17:58:58Z" end-time="2026-07-28 17:58:58Z" duration="0.000647" asserts="0">
                <properties>
                  <property name="retryIteration" value="0" />
                  <property name="repeatIteration" value="0" />
                </properties>
              </test-case>
              <test-case id="1070" name="CurriculumSignalsAndNearTargetControlAreBounded" fullname="KDT.GraspTraining.Tests.Dg5fGraspSpecTests.CurriculumSignalsAndNearTargetControlAreBounded" methodname="CurriculumSignalsAndNearTargetControlAreBounded" classname="KDT.GraspTraining.Tests.Dg5fGraspSpecTests" runstate="Runnable" seed="2141838801" result="Passed" start-time="2026-07-28 17:58:58Z" end-time="2026-07-28 17:58:58Z" duration="0.000709" asserts="0">
                <properties>
                  <property name="retryIteration" value="0" />
                  <property name="repeatIteration" value="0" />
                </properties>
              </test-case>
              <test-case id="1075" name="EpisodeTimeoutAndBallSafetyRetainExactBoundaries" fullname="KDT.GraspTraining.Tests.Dg5fGraspSpecTests.EpisodeTimeoutAndBallSafetyRetainExactBoundaries" methodname="EpisodeTimeoutAndBallSafetyRetainExactBoundaries" classname="KDT.GraspTraining.Tests.Dg5fGraspSpecTests" runstate="Runnable" seed="979797946" result="Passed" start-time="2026-07-28 17:58:58Z" end-time="2026-07-28 17:58:58Z" duration="0.000591" asserts="0">
                <properties>
                  <property name="retryIteration" value="0" />
                  <property name="repeatIteration" value="0" />
                </properties>
              </test-case>
              <test-case id="1073" name="GripProfileInterpolatesAndClampsClosure" fullname="KDT.GraspTraining.Tests.Dg5fGraspSpecTests.GripProfileInterpolatesAndClampsClosure" methodname="GripProfileInterpolatesAndClampsClosure" classname="KDT.GraspTraining.Tests.Dg5fGraspSpecTests" runstate="Runnable" seed="720818472" result="Passed" start-time="2026-07-28 17:58:58Z" end-time="2026-07-28 17:58:58Z" duration="0.002678" asserts="0">
                <properties>
                  <property name="retryIteration" value="0" />
                  <property name="repeatIteration" value="0" />
                </properties>
              </test-case>
              <test-case id="1076" name="LowClearanceSafetyBlocksFloorSweepsWithoutChangingPolicyShape" fullname="KDT.GraspTraining.Tests.Dg5fGraspSpecTests.LowClearanceSafetyBlocksFloorSweepsWithoutChangingPolicyShape" methodname="LowClearanceSafetyBlocksFloorSweepsWithoutChangingPolicyShape" classname="KDT.GraspTraining.Tests.Dg5fGraspSpecTests" runstate="Runnable" seed="1981435784" result="Passed" start-time="2026-07-28 17:58:58Z" end-time="2026-07-28 17:58:58Z" duration="0.000671" asserts="0">
                <properties>
                  <property name="retryIteration" value="0" />
                  <property name="repeatIteration" value="0" />
                </properties>
              </test-case>
              <test-case id="1071" name="PalmFacingAlignmentRejectsBackOfHandApproachRewards" fullname="KDT.GraspTraining.Tests.Dg5fGraspSpecTests.PalmFacingAlignmentRejectsBackOfHandApproachRewards" methodname="PalmFacingAlignmentRejectsBackOfHandApproachRewards" classname="KDT.GraspTraining.Tests.Dg5fGraspSpecTests" runstate="Runnable" seed="370204109" result="Passed" start-time="2026-07-28 17:58:58Z" end-time="2026-07-28 17:58:58Z" duration="0.000418" asserts="0">
                <properties>
                  <property name="retryIteration" value="0" />
                  <property name="repeatIteration" value="0" />
                </properties>
              </test-case>
              <test-case id="1077" name="PhysicalSurfaceContactKeepsTheFullSafetyPenalty" fullname="KDT.GraspTraining.Tests.Dg5fGraspSpecTests.PhysicalSurfaceContactKeepsTheFullSafetyPenalty" methodname="PhysicalSurfaceContactKeepsTheFullSafetyPenalty" classname="KDT.GraspTraining.Tests.Dg5fGraspSpecTests" runstate="Runnable" seed="2058873186" result="Passed" start-time="2026-07-28 17:58:58Z" end-time="2026-07-28 17:58:58Z" duration="0.000139" asserts="0">
                <properties>
                  <property name="retryIteration" value="0" />
                  <property name="repeatIteration" value="0" />
                </properties>
              </test-case>
              <test-case id="1072" name="SpawnMixKeepsHalfUniformAndEmphasizesRobotForwardAndRight" fullname="KDT.GraspTraining.Tests.Dg5fGraspSpecTests.SpawnMixKeepsHalfUniformAndEmphasizesRobotForwardAndRight" methodname="SpawnMixKeepsHalfUniformAndEmphasizesRobotForwardAndRight" classname="KDT.GraspTraining.Tests.Dg5fGraspSpecTests" runstate="Runnable" seed="358441767" result="Passed" start-time="2026-07-28 17:58:58Z" end-time="2026-07-28 17:58:58Z" duration="0.001519" asserts="0">
                <properties>
                  <property name="retryIteration" value="0" />
                  <property name="repeatIteration" value="0" />
                </properties>
              </test-case>
              <test-case id="1067" name="SurfaceTargetAndHoldCurriculumKeepTheTransferShape" fullname="KDT.GraspTraining.Tests.Dg5fGraspSpecTests.SurfaceTargetAndHoldCurriculumKeepTheTransferShape" methodname="SurfaceTargetAndHoldCurriculumKeepTheTransferShape" classname="KDT.GraspTraining.Tests.Dg5fGraspSpecTests" runstate="Runnable" seed="1781400075" result="Passed" start-time="2026-07-28 17:58:58Z" end-time="2026-07-28 17:58:58Z" duration="0.001240" asserts="0">
                <properties>
                  <property name="retryIteration" value="0" />
                  <property name="repeatIteration" value="0" />
                </properties>
              </test-case>
              <test-case id="1068" name="TopDownAlignmentUsesInclusiveStageAngleBoundaries" fullname="KDT.GraspTraining.Tests.Dg5fGraspSpecTests.TopDownAlignmentUsesInclusiveStageAngleBoundaries" methodname="TopDownAlignmentUsesInclusiveStageAngleBoundaries" classname="KDT.GraspTraining.Tests.Dg5fGraspSpecTests" runstate="Runnable" seed="968029184" result="Passed" start-time="2026-07-28 17:58:58Z" end-time="2026-07-28 17:58:58Z" duration="0.000954" asserts="0">
                <properties>
                  <property name="retryIteration" value="0" />
                  <property name="repeatIteration" value="0" />
                </properties>
              </test-case>
              <test-case id="1069" name="TopDownPotentialOnlyRewardsAlignmentProgressNearAndAboveTheBall" fullname="KDT.GraspTraining.Tests.Dg5fGraspSpecTests.TopDownPotentialOnlyRewardsAlignmentProgressNearAndAboveTheBall" methodname="TopDownPotentialOnlyRewardsAlignmentProgressNearAndAboveTheBall" classname="KDT.GraspTraining.Tests.Dg5fGraspSpecTests" runstate="Runnable" seed="154327315" result="Passed" start-time="2026-07-28 17:58:58Z" end-time="2026-07-28 17:58:58Z" duration="0.000484" asserts="0">
                <properties>
                  <property name="retryIteration" value="0" />
                  <property name="repeatIteration" value="0" />
                </properties>
              </test-case>
              <test-case id="1064" name="V1KeepsTheForwardCompatiblePolicyShape" fullname="KDT.GraspTraining.Tests.Dg5fGraspSpecTests.V1KeepsTheForwardCompatiblePolicyShape" methodname="V1KeepsTheForwardCompatiblePolicyShape" classname="KDT.GraspTraining.Tests.Dg5fGraspSpecTests" runstate="Runnable" seed="739536458" result="Passed" start-time="2026-07-28 17:58:58Z" end-time="2026-07-28 17:58:58Z" duration="0.001702" asserts="0">
                <properties>
                  <property name="retryIteration" value="0" />
                  <property name="repeatIteration" value="0" />
                </properties>
              </test-case>
            </test-suite>
          </test-suite>
        </test-suite>
      </test-suite>
    </test-suite>
    <test-suite type="Assembly" id="1097" name="KDT.ReachTraining.Tests.dll" fullname="/home/lkb/workspace/KDT_1_AX_rtauto/unity/Library/ScriptAssemblies/KDT.ReachTraining.Tests.dll" runstate="Runnable" testcasecount="13" result="Passed" start-time="2026-07-28 17:58:58Z" end-time="2026-07-28 17:58:58Z" duration="0.070890" total="13" passed="13" failed="0" inconclusive="0" skipped="0" asserts="0">
      <properties>
        <property name="_PID" value="369848" />
        <property name="_APPDOMAIN" value="Unity Child Domain" />
        <property name="platform" value="EditMode" />
        <property name="EditorOnly" value="True" />
      </properties>
      <test-suite type="TestSuite" id="1098" name="KDT" fullname="KDT" runstate="Runnable" testcasecount="13" result="Passed" start-time="2026-07-28 17:58:58Z" end-time="2026-07-28 17:58:58Z" duration="0.070092" total="13" passed="13" failed="0" inconclusive="0" skipped="0" asserts="0">
        <properties />
        <test-suite type="TestSuite" id="1099" name="ReachTraining" fullname="KDT.ReachTraining" runstate="Runnable" testcasecount="13" result="Passed" start-time="2026-07-28 17:58:58Z" end-time="2026-07-28 17:58:58Z" duration="0.069659" total="13" passed="13" failed="0" inconclusive="0" skipped="0" asserts="0">
          <properties />
          <test-suite type="TestSuite" id="1100" name="Tests" fullname="KDT.ReachTraining.Tests" runstate="Runnable" testcasecount="13" result="Passed" start-time="2026-07-28 17:58:58Z" end-time="2026-07-28 17:58:58Z" duration="0.069158" total="13" passed="13" failed="0" inconclusive="0" skipped="0" asserts="0">
            <properties />
            <test-suite type="TestFixture" id="1083" name="Dg5fReachSpecTests" fullname="KDT.ReachTraining.Tests.Dg5fReachSpecTests" classname="KDT.ReachTraining.Tests.Dg5fReachSpecTests" runstate="Runnable" testcasecount="13" result="Passed" start-time="2026-07-28 17:58:58Z" end-time="2026-07-28 17:58:58Z" duration="0.068448" total="13" passed="13" failed="0" inconclusive="0" skipped="0" asserts="0">
              <properties />
              <test-case id="1095" name="ActionsAndPointVelocity_AreBoundedAndFinite" fullname="KDT.ReachTraining.Tests.Dg5fReachSpecTests.ActionsAndPointVelocity_AreBoundedAndFinite" methodname="ActionsAndPointVelocity_AreBoundedAndFinite" classname="KDT.ReachTraining.Tests.Dg5fReachSpecTests" runstate="Runnable" seed="911621858" result="Passed" start-time="2026-07-28 17:58:58Z" end-time="2026-07-28 17:58:58Z" duration="0.001768" asserts="0">
                <properties>
                  <property name="retryIteration" value="0" />
                  <property name="repeatIteration" value="0" />
                </properties>
              </test-case>
              <test-case id="1089" name="DescendGate_RequiresWaypointToleranceAndClearance" fullname="KDT.ReachTraining.Tests.Dg5fReachSpecTests.DescendGate_RequiresWaypointToleranceAndClearance" methodname="DescendGate_RequiresWaypointToleranceAndClearance" classname="KDT.ReachTraining.Tests.Dg5fReachSpecTests" runstate="Runnable" seed="1124740764" result="Passed" start-time="2026-07-28 17:58:58Z" end-time="2026-07-28 17:58:58Z" duration="0.000340" asserts="0">
                <properties>
                  <property name="retryIteration" value="0" />
                  <property name="repeatIteration" value="0" />
                </properties>
              </test-case>
              <test-case id="1096" name="EvaluationEpisodes_AreDistributedWithoutOverlap" fullname="KDT.ReachTraining.Tests.Dg5fReachSpecTests.EvaluationEpisodes_AreDistributedWithoutOverlap" methodname="EvaluationEpisodes_AreDistributedWithoutOverlap" classname="KDT.ReachTraining.Tests.Dg5fReachSpecTests" runstate="Runnable" seed="267698619" result="Passed" start-time="2026-07-28 17:58:58Z" end-time="2026-07-28 17:58:58Z" duration="0.007678" asserts="0">
                <properties>
                  <property name="retryIteration" value="0" />
                  <property name="repeatIteration" value="0" />
                </properties>
              </test-case>
              <test-case id="1085" name="JointAndGraspPointContracts_AreCalibrated" fullname="KDT.ReachTraining.Tests.Dg5fReachSpecTests.JointAndGraspPointContracts_AreCalibrated" methodname="JointAndGraspPointContracts_AreCalibrated" classname="KDT.ReachTraining.Tests.Dg5fReachSpecTests" runstate="Runnable" seed="1269240279" result="Passed" start-time="2026-07-28 17:58:58Z" end-time="2026-07-28 17:58:58Z" duration="0.001370" asserts="0">
                <properties>
                  <property name="retryIteration" value="0" />
                  <property name="repeatIteration" value="0" />
                </properties>
              </test-case>
              <test-case id="1093" name="LockHold_ResetsOnAnyInvalidFrame" fullname="KDT.ReachTraining.Tests.Dg5fReachSpecTests.LockHold_ResetsOnAnyInvalidFrame" methodname="LockHold_ResetsOnAnyInvalidFrame" classname="KDT.ReachTraining.Tests.Dg5fReachSpecTests" runstate="Runnable" seed="105633552" result="Passed" start-time="2026-07-28 17:58:58Z" end-time="2026-07-28 17:58:58Z" duration="0.000706" asserts="0">
                <properties>
                  <property name="retryIteration" value="0" />
                  <property name="repeatIteration" value="0" />
                </properties>
              </test-case>
              <test-case id="1092" name="LockState_RequiresDistanceSpeedOrientationAndUpperCone" fullname="KDT.ReachTraining.Tests.Dg5fReachSpecTests.LockState_RequiresDistanceSpeedOrientationAndUpperCone" methodname="LockState_RequiresDistanceSpeedOrientationAndUpperCone" classname="KDT.ReachTraining.Tests.Dg5fReachSpecTests" runstate="Runnable" seed="1054188006" result="Passed" start-time="2026-07-28 17:58:58Z" end-time="2026-07-28 17:58:58Z" duration="0.000248" asserts="0">
                <properties>
                  <property name="retryIteration" value="0" />
                  <property name="repeatIteration" value="0" />
                </properties>
              </test-case>
              <test-case id="1091" name="PalmAndUpperConeAlignment_UseExactAngularBoundaries" fullname="KDT.ReachTraining.Tests.Dg5fReachSpecTests.PalmAndUpperConeAlignment_UseExactAngularBoundaries" methodname="PalmAndUpperConeAlignment_UseExactAngularBoundaries" classname="KDT.ReachTraining.Tests.Dg5fReachSpecTests" runstate="Runnable" seed="581689032" result="Passed" start-time="2026-07-28 17:58:58Z" end-time="2026-07-28 17:58:58Z" duration="0.000942" asserts="0">
                <properties>
                  <property name="retryIteration" value="0" />
                  <property name="repeatIteration" value="0" />
                </properties>
              </test-case>
              <test-case id="1084" name="PolicyContract_IsFreshAndContiguous" fullname="KDT.ReachTraining.Tests.Dg5fReachSpecTests.PolicyContract_IsFreshAndContiguous" methodname="PolicyContract_IsFreshAndContiguous" classname="KDT.ReachTraining.Tests.Dg5fReachSpecTests" runstate="Runnable" seed="1291163830" result="Passed" start-time="2026-07-28 17:58:58Z" end-time="2026-07-28 17:58:58Z" duration="0.000571" asserts="0">
                <properties>
                  <property name="retryIteration" value="0" />
                  <property name="repeatIteration" value="0" />
                </properties>
              </test-case>
              <test-case id="1088" name="PreGraspWaypoint_IsExactlyTenCentimetersAboveTarget" fullname="KDT.ReachTraining.Tests.Dg5fReachSpecTests.PreGraspWaypoint_IsExactlyTenCentimetersAboveTarget" methodname="PreGraspWaypoint_IsExactlyTenCentimetersAboveTarget" classname="KDT.ReachTraining.Tests.Dg5fReachSpecTests" runstate="Runnable" seed="442115554" result="Passed" start-time="2026-07-28 17:58:58Z" end-time="2026-07-28 17:58:58Z" duration="0.000852" asserts="0">
                <properties>
                  <property name="retryIteration" value="0" />
                  <property name="repeatIteration" value="0" />
                </properties>
              </test-case>
              <test-case id="1090" name="PrematureDescent_BlocksSweepingButAllowsVerticalFinalApproach" fullname="KDT.ReachTraining.Tests.Dg5fReachSpecTests.PrematureDescent_BlocksSweepingButAllowsVerticalFinalApproach" methodname="PrematureDescent_BlocksSweepingButAllowsVerticalFinalApproach" classname="KDT.ReachTraining.Tests.Dg5fReachSpecTests" runstate="Runnable" seed="997074021" result="Passed" start-time="2026-07-28 17:58:58Z" end-time="2026-07-28 17:58:58Z" duration="0.000273" asserts="0">
                <properties>
                  <property name="retryIteration" value="0" />
                  <property name="repeatIteration" value="0" />
                </properties>
              </test-case>
              <test-case id="1094" name="Reward_IsPotentialBasedAndPhaseAware" fullname="KDT.ReachTraining.Tests.Dg5fReachSpecTests.Reward_IsPotentialBasedAndPhaseAware" methodname="Reward_IsPotentialBasedAndPhaseAware" classname="KDT.ReachTraining.Tests.Dg5fReachSpecTests" runstate="Runnable" seed="1461095315" result="Passed" start-time="2026-07-28 17:58:58Z" end-time="2026-07-28 17:58:58Z" duration="0.000571" asserts="0">
                <properties>
                  <property name="retryIteration" value="0" />
                  <property name="repeatIteration" value="0" />
                </properties>
              </test-case>
              <test-case id="1086" name="Spawn_IsDeterministicAndCoversConfiguredAnnulus" fullname="KDT.ReachTraining.Tests.Dg5fReachSpecTests.Spawn_IsDeterministicAndCoversConfiguredAnnulus" methodname="Spawn_IsDeterministicAndCoversConfiguredAnnulus" classname="KDT.ReachTraining.Tests.Dg5fReachSpecTests" runstate="Runnable" seed="1510568963" result="Passed" start-time="2026-07-28 17:58:58Z" end-time="2026-07-28 17:58:58Z" duration="0.045910" asserts="0">
                <properties>
                  <property name="retryIteration" value="0" />
                  <property name="repeatIteration" value="0" />
                </properties>
              </test-case>
              <test-case id="1087" name="Spawn_UsesBoundedScenePredicate" fullname="KDT.ReachTraining.Tests.Dg5fReachSpecTests.Spawn_UsesBoundedScenePredicate" methodname="Spawn_UsesBoundedScenePredicate" classname="KDT.ReachTraining.Tests.Dg5fReachSpecTests" runstate="Runnable" seed="1826200468" result="Passed" start-time="2026-07-28 17:58:58Z" end-time="2026-07-28 17:58:58Z" duration="0.001246" asserts="0">
                <properties>
                  <property name="retryIteration" value="0" />
                  <property name="repeatIteration" value="0" />
                </properties>
                <output><![CDATA[Saving results to: /home/lkb/.config/unity3d/DefaultCompany/KDT_robot_AI/TestResults.xml
]]></output>
              </test-case>
            </test-suite>
          </test-suite>
        </test-suite>
      </test-suite>
    </test-suite>
  </test-suite>
</test-run>