<?xml version="1.0" encoding="utf-8"?>
<test-run id="2" testcasecount="22" result="Failed(Child)" total="22" passed="21" failed="1" inconclusive="0" skipped="0" asserts="0" engine-version="3.5.0.0" clr-version="4.0.30319.42000" start-time="2026-07-28 17:59:29Z" end-time="2026-07-28 18:00:39Z" duration="69.4568326">
  <test-suite type="TestSuite" id="1042" name="KDT_robot_AI" fullname="KDT_robot_AI" runstate="Runnable" testcasecount="22" result="Failed" site="Child" start-time="2026-07-28 17:59:29Z" end-time="2026-07-28 18:00:39Z" duration="69.456833" total="22" passed="21" failed="1" inconclusive="0" skipped="0" asserts="0">
    <properties>
      <property name="platform" value="PlayMode" />
    </properties>
    <failure>
      <message><![CDATA[One or more child tests had errors]]></message>
    </failure>
    <test-suite type="Assembly" id="1010" name="KDT.GraspLiftTraining.PlayModeTests.dll" fullname="/home/lkb/workspace/KDT_1_AX_rtauto/unity/Library/ScriptAssemblies/KDT.GraspLiftTraining.PlayModeTests.dll" runstate="Runnable" testcasecount="7" result="Passed" start-time="2026-07-28 17:59:29Z" end-time="2026-07-28 17:59:49Z" duration="19.497261" total="7" passed="7" failed="0" inconclusive="0" skipped="0" asserts="0">
      <properties>
        <property name="_PID" value="370256" />
        <property name="_APPDOMAIN" value="Unity Child Domain" />
        <property name="platform" value="PlayMode" />
        <property name="EditorOnly" value="False" />
      </properties>
      <test-suite type="TestSuite" id="1011" name="KDT" fullname="KDT" runstate="Runnable" testcasecount="7" result="Passed" start-time="2026-07-28 17:59:29Z" end-time="2026-07-28 17:59:49Z" duration="19.496798" total="7" passed="7" failed="0" inconclusive="0" skipped="0" asserts="0">
        <properties />
        <test-suite type="TestSuite" id="1012" name="GraspLiftTraining" fullname="KDT.GraspLiftTraining" runstate="Runnable" testcasecount="7" result="Passed" start-time="2026-07-28 17:59:29Z" end-time="2026-07-28 17:59:49Z" duration="19.496594" total="7" passed="7" failed="0" inconclusive="0" skipped="0" asserts="0">
          <properties />
          <test-suite type="TestSuite" id="1013" name="PlayModeTests" fullname="KDT.GraspLiftTraining.PlayModeTests" runstate="Runnable" testcasecount="7" result="Passed" start-time="2026-07-28 17:59:29Z" end-time="2026-07-28 17:59:49Z" duration="19.496381" total="7" passed="7" failed="0" inconclusive="0" skipped="0" asserts="0">
            <properties />
            <test-suite type="TestFixture" id="1001" name="GraspLiftHandGeometryProbe" fullname="KDT.GraspLiftTraining.PlayModeTests.GraspLiftHandGeometryProbe" classname="KDT.GraspLiftTraining.PlayModeTests.GraspLiftHandGeometryProbe" runstate="Runnable" testcasecount="1" result="Passed" start-time="2026-07-28 17:59:29Z" end-time="2026-07-28 17:59:35Z" duration="5.750663" total="1" passed="1" failed="0" inconclusive="0" skipped="0" asserts="0">
              <properties />
              <test-case id="1002" name="ReportClosedHandGeometry" fullname="KDT.GraspLiftTraining.PlayModeTests.GraspLiftHandGeometryProbe.ReportClosedHandGeometry" methodname="ReportClosedHandGeometry" classname="KDT.GraspLiftTraining.PlayModeTests.GraspLiftHandGeometryProbe" runstate="Runnable" seed="149373641" result="Passed" start-time="2026-07-28 17:59:29Z" end-time="2026-07-28 17:59:35Z" duration="5.738912" asserts="0">
                <properties>
                  <property name="_JOINTYPE" value="UnityCombinatorial" />
                  <property name="retryIteration" value="0" />
                  <property name="repeatIteration" value="0" />
                </properties>
                <reason>
                  <message><![CDATA[geometry reported to the log]]></message>
                </reason>
                <output><![CDATA[Registered Communicator in Agent.
Couldn't connect to trainer on port 5004 using API version 1.5.0. Will perform inference instead.
[RobotSelfCollisionIgnore] 자기충돌 무시(OFF·통과): 콜라이더 93개, 4278쌍 적용
[RobotSelfCollisionIgnore] 자기충돌 무시(OFF·통과): 콜라이더 93개, 4278쌍 적용
[RobotSelfCollisionIgnore] 자기충돌 무시(OFF·통과): 콜라이더 93개, 4278쌍 적용
[RobotSelfCollisionIgnore] 자기충돌 무시(OFF·통과): 콜라이더 93개, 4278쌍 적용
[RobotSelfCollisionIgnore] 자기충돌 무시(OFF·통과): 콜라이더 93개, 4278쌍 적용
[RobotSelfCollisionIgnore] 자기충돌 무시(OFF·통과): 콜라이더 93개, 4278쌍 적용
[RobotSelfCollisionIgnore] 자기충돌 무시(OFF·통과): 콜라이더 93개, 4278쌍 적용
[RobotSelfCollisionIgnore] 자기충돌 무시(OFF·통과): 콜라이더 93개, 4278쌍 적용
[RobotSelfCollisionIgnore] 자기충돌 무시(OFF·통과): 콜라이더 93개, 4278쌍 적용
[RobotSelfCollisionIgnore] 자기충돌 무시(OFF·통과): 콜라이더 93개, 4278쌍 적용
[RobotSelfCollisionIgnore] 자기충돌 무시(OFF·통과): 콜라이더 93개, 4278쌍 적용
[RobotSelfCollisionIgnore] 자기충돌 무시(OFF·통과): 콜라이더 93개, 4278쌍 적용
[RobotSelfCollisionIgnore] 자기충돌 무시(OFF·통과): 콜라이더 93개, 4278쌍 적용
[RobotSelfCollisionIgnore] 자기충돌 무시(OFF·통과): 콜라이더 93개, 4278쌍 적용
[RobotSelfCollisionIgnore] 자기충돌 무시(OFF·통과): 콜라이더 93개, 4278쌍 적용
[RobotSelfCollisionIgnore] 자기충돌 무시(OFF·통과): 콜라이더 93개, 4278쌍 적용
[RobotSelfCollisionIgnore] 자기충돌 무시(OFF·통과): 콜라이더 93개, 4278쌍 적용
[RobotSelfCollisionIgnore] 자기충돌 무시(OFF·통과): 콜라이더 93개, 4278쌍 적용
[RobotSelfCollisionIgnore] 자기충돌 무시(OFF·통과): 콜라이더 93개, 4278쌍 적용
[RobotSelfCollisionIgnore] 자기충돌 무시(OFF·통과): 콜라이더 93개, 4278쌍 적용
[HandGeometryProbe] palm-local fingertip positions
  configured GraspPoint local = (0.00, 0.05, 0.04)
  --- closure 0.00
      tip1 palmLocal = (0.1251, 0.0128, 0.0258)
      tip2 palmLocal = (0.0270, 0.1957, 0.0106)
      tip3 palmLocal = (0.0025, 0.1997, 0.0106)
      tip4 palmLocal = (-0.0220, 0.1917, 0.0105)
      tip5 palmLocal = (-0.0475, 0.1624, 0.0103)
      centroid palmLocal = (0.0170, 0.1525, 0.0135)
      centroid -> configured GraspPoint offset = 0.1072 m
      graspPoint palmLocal = (0.0000, 0.0500, 0.0400)
      widest tip pair = tip1-tip4 at 0.2321 m
      thumb-index = 0.2081 m, thumb-middle = 0.2240 m
  --- closure 0.50
      tip1 palmLocal = (0.0612, 0.0823, 0.0789)
      tip2 palmLocal = (0.0270, 0.1029, 0.1000)
      tip3 palmLocal = (0.0025, 0.1069, 0.1000)
      tip4 palmLocal = (-0.0220, 0.1028, 0.0994)
      tip5 palmLocal = (-0.0475, 0.1264, 0.0703)
      centroid palmLocal = (0.0042, 0.1043, 0.0897)
      centroid -> configured GraspPoint offset = 0.0737 m
      graspPoint palmLocal = (0.0000, 0.0500, 0.0400)
      widest tip pair = tip1-tip5 at 0.1176 m
      thumb-index = 0.0451 m, thumb-middle = 0.0670 m
  --- closure 0.75
      tip1 palmLocal = (0.0124, 0.0826, 0.0764)
      tip2 palmLocal = (0.0270, 0.0499, 0.0721)
      tip3 palmLocal = (0.0025, 0.0539, 0.0721)
      tip4 palmLocal = (-0.0220, 0.0500, 0.0748)
      tip5 palmLocal = (-0.0475, 0.0928, 0.0774)
      centroid palmLocal = (-0.0055, 0.0659, 0.0746)
      centroid -> configured GraspPoint offset = 0.0384 m
      graspPoint palmLocal = (0.0000, 0.0500, 0.0400)
      widest tip pair = tip2-tip5 at 0.0861 m
      thumb-index = 0.0360 m, thumb-middle = 0.0306 m
  --- closure 1.00
      tip1 palmLocal = (-0.0185, 0.0662, 0.0575)
      tip2 palmLocal = (0.0270, 0.0383, 0.0248)
      tip3 palmLocal = (0.0025, 0.0423, 0.0248)
      tip4 palmLocal = (-0.0220, 0.0358, 0.0295)
      tip5 palmLocal = (-0.0475, 0.0626, 0.0667)
      centroid palmLocal = (-0.0117, 0.0491, 0.0406)
      centroid -> configured GraspPoint offset = 0.0118 m
      graspPoint palmLocal = (0.0000, 0.0500, 0.0400)
      widest tip pair = tip2-tip5 at 0.0888 m
      thumb-index = 0.0626 m, thumb-middle = 0.0456 m

]]></output>
              </test-case>
            </test-suite>
            <test-suite type="TestFixture" id="1003" name="GraspLiftSceneTests" fullname="KDT.GraspLiftTraining.PlayModeTests.GraspLiftSceneTests" classname="KDT.GraspLiftTraining.PlayModeTests.GraspLiftSceneTests" runstate="Runnable" testcasecount="6" result="Passed" start-time="2026-07-28 17:59:35Z" end-time="2026-07-28 17:59:49Z" duration="13.744715" total="6" passed="6" failed="0" inconclusive="0" skipped="0" asserts="0">
              <properties />
              <test-case id="1005" name="BehaviorParametersMatchTheSpecShape" fullname="KDT.GraspLiftTraining.PlayModeTests.GraspLiftSceneTests.BehaviorParametersMatchTheSpecShape" methodname="BehaviorParametersMatchTheSpecShape" classname="KDT.GraspLiftTraining.PlayModeTests.GraspLiftSceneTests" runstate="Runnable" seed="827308297" result="Passed" start-time="2026-07-28 17:59:35Z" end-time="2026-07-28 17:59:37Z" duration="2.296401" asserts="0">
                <properties>
                  <property name="_JOINTYPE" value="UnityCombinatorial" />
                  <property name="retryIteration" value="0" />
                  <property name="repeatIteration" value="0" />
                </properties>
                <output><![CDATA[[RobotSelfCollisionIgnore] 자기충돌 무시(OFF·통과): 콜라이더 93개, 4278쌍 적용
[RobotSelfCollisionIgnore] 자기충돌 무시(OFF·통과): 콜라이더 93개, 4278쌍 적용
[RobotSelfCollisionIgnore] 자기충돌 무시(OFF·통과): 콜라이더 93개, 4278쌍 적용
[RobotSelfCollisionIgnore] 자기충돌 무시(OFF·통과): 콜라이더 93개, 4278쌍 적용
[RobotSelfCollisionIgnore] 자기충돌 무시(OFF·통과): 콜라이더 93개, 4278쌍 적용
[RobotSelfCollisionIgnore] 자기충돌 무시(OFF·통과): 콜라이더 93개, 4278쌍 적용
[RobotSelfCollisionIgnore] 자기충돌 무시(OFF·통과): 콜라이더 93개, 4278쌍 적용
[RobotSelfCollisionIgnore] 자기충돌 무시(OFF·통과): 콜라이더 93개, 4278쌍 적용
[RobotSelfCollisionIgnore] 자기충돌 무시(OFF·통과): 콜라이더 93개, 4278쌍 적용
[RobotSelfCollisionIgnore] 자기충돌 무시(OFF·통과): 콜라이더 93개, 4278쌍 적용
[RobotSelfCollisionIgnore] 자기충돌 무시(OFF·통과): 콜라이더 93개, 4278쌍 적용
[RobotSelfCollisionIgnore] 자기충돌 무시(OFF·통과): 콜라이더 93개, 4278쌍 적용
[RobotSelfCollisionIgnore] 자기충돌 무시(OFF·통과): 콜라이더 93개, 4278쌍 적용
[RobotSelfCollisionIgnore] 자기충돌 무시(OFF·통과): 콜라이더 93개, 4278쌍 적용
[RobotSelfCollisionIgnore] 자기충돌 무시(OFF·통과): 콜라이더 93개, 4278쌍 적용
[RobotSelfCollisionIgnore] 자기충돌 무시(OFF·통과): 콜라이더 93개, 4278쌍 적용
[RobotSelfCollisionIgnore] 자기충돌 무시(OFF·통과): 콜라이더 93개, 4278쌍 적용
[RobotSelfCollisionIgnore] 자기충돌 무시(OFF·통과): 콜라이더 93개, 4278쌍 적용
[RobotSelfCollisionIgnore] 자기충돌 무시(OFF·통과): 콜라이더 93개, 4278쌍 적용
[RobotSelfCollisionIgnore] 자기충돌 무시(OFF·통과): 콜라이더 93개, 4278쌍 적용
]]></output>
              </test-case>
              <test-case id="1007" name="BlockSpawnsUprightAndRestingOnThePanel" fullname="KDT.GraspLiftTraining.PlayModeTests.GraspLiftSceneTests.BlockSpawnsUprightAndRestingOnThePanel" methodname="BlockSpawnsUprightAndRestingOnThePanel" classname="KDT.GraspLiftTraining.PlayModeTests.GraspLiftSceneTests" runstate="Runnable" seed="783167518" result="Passed" start-time="2026-07-28 17:59:37Z" end-time="2026-07-28 17:59:39Z" duration="2.134411" asserts="0">
                <properties>
                  <property name="_JOINTYPE" value="UnityCombinatorial" />
                  <property name="retryIteration" value="0" />
                  <property name="repeatIteration" value="0" />
                </properties>
                <output><![CDATA[[RobotSelfCollisionIgnore] 자기충돌 무시(OFF·통과): 콜라이더 93개, 4278쌍 적용
[RobotSelfCollisionIgnore] 자기충돌 무시(OFF·통과): 콜라이더 93개, 4278쌍 적용
[RobotSelfCollisionIgnore] 자기충돌 무시(OFF·통과): 콜라이더 93개, 4278쌍 적용
[RobotSelfCollisionIgnore] 자기충돌 무시(OFF·통과): 콜라이더 93개, 4278쌍 적용
[RobotSelfCollisionIgnore] 자기충돌 무시(OFF·통과): 콜라이더 93개, 4278쌍 적용
[RobotSelfCollisionIgnore] 자기충돌 무시(OFF·통과): 콜라이더 93개, 4278쌍 적용
[RobotSelfCollisionIgnore] 자기충돌 무시(OFF·통과): 콜라이더 93개, 4278쌍 적용
[RobotSelfCollisionIgnore] 자기충돌 무시(OFF·통과): 콜라이더 93개, 4278쌍 적용
[RobotSelfCollisionIgnore] 자기충돌 무시(OFF·통과): 콜라이더 93개, 4278쌍 적용
[RobotSelfCollisionIgnore] 자기충돌 무시(OFF·통과): 콜라이더 93개, 4278쌍 적용
[RobotSelfCollisionIgnore] 자기충돌 무시(OFF·통과): 콜라이더 93개, 4278쌍 적용
[RobotSelfCollisionIgnore] 자기충돌 무시(OFF·통과): 콜라이더 93개, 4278쌍 적용
[RobotSelfCollisionIgnore] 자기충돌 무시(OFF·통과): 콜라이더 93개, 4278쌍 적용
[RobotSelfCollisionIgnore] 자기충돌 무시(OFF·통과): 콜라이더 93개, 4278쌍 적용
[RobotSelfCollisionIgnore] 자기충돌 무시(OFF·통과): 콜라이더 93개, 4278쌍 적용
[RobotSelfCollisionIgnore] 자기충돌 무시(OFF·통과): 콜라이더 93개, 4278쌍 적용
[RobotSelfCollisionIgnore] 자기충돌 무시(OFF·통과): 콜라이더 93개, 4278쌍 적용
[RobotSelfCollisionIgnore] 자기충돌 무시(OFF·통과): 콜라이더 93개, 4278쌍 적용
[RobotSelfCollisionIgnore] 자기충돌 무시(OFF·통과): 콜라이더 93개, 4278쌍 적용
[RobotSelfCollisionIgnore] 자기충돌 무시(OFF·통과): 콜라이더 93개, 4278쌍 적용
]]></output>
              </test-case>
              <test-case id="1006" name="BlockUsesTheDocumentedPhysicsSetup" fullname="KDT.GraspLiftTraining.PlayModeTests.GraspLiftSceneTests.BlockUsesTheDocumentedPhysicsSetup" methodname="BlockUsesTheDocumentedPhysicsSetup" classname="KDT.GraspLiftTraining.PlayModeTests.GraspLiftSceneTests" runstate="Runnable" seed="1605294509" result="Passed" start-time="2026-07-28 17:59:39Z" end-time="2026-07-28 17:59:42Z" duration="2.320045" asserts="0">
                <properties>
                  <property name="_JOINTYPE" value="UnityCombinatorial" />
                  <property name="retryIteration" value="0" />
                  <property name="repeatIteration" value="0" />
                </properties>
                <output><![CDATA[[RobotSelfCollisionIgnore] 자기충돌 무시(OFF·통과): 콜라이더 93개, 4278쌍 적용
[RobotSelfCollisionIgnore] 자기충돌 무시(OFF·통과): 콜라이더 93개, 4278쌍 적용
[RobotSelfCollisionIgnore] 자기충돌 무시(OFF·통과): 콜라이더 93개, 4278쌍 적용
[RobotSelfCollisionIgnore] 자기충돌 무시(OFF·통과): 콜라이더 93개, 4278쌍 적용
[RobotSelfCollisionIgnore] 자기충돌 무시(OFF·통과): 콜라이더 93개, 4278쌍 적용
[RobotSelfCollisionIgnore] 자기충돌 무시(OFF·통과): 콜라이더 93개, 4278쌍 적용
[RobotSelfCollisionIgnore] 자기충돌 무시(OFF·통과): 콜라이더 93개, 4278쌍 적용
[RobotSelfCollisionIgnore] 자기충돌 무시(OFF·통과): 콜라이더 93개, 4278쌍 적용
[RobotSelfCollisionIgnore] 자기충돌 무시(OFF·통과): 콜라이더 93개, 4278쌍 적용
[RobotSelfCollisionIgnore] 자기충돌 무시(OFF·통과): 콜라이더 93개, 4278쌍 적용
[RobotSelfCollisionIgnore] 자기충돌 무시(OFF·통과): 콜라이더 93개, 4278쌍 적용
[RobotSelfCollisionIgnore] 자기충돌 무시(OFF·통과): 콜라이더 93개, 4278쌍 적용
[RobotSelfCollisionIgnore] 자기충돌 무시(OFF·통과): 콜라이더 93개, 4278쌍 적용
[RobotSelfCollisionIgnore] 자기충돌 무시(OFF·통과): 콜라이더 93개, 4278쌍 적용
[RobotSelfCollisionIgnore] 자기충돌 무시(OFF·통과): 콜라이더 93개, 4278쌍 적용
[RobotSelfCollisionIgnore] 자기충돌 무시(OFF·통과): 콜라이더 93개, 4278쌍 적용
[RobotSelfCollisionIgnore] 자기충돌 무시(OFF·통과): 콜라이더 93개, 4278쌍 적용
[RobotSelfCollisionIgnore] 자기충돌 무시(OFF·통과): 콜라이더 93개, 4278쌍 적용
[RobotSelfCollisionIgnore] 자기충돌 무시(OFF·통과): 콜라이더 93개, 4278쌍 적용
[RobotSelfCollisionIgnore] 자기충돌 무시(OFF·통과): 콜라이더 93개, 4278쌍 적용
]]></output>
              </test-case>
              <test-case id="1008" name="ContactSensorsCoverEveryFingertipAndThePalm" fullname="KDT.GraspLiftTraining.PlayModeTests.GraspLiftSceneTests.ContactSensorsCoverEveryFingertipAndThePalm" methodname="ContactSensorsCoverEveryFingertipAndThePalm" classname="KDT.GraspLiftTraining.PlayModeTests.GraspLiftSceneTests" runstate="Runnable" seed="705249207" result="Passed" start-time="2026-07-28 17:59:42Z" end-time="2026-07-28 17:59:44Z" duration="2.304358" asserts="0">
                <properties>
                  <property name="_JOINTYPE" value="UnityCombinatorial" />
                  <property name="retryIteration" value="0" />
                  <property name="repeatIteration" value="0" />
                </properties>
                <output><![CDATA[[RobotSelfCollisionIgnore] 자기충돌 무시(OFF·통과): 콜라이더 93개, 4278쌍 적용
[RobotSelfCollisionIgnore] 자기충돌 무시(OFF·통과): 콜라이더 93개, 4278쌍 적용
[RobotSelfCollisionIgnore] 자기충돌 무시(OFF·통과): 콜라이더 93개, 4278쌍 적용
[RobotSelfCollisionIgnore] 자기충돌 무시(OFF·통과): 콜라이더 93개, 4278쌍 적용
[RobotSelfCollisionIgnore] 자기충돌 무시(OFF·통과): 콜라이더 93개, 4278쌍 적용
[RobotSelfCollisionIgnore] 자기충돌 무시(OFF·통과): 콜라이더 93개, 4278쌍 적용
[RobotSelfCollisionIgnore] 자기충돌 무시(OFF·통과): 콜라이더 93개, 4278쌍 적용
[RobotSelfCollisionIgnore] 자기충돌 무시(OFF·통과): 콜라이더 93개, 4278쌍 적용
[RobotSelfCollisionIgnore] 자기충돌 무시(OFF·통과): 콜라이더 93개, 4278쌍 적용
[RobotSelfCollisionIgnore] 자기충돌 무시(OFF·통과): 콜라이더 93개, 4278쌍 적용
[RobotSelfCollisionIgnore] 자기충돌 무시(OFF·통과): 콜라이더 93개, 4278쌍 적용
[RobotSelfCollisionIgnore] 자기충돌 무시(OFF·통과): 콜라이더 93개, 4278쌍 적용
[RobotSelfCollisionIgnore] 자기충돌 무시(OFF·통과): 콜라이더 93개, 4278쌍 적용
[RobotSelfCollisionIgnore] 자기충돌 무시(OFF·통과): 콜라이더 93개, 4278쌍 적용
[RobotSelfCollisionIgnore] 자기충돌 무시(OFF·통과): 콜라이더 93개, 4278쌍 적용
[RobotSelfCollisionIgnore] 자기충돌 무시(OFF·통과): 콜라이더 93개, 4278쌍 적용
[RobotSelfCollisionIgnore] 자기충돌 무시(OFF·통과): 콜라이더 93개, 4278쌍 적용
[RobotSelfCollisionIgnore] 자기충돌 무시(OFF·통과): 콜라이더 93개, 4278쌍 적용
[RobotSelfCollisionIgnore] 자기충돌 무시(OFF·통과): 콜라이더 93개, 4278쌍 적용
[RobotSelfCollisionIgnore] 자기충돌 무시(OFF·통과): 콜라이더 93개, 4278쌍 적용
]]></output>
              </test-case>
              <test-case id="1009" name="PanelSafetySensorsSkipTheHand" fullname="KDT.GraspLiftTraining.PlayModeTests.GraspLiftSceneTests.PanelSafetySensorsSkipTheHand" methodname="PanelSafetySensorsSkipTheHand" classname="KDT.GraspLiftTraining.PlayModeTests.GraspLiftSceneTests" runstate="Runnable" seed="1721502485" result="Passed" start-time="2026-07-28 17:59:44Z" end-time="2026-07-28 17:59:46Z" duration="2.346381" asserts="0">
                <properties>
                  <property name="_JOINTYPE" value="UnityCombinatorial" />
                  <property name="retryIteration" value="0" />
                  <property name="repeatIteration" value="0" />
                </properties>
                <output><![CDATA[[RobotSelfCollisionIgnore] 자기충돌 무시(OFF·통과): 콜라이더 93개, 4278쌍 적용
[RobotSelfCollisionIgnore] 자기충돌 무시(OFF·통과): 콜라이더 93개, 4278쌍 적용
[RobotSelfCollisionIgnore] 자기충돌 무시(OFF·통과): 콜라이더 93개, 4278쌍 적용
[RobotSelfCollisionIgnore] 자기충돌 무시(OFF·통과): 콜라이더 93개, 4278쌍 적용
[RobotSelfCollisionIgnore] 자기충돌 무시(OFF·통과): 콜라이더 93개, 4278쌍 적용
[RobotSelfCollisionIgnore] 자기충돌 무시(OFF·통과): 콜라이더 93개, 4278쌍 적용
[RobotSelfCollisionIgnore] 자기충돌 무시(OFF·통과): 콜라이더 93개, 4278쌍 적용
[RobotSelfCollisionIgnore] 자기충돌 무시(OFF·통과): 콜라이더 93개, 4278쌍 적용
[RobotSelfCollisionIgnore] 자기충돌 무시(OFF·통과): 콜라이더 93개, 4278쌍 적용
[RobotSelfCollisionIgnore] 자기충돌 무시(OFF·통과): 콜라이더 93개, 4278쌍 적용
[RobotSelfCollisionIgnore] 자기충돌 무시(OFF·통과): 콜라이더 93개, 4278쌍 적용
[RobotSelfCollisionIgnore] 자기충돌 무시(OFF·통과): 콜라이더 93개, 4278쌍 적용
[RobotSelfCollisionIgnore] 자기충돌 무시(OFF·통과): 콜라이더 93개, 4278쌍 적용
[RobotSelfCollisionIgnore] 자기충돌 무시(OFF·통과): 콜라이더 93개, 4278쌍 적용
[RobotSelfCollisionIgnore] 자기충돌 무시(OFF·통과): 콜라이더 93개, 4278쌍 적용
[RobotSelfCollisionIgnore] 자기충돌 무시(OFF·통과): 콜라이더 93개, 4278쌍 적용
[RobotSelfCollisionIgnore] 자기충돌 무시(OFF·통과): 콜라이더 93개, 4278쌍 적용
[RobotSelfCollisionIgnore] 자기충돌 무시(OFF·통과): 콜라이더 93개, 4278쌍 적용
[RobotSelfCollisionIgnore] 자기충돌 무시(OFF·통과): 콜라이더 93개, 4278쌍 적용
[RobotSelfCollisionIgnore] 자기충돌 무시(OFF·통과): 콜라이더 93개, 4278쌍 적용
]]></output>
              </test-case>
              <test-case id="1004" name="SceneHasTwentyIndependentTrainingAreas" fullname="KDT.GraspLiftTraining.PlayModeTests.GraspLiftSceneTests.SceneHasTwentyIndependentTrainingAreas" methodname="SceneHasTwentyIndependentTrainingAreas" classname="KDT.GraspLiftTraining.PlayModeTests.GraspLiftSceneTests" runstate="Runnable" seed="445915883" result="Passed" start-time="2026-07-28 17:59:46Z" end-time="2026-07-28 17:59:49Z" duration="2.340655" asserts="0">
                <properties>
                  <property name="_JOINTYPE" value="UnityCombinatorial" />
                  <property name="retryIteration" value="0" />
                  <property name="repeatIteration" value="0" />
                </properties>
                <output><![CDATA[[RobotSelfCollisionIgnore] 자기충돌 무시(OFF·통과): 콜라이더 93개, 4278쌍 적용
[RobotSelfCollisionIgnore] 자기충돌 무시(OFF·통과): 콜라이더 93개, 4278쌍 적용
[RobotSelfCollisionIgnore] 자기충돌 무시(OFF·통과): 콜라이더 93개, 4278쌍 적용
[RobotSelfCollisionIgnore] 자기충돌 무시(OFF·통과): 콜라이더 93개, 4278쌍 적용
[RobotSelfCollisionIgnore] 자기충돌 무시(OFF·통과): 콜라이더 93개, 4278쌍 적용
[RobotSelfCollisionIgnore] 자기충돌 무시(OFF·통과): 콜라이더 93개, 4278쌍 적용
[RobotSelfCollisionIgnore] 자기충돌 무시(OFF·통과): 콜라이더 93개, 4278쌍 적용
[RobotSelfCollisionIgnore] 자기충돌 무시(OFF·통과): 콜라이더 93개, 4278쌍 적용
[RobotSelfCollisionIgnore] 자기충돌 무시(OFF·통과): 콜라이더 93개, 4278쌍 적용
[RobotSelfCollisionIgnore] 자기충돌 무시(OFF·통과): 콜라이더 93개, 4278쌍 적용
[RobotSelfCollisionIgnore] 자기충돌 무시(OFF·통과): 콜라이더 93개, 4278쌍 적용
[RobotSelfCollisionIgnore] 자기충돌 무시(OFF·통과): 콜라이더 93개, 4278쌍 적용
[RobotSelfCollisionIgnore] 자기충돌 무시(OFF·통과): 콜라이더 93개, 4278쌍 적용
[RobotSelfCollisionIgnore] 자기충돌 무시(OFF·통과): 콜라이더 93개, 4278쌍 적용
[RobotSelfCollisionIgnore] 자기충돌 무시(OFF·통과): 콜라이더 93개, 4278쌍 적용
[RobotSelfCollisionIgnore] 자기충돌 무시(OFF·통과): 콜라이더 93개, 4278쌍 적용
[RobotSelfCollisionIgnore] 자기충돌 무시(OFF·통과): 콜라이더 93개, 4278쌍 적용
[RobotSelfCollisionIgnore] 자기충돌 무시(OFF·통과): 콜라이더 93개, 4278쌍 적용
[RobotSelfCollisionIgnore] 자기충돌 무시(OFF·통과): 콜라이더 93개, 4278쌍 적용
[RobotSelfCollisionIgnore] 자기충돌 무시(OFF·통과): 콜라이더 93개, 4278쌍 적용
]]></output>
              </test-case>
            </test-suite>
          </test-suite>
        </test-suite>
      </test-suite>
    </test-suite>
    <test-suite type="Assembly" id="1023" name="KDT.GraspTraining.PlayModeTests.dll" fullname="/home/lkb/workspace/KDT_1_AX_rtauto/unity/Library/ScriptAssemblies/KDT.GraspTraining.PlayModeTests.dll" runstate="Runnable" testcasecount="8" result="Failed" site="Child" start-time="2026-07-28 17:59:49Z" end-time="2026-07-28 18:00:17Z" duration="28.718811" total="8" passed="7" failed="1" inconclusive="0" skipped="0" asserts="0">
      <properties>
        <property name="_PID" value="370256" />
        <property name="_APPDOMAIN" value="Unity Child Domain" />
        <property name="platform" value="PlayMode" />
        <property name="EditorOnly" value="False" />
      </properties>
      <failure>
        <message><![CDATA[One or more child tests had errors]]></message>
      </failure>
      <test-suite type="TestSuite" id="1024" name="KDT" fullname="KDT" runstate="Runnable" testcasecount="8" result="Failed" site="Child" start-time="2026-07-28 17:59:49Z" end-time="2026-07-28 18:00:17Z" duration="28.717847" total="8" passed="7" failed="1" inconclusive="0" skipped="0" asserts="0">
        <properties />
        <failure>
          <message><![CDATA[One or more child tests had errors]]></message>
        </failure>
        <test-suite type="TestSuite" id="1025" name="GraspTraining" fullname="KDT.GraspTraining" runstate="Runnable" testcasecount="8" result="Failed" site="Child" start-time="2026-07-28 17:59:49Z" end-time="2026-07-28 18:00:17Z" duration="28.717560" total="8" passed="7" failed="1" inconclusive="0" skipped="0" asserts="0">
          <properties />
          <failure>
            <message><![CDATA[One or more child tests had errors]]></message>
          </failure>
          <test-suite type="TestSuite" id="1026" name="PlayModeTests" fullname="KDT.GraspTraining.PlayModeTests" runstate="Runnable" testcasecount="8" result="Failed" site="Child" start-time="2026-07-28 17:59:49Z" end-time="2026-07-28 18:00:17Z" duration="28.717299" total="8" passed="7" failed="1" inconclusive="0" skipped="0" asserts="0">
            <properties />
            <failure>
              <message><![CDATA[One or more child tests had errors]]></message>
            </failure>
            <test-suite type="TestFixture" id="1014" name="GraspTrainingSceneTests" fullname="KDT.GraspTraining.PlayModeTests.GraspTrainingSceneTests" classname="KDT.GraspTraining.PlayModeTests.GraspTrainingSceneTests" runstate="Runnable" testcasecount="8" result="Failed" site="Child" start-time="2026-07-28 17:59:49Z" end-time="2026-07-28 18:00:17Z" duration="28.716935" total="8" passed="7" failed="1" inconclusive="0" skipped="0" asserts="0">
              <properties />
              <failure>
                <message><![CDATA[One or more child tests had errors]]></message>
              </failure>
              <test-case id="1019" name="CompatibilityClosureActionIsIgnoredAndHandStaysOpen" fullname="KDT.GraspTraining.PlayModeTests.GraspTrainingSceneTests.CompatibilityClosureActionIsIgnoredAndHandStaysOpen" methodname="CompatibilityClosureActionIsIgnoredAndHandStaysOpen" classname="KDT.GraspTraining.PlayModeTests.GraspTrainingSceneTests" runstate="Runnable" seed="1137118930" result="Passed" start-time="2026-07-28 17:59:49Z" end-time="2026-07-28 17:59:52Z" duration="3.052023" asserts="0">
                <properties>
                  <property name="_JOINTYPE" value="UnityCombinatorial" />
                  <property name="retryIteration" value="0" />
                  <property name="repeatIteration" value="0" />
                </properties>
                <output><![CDATA[[Dg5fFingerIK f5] 준비 완료 — 마디합 15.3cm, 방향별 최대도달 테이블 10.0~15.3cm (FK 13^4 스윕, 앵커=5_1+offset)
[Dg5fFingerIK f4] 준비 완료 — 마디합 13.5cm, 방향별 최대도달 테이블 5.1~13.5cm (FK 13^4 스윕, 앵커=4_1+offset)
[Dg5fFingerIK f3] 준비 완료 — 마디합 13.5cm, 방향별 최대도달 테이블 4.3~13.5cm (FK 13^4 스윕, 앵커=3_1+offset)
[RobotSelfCollisionIgnore] 자기충돌 무시(OFF·통과): 콜라이더 93개, 4278쌍 적용
[Dg5fFingerIK f5] 준비 완료 — 마디합 15.3cm, 방향별 최대도달 테이블 10.0~15.3cm (FK 13^4 스윕, 앵커=5_1+offset)
[Dg5fFingerIK f4] 준비 완료 — 마디합 13.5cm, 방향별 최대도달 테이블 5.1~13.5cm (FK 13^4 스윕, 앵커=4_1+offset)
[Dg5fFingerIK f3] 준비 완료 — 마디합 13.5cm, 방향별 최대도달 테이블 4.3~13.5cm (FK 13^4 스윕, 앵커=3_1+offset)
[RobotSelfCollisionIgnore] 자기충돌 무시(OFF·통과): 콜라이더 93개, 4278쌍 적용
[Dg5fFingerIK f5] 준비 완료 — 마디합 15.3cm, 방향별 최대도달 테이블 10.0~15.3cm (FK 13^4 스윕, 앵커=5_1+offset)
[Dg5fFingerIK f4] 준비 완료 — 마디합 13.5cm, 방향별 최대도달 테이블 5.1~13.5cm (FK 13^4 스윕, 앵커=4_1+offset)
[Dg5fFingerIK f3] 준비 완료 — 마디합 13.5cm, 방향별 최대도달 테이블 4.3~13.5cm (FK 13^4 스윕, 앵커=3_1+offset)
[RobotSelfCollisionIgnore] 자기충돌 무시(OFF·통과): 콜라이더 93개, 4278쌍 적용
[Dg5fFingerIK f5] 준비 완료 — 마디합 15.3cm, 방향별 최대도달 테이블 10.0~15.3cm (FK 13^4 스윕, 앵커=5_1+offset)
[Dg5fFingerIK f4] 준비 완료 — 마디합 13.5cm, 방향별 최대도달 테이블 5.1~13.5cm (FK 13^4 스윕, 앵커=4_1+offset)
[Dg5fFingerIK f3] 준비 완료 — 마디합 13.5cm, 방향별 최대도달 테이블 4.3~13.5cm (FK 13^4 스윕, 앵커=3_1+offset)
[RobotSelfCollisionIgnore] 자기충돌 무시(OFF·통과): 콜라이더 93개, 4278쌍 적용
[Dg5fFingerIK f5] 준비 완료 — 마디합 15.3cm, 방향별 최대도달 테이블 10.0~15.3cm (FK 13^4 스윕, 앵커=5_1+offset)
[Dg5fFingerIK f4] 준비 완료 — 마디합 13.5cm, 방향별 최대도달 테이블 5.1~13.5cm (FK 13^4 스윕, 앵커=4_1+offset)
[Dg5fFingerIK f3] 준비 완료 — 마디합 13.5cm, 방향별 최대도달 테이블 4.3~13.5cm (FK 13^4 스윕, 앵커=3_1+offset)
[RobotSelfCollisionIgnore] 자기충돌 무시(OFF·통과): 콜라이더 93개, 4278쌍 적용
[Dg5fFingerIK f5] 준비 완료 — 마디합 15.3cm, 방향별 최대도달 테이블 10.0~15.3cm (FK 13^4 스윕, 앵커=5_1+offset)
[Dg5fFingerIK f4] 준비 완료 — 마디합 13.5cm, 방향별 최대도달 테이블 5.1~13.5cm (FK 13^4 스윕, 앵커=4_1+offset)
[Dg5fFingerIK f3] 준비 완료 — 마디합 13.5cm, 방향별 최대도달 테이블 4.3~13.5cm (FK 13^4 스윕, 앵커=3_1+offset)
[RobotSelfCollisionIgnore] 자기충돌 무시(OFF·통과): 콜라이더 93개, 4278쌍 적용
[Dg5fFingerIK f5] 준비 완료 — 마디합 15.3cm, 방향별 최대도달 테이블 10.0~15.3cm (FK 13^4 스윕, 앵커=5_1+offset)
[Dg5fFingerIK f4] 준비 완료 — 마디합 13.5cm, 방향별 최대도달 테이블 5.1~13.5cm (FK 13^4 스윕, 앵커=4_1+offset)
[Dg5fFingerIK f3] 준비 완료 — 마디합 13.5cm, 방향별 최대도달 테이블 4.3~13.5cm (FK 13^4 스윕, 앵커=3_1+offset)
[RobotSelfCollisionIgnore] 자기충돌 무시(OFF·통과): 콜라이더 93개, 4278쌍 적용
[Dg5fFingerIK f5] 준비 완료 — 마디합 15.3cm, 방향별 최대도달 테이블 10.0~15.3cm (FK 13^4 스윕, 앵커=5_1+offset)
[Dg5fFingerIK f4] 준비 완료 — 마디합 13.5cm, 방향별 최대도달 테이블 5.1~13.5cm (FK 13^4 스윕, 앵커=4_1+offset)
[Dg5fFingerIK f3] 준비 완료 — 마디합 13.5cm, 방향별 최대도달 테이블 4.3~13.5cm (FK 13^4 스윕, 앵커=3_1+offset)
[RobotSelfCollisionIgnore] 자기충돌 무시(OFF·통과): 콜라이더 93개, 4278쌍 적용
[Dg5fFingerIK f5] 준비 완료 — 마디합 15.3cm, 방향별 최대도달 테이블 10.0~15.3cm (FK 13^4 스윕, 앵커=5_1+offset)
[Dg5fFingerIK f4] 준비 완료 — 마디합 13.5cm, 방향별 최대도달 테이블 5.1~13.5cm (FK 13^4 스윕, 앵커=4_1+offset)
[Dg5fFingerIK f3] 준비 완료 — 마디합 13.5cm, 방향별 최대도달 테이블 4.3~13.5cm (FK 13^4 스윕, 앵커=3_1+offset)
[RobotSelfCollisionIgnore] 자기충돌 무시(OFF·통과): 콜라이더 93개, 4278쌍 적용
[Dg5fFingerIK f5] 준비 완료 — 마디합 15.3cm, 방향별 최대도달 테이블 10.0~15.3cm (FK 13^4 스윕, 앵커=5_1+offset)
[Dg5fFingerIK f4] 준비 완료 — 마디합 13.5cm, 방향별 최대도달 테이블 5.1~13.5cm (FK 13^4 스윕, 앵커=4_1+offset)
[Dg5fFingerIK f3] 준비 완료 — 마디합 13.5cm, 방향별 최대도달 테이블 4.3~13.5cm (FK 13^4 스윕, 앵커=3_1+offset)
[RobotSelfCollisionIgnore] 자기충돌 무시(OFF·통과): 콜라이더 93개, 4278쌍 적용
[Dg5fFingerIK f5] 준비 완료 — 마디합 15.3cm, 방향별 최대도달 테이블 10.0~15.3cm (FK 13^4 스윕, 앵커=5_1+offset)
[Dg5fFingerIK f4] 준비 완료 — 마디합 13.5cm, 방향별 최대도달 테이블 5.1~13.5cm (FK 13^4 스윕, 앵커=4_1+offset)
[Dg5fFingerIK f3] 준비 완료 — 마디합 13.5cm, 방향별 최대도달 테이블 4.3~13.5cm (FK 13^4 스윕, 앵커=3_1+offset)
[RobotSelfCollisionIgnore] 자기충돌 무시(OFF·통과): 콜라이더 93개, 4278쌍 적용
[Dg5fFingerIK f5] 준비 완료 — 마디합 15.3cm, 방향별 최대도달 테이블 10.0~15.3cm (FK 13^4 스윕, 앵커=5_1+offset)
[Dg5fFingerIK f4] 준비 완료 — 마디합 13.5cm, 방향별 최대도달 테이블 5.1~13.5cm (FK 13^4 스윕, 앵커=4_1+offset)
[Dg5fFingerIK f3] 준비 완료 — 마디합 13.5cm, 방향별 최대도달 테이블 4.3~13.5cm (FK 13^4 스윕, 앵커=3_1+offset)
[RobotSelfCollisionIgnore] 자기충돌 무시(OFF·통과): 콜라이더 93개, 4278쌍 적용
[Dg5fFingerIK f5] 준비 완료 — 마디합 15.3cm, 방향별 최대도달 테이블 10.0~15.3cm (FK 13^4 스윕, 앵커=5_1+offset)
[Dg5fFingerIK f4] 준비 완료 — 마디합 13.5cm, 방향별 최대도달 테이블 5.1~13.5cm (FK 13^4 스윕, 앵커=4_1+offset)
[Dg5fFingerIK f3] 준비 완료 — 마디합 13.5cm, 방향별 최대도달 테이블 4.3~13.5cm (FK 13^4 스윕, 앵커=3_1+offset)
[RobotSelfCollisionIgnore] 자기충돌 무시(OFF·통과): 콜라이더 93개, 4278쌍 적용
[Dg5fFingerIK f5] 준비 완료 — 마디합 15.3cm, 방향별 최대도달 테이블 10.0~15.3cm (FK 13^4 스윕, 앵커=5_1+offset)
[Dg5fFingerIK f4] 준비 완료 — 마디합 13.5cm, 방향별 최대도달 테이블 5.1~13.5cm (FK 13^4 스윕, 앵커=4_1+offset)
[Dg5fFingerIK f3] 준비 완료 — 마디합 13.5cm, 방향별 최대도달 테이블 4.3~13.5cm (FK 13^4 스윕, 앵커=3_1+offset)
[RobotSelfCollisionIgnore] 자기충돌 무시(OFF·통과): 콜라이더 93개, 4278쌍 적용
[Dg5fFingerIK f5] 준비 완료 — 마디합 15.3cm, 방향별 최대도달 테이블 10.0~15.3cm (FK 13^4 스윕, 앵커=5_1+offset)
[Dg5fFingerIK f4] 준비 완료 — 마디합 13.5cm, 방향별 최대도달 테이블 5.1~13.5cm (FK 13^4 스윕, 앵커=4_1+offset)
[Dg5fFingerIK f3] 준비 완료 — 마디합 13.5cm, 방향별 최대도달 테이블 4.3~13.5cm (FK 13^4 스윕, 앵커=3_1+offset)
[RobotSelfCollisionIgnore] 자기충돌 무시(OFF·통과): 콜라이더 93개, 4278쌍 적용
[Dg5fFingerIK f5] 준비 완료 — 마디합 15.3cm, 방향별 최대도달 테이블 10.0~15.3cm (FK 13^4 스윕, 앵커=5_1+offset)
[Dg5fFingerIK f4] 준비 완료 — 마디합 13.5cm, 방향별 최대도달 테이블 5.1~13.5cm (FK 13^4 스윕, 앵커=4_1+offset)
[Dg5fFingerIK f3] 준비 완료 — 마디합 13.5cm, 방향별 최대도달 테이블 4.3~13.5cm (FK 13^4 스윕, 앵커=3_1+offset)
[RobotSelfCollisionIgnore] 자기충돌 무시(OFF·통과): 콜라이더 93개, 4278쌍 적용
[Dg5fFingerIK f5] 준비 완료 — 마디합 15.3cm, 방향별 최대도달 테이블 10.0~15.3cm (FK 13^4 스윕, 앵커=5_1+offset)
[Dg5fFingerIK f4] 준비 완료 — 마디합 13.5cm, 방향별 최대도달 테이블 5.1~13.5cm (FK 13^4 스윕, 앵커=4_1+offset)
[Dg5fFingerIK f3] 준비 완료 — 마디합 13.5cm, 방향별 최대도달 테이블 4.3~13.5cm (FK 13^4 스윕, 앵커=3_1+offset)
[RobotSelfCollisionIgnore] 자기충돌 무시(OFF·통과): 콜라이더 93개, 4278쌍 적용
[Dg5fFingerIK f5] 준비 완료 — 마디합 15.3cm, 방향별 최대도달 테이블 10.0~15.3cm (FK 13^4 스윕, 앵커=5_1+offset)
[Dg5fFingerIK f4] 준비 완료 — 마디합 13.5cm, 방향별 최대도달 테이블 5.1~13.5cm (FK 13^4 스윕, 앵커=4_1+offset)
[Dg5fFingerIK f3] 준비 완료 — 마디합 13.5cm, 방향별 최대도달 테이블 4.3~13.5cm (FK 13^4 스윕, 앵커=3_1+offset)
[RobotSelfCollisionIgnore] 자기충돌 무시(OFF·통과): 콜라이더 93개, 4278쌍 적용
[Dg5fFingerIK f5] 준비 완료 — 마디합 15.3cm, 방향별 최대도달 테이블 10.0~15.3cm (FK 13^4 스윕, 앵커=5_1+offset)
[Dg5fFingerIK f4] 준비 완료 — 마디합 13.5cm, 방향별 최대도달 테이블 5.1~13.5cm (FK 13^4 스윕, 앵커=4_1+offset)
[Dg5fFingerIK f3] 준비 완료 — 마디합 13.5cm, 방향별 최대도달 테이블 4.3~13.5cm (FK 13^4 스윕, 앵커=3_1+offset)
[RobotSelfCollisionIgnore] 자기충돌 무시(OFF·통과): 콜라이더 93개, 4278쌍 적용
[Dg5fFingerIK f5] 준비 완료 — 마디합 15.3cm, 방향별 최대도달 테이블 10.0~15.3cm (FK 13^4 스윕, 앵커=5_1+offset)
[Dg5fFingerIK f4] 준비 완료 — 마디합 13.5cm, 방향별 최대도달 테이블 5.1~13.5cm (FK 13^4 스윕, 앵커=4_1+offset)
[Dg5fFingerIK f3] 준비 완료 — 마디합 13.5cm, 방향별 최대도달 테이블 4.3~13.5cm (FK 13^4 스윕, 앵커=3_1+offset)
[RobotSelfCollisionIgnore] 자기충돌 무시(OFF·통과): 콜라이더 93개, 4278쌍 적용
]]></output>
              </test-case>
              <test-case id="1020" name="DeploymentReachLocksArmAndYieldsHandWriter" fullname="KDT.GraspTraining.PlayModeTests.GraspTrainingSceneTests.DeploymentReachLocksArmAndYieldsHandWriter" methodname="DeploymentReachLocksArmAndYieldsHandWriter" classname="KDT.GraspTraining.PlayModeTests.GraspTrainingSceneTests" runstate="Runnable" seed="1026742384" result="Passed" start-time="2026-07-28 17:59:52Z" end-time="2026-07-28 17:59:55Z" duration="3.336491" asserts="0">
                <properties>
                  <property name="_JOINTYPE" value="UnityCombinatorial" />
                  <property name="retryIteration" value="0" />
                  <property name="repeatIteration" value="0" />
                </properties>
                <output><![CDATA[[Dg5fFingerIK f5] 준비 완료 — 마디합 15.3cm, 방향별 최대도달 테이블 10.0~15.3cm (FK 13^4 스윕, 앵커=5_1+offset)
[Dg5fFingerIK f4] 준비 완료 — 마디합 13.5cm, 방향별 최대도달 테이블 5.1~13.5cm (FK 13^4 스윕, 앵커=4_1+offset)
[Dg5fFingerIK f3] 준비 완료 — 마디합 13.5cm, 방향별 최대도달 테이블 4.3~13.5cm (FK 13^4 스윕, 앵커=3_1+offset)
[RobotSelfCollisionIgnore] 자기충돌 무시(OFF·통과): 콜라이더 93개, 4278쌍 적용
[Dg5fFingerIK f5] 준비 완료 — 마디합 15.3cm, 방향별 최대도달 테이블 10.0~15.3cm (FK 13^4 스윕, 앵커=5_1+offset)
[Dg5fFingerIK f4] 준비 완료 — 마디합 13.5cm, 방향별 최대도달 테이블 5.1~13.5cm (FK 13^4 스윕, 앵커=4_1+offset)
[Dg5fFingerIK f3] 준비 완료 — 마디합 13.5cm, 방향별 최대도달 테이블 4.3~13.5cm (FK 13^4 스윕, 앵커=3_1+offset)
[RobotSelfCollisionIgnore] 자기충돌 무시(OFF·통과): 콜라이더 93개, 4278쌍 적용
[Dg5fFingerIK f5] 준비 완료 — 마디합 15.3cm, 방향별 최대도달 테이블 10.0~15.3cm (FK 13^4 스윕, 앵커=5_1+offset)
[Dg5fFingerIK f4] 준비 완료 — 마디합 13.5cm, 방향별 최대도달 테이블 5.1~13.5cm (FK 13^4 스윕, 앵커=4_1+offset)
[Dg5fFingerIK f3] 준비 완료 — 마디합 13.5cm, 방향별 최대도달 테이블 4.3~13.5cm (FK 13^4 스윕, 앵커=3_1+offset)
[RobotSelfCollisionIgnore] 자기충돌 무시(OFF·통과): 콜라이더 93개, 4278쌍 적용
[Dg5fFingerIK f5] 준비 완료 — 마디합 15.3cm, 방향별 최대도달 테이블 10.0~15.3cm (FK 13^4 스윕, 앵커=5_1+offset)
[Dg5fFingerIK f4] 준비 완료 — 마디합 13.5cm, 방향별 최대도달 테이블 5.1~13.5cm (FK 13^4 스윕, 앵커=4_1+offset)
[Dg5fFingerIK f3] 준비 완료 — 마디합 13.5cm, 방향별 최대도달 테이블 4.3~13.5cm (FK 13^4 스윕, 앵커=3_1+offset)
[RobotSelfCollisionIgnore] 자기충돌 무시(OFF·통과): 콜라이더 93개, 4278쌍 적용
[Dg5fFingerIK f5] 준비 완료 — 마디합 15.3cm, 방향별 최대도달 테이블 10.0~15.3cm (FK 13^4 스윕, 앵커=5_1+offset)
[Dg5fFingerIK f4] 준비 완료 — 마디합 13.5cm, 방향별 최대도달 테이블 5.1~13.5cm (FK 13^4 스윕, 앵커=4_1+offset)
[Dg5fFingerIK f3] 준비 완료 — 마디합 13.5cm, 방향별 최대도달 테이블 4.3~13.5cm (FK 13^4 스윕, 앵커=3_1+offset)
[RobotSelfCollisionIgnore] 자기충돌 무시(OFF·통과): 콜라이더 93개, 4278쌍 적용
[Dg5fFingerIK f5] 준비 완료 — 마디합 15.3cm, 방향별 최대도달 테이블 10.0~15.3cm (FK 13^4 스윕, 앵커=5_1+offset)
[Dg5fFingerIK f4] 준비 완료 — 마디합 13.5cm, 방향별 최대도달 테이블 5.1~13.5cm (FK 13^4 스윕, 앵커=4_1+offset)
[Dg5fFingerIK f3] 준비 완료 — 마디합 13.5cm, 방향별 최대도달 테이블 4.3~13.5cm (FK 13^4 스윕, 앵커=3_1+offset)
[RobotSelfCollisionIgnore] 자기충돌 무시(OFF·통과): 콜라이더 93개, 4278쌍 적용
[Dg5fFingerIK f5] 준비 완료 — 마디합 15.3cm, 방향별 최대도달 테이블 10.0~15.3cm (FK 13^4 스윕, 앵커=5_1+offset)
[Dg5fFingerIK f4] 준비 완료 — 마디합 13.5cm, 방향별 최대도달 테이블 5.1~13.5cm (FK 13^4 스윕, 앵커=4_1+offset)
[Dg5fFingerIK f3] 준비 완료 — 마디합 13.5cm, 방향별 최대도달 테이블 4.3~13.5cm (FK 13^4 스윕, 앵커=3_1+offset)
[RobotSelfCollisionIgnore] 자기충돌 무시(OFF·통과): 콜라이더 93개, 4278쌍 적용
[Dg5fFingerIK f5] 준비 완료 — 마디합 15.3cm, 방향별 최대도달 테이블 10.0~15.3cm (FK 13^4 스윕, 앵커=5_1+offset)
[Dg5fFingerIK f4] 준비 완료 — 마디합 13.5cm, 방향별 최대도달 테이블 5.1~13.5cm (FK 13^4 스윕, 앵커=4_1+offset)
[Dg5fFingerIK f3] 준비 완료 — 마디합 13.5cm, 방향별 최대도달 테이블 4.3~13.5cm (FK 13^4 스윕, 앵커=3_1+offset)
[RobotSelfCollisionIgnore] 자기충돌 무시(OFF·통과): 콜라이더 93개, 4278쌍 적용
[Dg5fFingerIK f5] 준비 완료 — 마디합 15.3cm, 방향별 최대도달 테이블 10.0~15.3cm (FK 13^4 스윕, 앵커=5_1+offset)
[Dg5fFingerIK f4] 준비 완료 — 마디합 13.5cm, 방향별 최대도달 테이블 5.1~13.5cm (FK 13^4 스윕, 앵커=4_1+offset)
[Dg5fFingerIK f3] 준비 완료 — 마디합 13.5cm, 방향별 최대도달 테이블 4.3~13.5cm (FK 13^4 스윕, 앵커=3_1+offset)
[RobotSelfCollisionIgnore] 자기충돌 무시(OFF·통과): 콜라이더 93개, 4278쌍 적용
[Dg5fFingerIK f5] 준비 완료 — 마디합 15.3cm, 방향별 최대도달 테이블 10.0~15.3cm (FK 13^4 스윕, 앵커=5_1+offset)
[Dg5fFingerIK f4] 준비 완료 — 마디합 13.5cm, 방향별 최대도달 테이블 5.1~13.5cm (FK 13^4 스윕, 앵커=4_1+offset)
[Dg5fFingerIK f3] 준비 완료 — 마디합 13.5cm, 방향별 최대도달 테이블 4.3~13.5cm (FK 13^4 스윕, 앵커=3_1+offset)
[RobotSelfCollisionIgnore] 자기충돌 무시(OFF·통과): 콜라이더 93개, 4278쌍 적용
[Dg5fFingerIK f5] 준비 완료 — 마디합 15.3cm, 방향별 최대도달 테이블 10.0~15.3cm (FK 13^4 스윕, 앵커=5_1+offset)
[Dg5fFingerIK f4] 준비 완료 — 마디합 13.5cm, 방향별 최대도달 테이블 5.1~13.5cm (FK 13^4 스윕, 앵커=4_1+offset)
[Dg5fFingerIK f3] 준비 완료 — 마디합 13.5cm, 방향별 최대도달 테이블 4.3~13.5cm (FK 13^4 스윕, 앵커=3_1+offset)
[RobotSelfCollisionIgnore] 자기충돌 무시(OFF·통과): 콜라이더 93개, 4278쌍 적용
[Dg5fFingerIK f5] 준비 완료 — 마디합 15.3cm, 방향별 최대도달 테이블 10.0~15.3cm (FK 13^4 스윕, 앵커=5_1+offset)
[Dg5fFingerIK f4] 준비 완료 — 마디합 13.5cm, 방향별 최대도달 테이블 5.1~13.5cm (FK 13^4 스윕, 앵커=4_1+offset)
[Dg5fFingerIK f3] 준비 완료 — 마디합 13.5cm, 방향별 최대도달 테이블 4.3~13.5cm (FK 13^4 스윕, 앵커=3_1+offset)
[RobotSelfCollisionIgnore] 자기충돌 무시(OFF·통과): 콜라이더 93개, 4278쌍 적용
[Dg5fFingerIK f5] 준비 완료 — 마디합 15.3cm, 방향별 최대도달 테이블 10.0~15.3cm (FK 13^4 스윕, 앵커=5_1+offset)
[Dg5fFingerIK f4] 준비 완료 — 마디합 13.5cm, 방향별 최대도달 테이블 5.1~13.5cm (FK 13^4 스윕, 앵커=4_1+offset)
[Dg5fFingerIK f3] 준비 완료 — 마디합 13.5cm, 방향별 최대도달 테이블 4.3~13.5cm (FK 13^4 스윕, 앵커=3_1+offset)
[RobotSelfCollisionIgnore] 자기충돌 무시(OFF·통과): 콜라이더 93개, 4278쌍 적용
[Dg5fFingerIK f5] 준비 완료 — 마디합 15.3cm, 방향별 최대도달 테이블 10.0~15.3cm (FK 13^4 스윕, 앵커=5_1+offset)
[Dg5fFingerIK f4] 준비 완료 — 마디합 13.5cm, 방향별 최대도달 테이블 5.1~13.5cm (FK 13^4 스윕, 앵커=4_1+offset)
[Dg5fFingerIK f3] 준비 완료 — 마디합 13.5cm, 방향별 최대도달 테이블 4.3~13.5cm (FK 13^4 스윕, 앵커=3_1+offset)
[RobotSelfCollisionIgnore] 자기충돌 무시(OFF·통과): 콜라이더 93개, 4278쌍 적용
[Dg5fFingerIK f5] 준비 완료 — 마디합 15.3cm, 방향별 최대도달 테이블 10.0~15.3cm (FK 13^4 스윕, 앵커=5_1+offset)
[Dg5fFingerIK f4] 준비 완료 — 마디합 13.5cm, 방향별 최대도달 테이블 5.1~13.5cm (FK 13^4 스윕, 앵커=4_1+offset)
[Dg5fFingerIK f3] 준비 완료 — 마디합 13.5cm, 방향별 최대도달 테이블 4.3~13.5cm (FK 13^4 스윕, 앵커=3_1+offset)
[RobotSelfCollisionIgnore] 자기충돌 무시(OFF·통과): 콜라이더 93개, 4278쌍 적용
[Dg5fFingerIK f5] 준비 완료 — 마디합 15.3cm, 방향별 최대도달 테이블 10.0~15.3cm (FK 13^4 스윕, 앵커=5_1+offset)
[Dg5fFingerIK f4] 준비 완료 — 마디합 13.5cm, 방향별 최대도달 테이블 5.1~13.5cm (FK 13^4 스윕, 앵커=4_1+offset)
[Dg5fFingerIK f3] 준비 완료 — 마디합 13.5cm, 방향별 최대도달 테이블 4.3~13.5cm (FK 13^4 스윕, 앵커=3_1+offset)
[RobotSelfCollisionIgnore] 자기충돌 무시(OFF·통과): 콜라이더 93개, 4278쌍 적용
[Dg5fFingerIK f5] 준비 완료 — 마디합 15.3cm, 방향별 최대도달 테이블 10.0~15.3cm (FK 13^4 스윕, 앵커=5_1+offset)
[Dg5fFingerIK f4] 준비 완료 — 마디합 13.5cm, 방향별 최대도달 테이블 5.1~13.5cm (FK 13^4 스윕, 앵커=4_1+offset)
[Dg5fFingerIK f3] 준비 완료 — 마디합 13.5cm, 방향별 최대도달 테이블 4.3~13.5cm (FK 13^4 스윕, 앵커=3_1+offset)
[RobotSelfCollisionIgnore] 자기충돌 무시(OFF·통과): 콜라이더 93개, 4278쌍 적용
[Dg5fFingerIK f5] 준비 완료 — 마디합 15.3cm, 방향별 최대도달 테이블 10.0~15.3cm (FK 13^4 스윕, 앵커=5_1+offset)
[Dg5fFingerIK f4] 준비 완료 — 마디합 13.5cm, 방향별 최대도달 테이블 5.1~13.5cm (FK 13^4 스윕, 앵커=4_1+offset)
[Dg5fFingerIK f3] 준비 완료 — 마디합 13.5cm, 방향별 최대도달 테이블 4.3~13.5cm (FK 13^4 스윕, 앵커=3_1+offset)
[RobotSelfCollisionIgnore] 자기충돌 무시(OFF·통과): 콜라이더 93개, 4278쌍 적용
[Dg5fFingerIK f5] 준비 완료 — 마디합 15.3cm, 방향별 최대도달 테이블 10.0~15.3cm (FK 13^4 스윕, 앵커=5_1+offset)
[Dg5fFingerIK f4] 준비 완료 — 마디합 13.5cm, 방향별 최대도달 테이블 5.1~13.5cm (FK 13^4 스윕, 앵커=4_1+offset)
[Dg5fFingerIK f3] 준비 완료 — 마디합 13.5cm, 방향별 최대도달 테이블 4.3~13.5cm (FK 13^4 스윕, 앵커=3_1+offset)
[RobotSelfCollisionIgnore] 자기충돌 무시(OFF·통과): 콜라이더 93개, 4278쌍 적용
[Dg5fFingerIK f5] 준비 완료 — 마디합 15.3cm, 방향별 최대도달 테이블 10.0~15.3cm (FK 13^4 스윕, 앵커=5_1+offset)
[Dg5fFingerIK f4] 준비 완료 — 마디합 13.5cm, 방향별 최대도달 테이블 5.1~13.5cm (FK 13^4 스윕, 앵커=4_1+offset)
[Dg5fFingerIK f3] 준비 완료 — 마디합 13.5cm, 방향별 최대도달 테이블 4.3~13.5cm (FK 13^4 스윕, 앵커=3_1+offset)
[RobotSelfCollisionIgnore] 자기충돌 무시(OFF·통과): 콜라이더 93개, 4278쌍 적용
[Dg5fHandDriver] 관절 매핑 20/20, 포트 5006 수신 대기
[Dg5fHandDriver] 라디안 로그 시작: /home/lkb/workspace/KDT_1_AX_rtauto/unity/Assets/../Logs/rad_dg5f_20260729_025955.csv
[Dg5fFingerIK f1] 준비 완료 — 마디합 14.8cm, 방향별 최대도달 테이블 2.9~13.2cm (FK 13^4 스윕, 앵커=1_1+offset)
[Dg5fFingerIK f2] 준비 완료 — 마디합 13.5cm, 방향별 최대도달 테이블 3.5~13.5cm (FK 13^4 스윕, 앵커=2_1+offset)
]]></output>
              </test-case>
              <test-case id="1017" name="RepeatedResetsAfterMotionRemainFiniteAndReleaseBallSafely" fullname="KDT.GraspTraining.PlayModeTests.GraspTrainingSceneTests.RepeatedResetsAfterMotionRemainFiniteAndReleaseBallSafely" methodname="RepeatedResetsAfterMotionRemainFiniteAndReleaseBallSafely" classname="KDT.GraspTraining.PlayModeTests.GraspTrainingSceneTests" runstate="Runnable" seed="1625889789" result="Passed" start-time="2026-07-28 17:59:55Z" end-time="2026-07-28 17:59:59Z" duration="4.149368" asserts="0">
                <properties>
                  <property name="_JOINTYPE" value="UnityCombinatorial" />
                  <property name="retryIteration" value="0" />
                  <property name="repeatIteration" value="0" />
                </properties>
                <output><![CDATA[[Dg5fFingerIK f5] 준비 완료 — 마디합 15.3cm, 방향별 최대도달 테이블 10.0~15.3cm (FK 13^4 스윕, 앵커=5_1+offset)
[Dg5fFingerIK f4] 준비 완료 — 마디합 13.5cm, 방향별 최대도달 테이블 5.1~13.5cm (FK 13^4 스윕, 앵커=4_1+offset)
[Dg5fFingerIK f3] 준비 완료 — 마디합 13.5cm, 방향별 최대도달 테이블 4.3~13.5cm (FK 13^4 스윕, 앵커=3_1+offset)
[RobotSelfCollisionIgnore] 자기충돌 무시(OFF·통과): 콜라이더 93개, 4278쌍 적용
[Dg5fFingerIK f5] 준비 완료 — 마디합 15.3cm, 방향별 최대도달 테이블 10.0~15.3cm (FK 13^4 스윕, 앵커=5_1+offset)
[Dg5fFingerIK f4] 준비 완료 — 마디합 13.5cm, 방향별 최대도달 테이블 5.1~13.5cm (FK 13^4 스윕, 앵커=4_1+offset)
[Dg5fFingerIK f3] 준비 완료 — 마디합 13.5cm, 방향별 최대도달 테이블 4.3~13.5cm (FK 13^4 스윕, 앵커=3_1+offset)
[RobotSelfCollisionIgnore] 자기충돌 무시(OFF·통과): 콜라이더 93개, 4278쌍 적용
[Dg5fFingerIK f5] 준비 완료 — 마디합 15.3cm, 방향별 최대도달 테이블 10.0~15.3cm (FK 13^4 스윕, 앵커=5_1+offset)
[Dg5fFingerIK f4] 준비 완료 — 마디합 13.5cm, 방향별 최대도달 테이블 5.1~13.5cm (FK 13^4 스윕, 앵커=4_1+offset)
[Dg5fFingerIK f3] 준비 완료 — 마디합 13.5cm, 방향별 최대도달 테이블 4.3~13.5cm (FK 13^4 스윕, 앵커=3_1+offset)
[RobotSelfCollisionIgnore] 자기충돌 무시(OFF·통과): 콜라이더 93개, 4278쌍 적용
[Dg5fFingerIK f5] 준비 완료 — 마디합 15.3cm, 방향별 최대도달 테이블 10.0~15.3cm (FK 13^4 스윕, 앵커=5_1+offset)
[Dg5fFingerIK f4] 준비 완료 — 마디합 13.5cm, 방향별 최대도달 테이블 5.1~13.5cm (FK 13^4 스윕, 앵커=4_1+offset)
[Dg5fFingerIK f3] 준비 완료 — 마디합 13.5cm, 방향별 최대도달 테이블 4.3~13.5cm (FK 13^4 스윕, 앵커=3_1+offset)
[RobotSelfCollisionIgnore] 자기충돌 무시(OFF·통과): 콜라이더 93개, 4278쌍 적용
[Dg5fFingerIK f5] 준비 완료 — 마디합 15.3cm, 방향별 최대도달 테이블 10.0~15.3cm (FK 13^4 스윕, 앵커=5_1+offset)
[Dg5fFingerIK f4] 준비 완료 — 마디합 13.5cm, 방향별 최대도달 테이블 5.1~13.5cm (FK 13^4 스윕, 앵커=4_1+offset)
[Dg5fFingerIK f3] 준비 완료 — 마디합 13.5cm, 방향별 최대도달 테이블 4.3~13.5cm (FK 13^4 스윕, 앵커=3_1+offset)
[RobotSelfCollisionIgnore] 자기충돌 무시(OFF·통과): 콜라이더 93개, 4278쌍 적용
[Dg5fFingerIK f5] 준비 완료 — 마디합 15.3cm, 방향별 최대도달 테이블 10.0~15.3cm (FK 13^4 스윕, 앵커=5_1+offset)
[Dg5fFingerIK f4] 준비 완료 — 마디합 13.5cm, 방향별 최대도달 테이블 5.1~13.5cm (FK 13^4 스윕, 앵커=4_1+offset)
[Dg5fFingerIK f3] 준비 완료 — 마디합 13.5cm, 방향별 최대도달 테이블 4.3~13.5cm (FK 13^4 스윕, 앵커=3_1+offset)
[RobotSelfCollisionIgnore] 자기충돌 무시(OFF·통과): 콜라이더 93개, 4278쌍 적용
[Dg5fFingerIK f5] 준비 완료 — 마디합 15.3cm, 방향별 최대도달 테이블 10.0~15.3cm (FK 13^4 스윕, 앵커=5_1+offset)
[Dg5fFingerIK f4] 준비 완료 — 마디합 13.5cm, 방향별 최대도달 테이블 5.1~13.5cm (FK 13^4 스윕, 앵커=4_1+offset)
[Dg5fFingerIK f3] 준비 완료 — 마디합 13.5cm, 방향별 최대도달 테이블 4.3~13.5cm (FK 13^4 스윕, 앵커=3_1+offset)
[RobotSelfCollisionIgnore] 자기충돌 무시(OFF·통과): 콜라이더 93개, 4278쌍 적용
[Dg5fFingerIK f5] 준비 완료 — 마디합 15.3cm, 방향별 최대도달 테이블 10.0~15.3cm (FK 13^4 스윕, 앵커=5_1+offset)
[Dg5fFingerIK f4] 준비 완료 — 마디합 13.5cm, 방향별 최대도달 테이블 5.1~13.5cm (FK 13^4 스윕, 앵커=4_1+offset)
[Dg5fFingerIK f3] 준비 완료 — 마디합 13.5cm, 방향별 최대도달 테이블 4.3~13.5cm (FK 13^4 스윕, 앵커=3_1+offset)
[RobotSelfCollisionIgnore] 자기충돌 무시(OFF·통과): 콜라이더 93개, 4278쌍 적용
[Dg5fFingerIK f5] 준비 완료 — 마디합 15.3cm, 방향별 최대도달 테이블 10.0~15.3cm (FK 13^4 스윕, 앵커=5_1+offset)
[Dg5fFingerIK f4] 준비 완료 — 마디합 13.5cm, 방향별 최대도달 테이블 5.1~13.5cm (FK 13^4 스윕, 앵커=4_1+offset)
[Dg5fFingerIK f3] 준비 완료 — 마디합 13.5cm, 방향별 최대도달 테이블 4.3~13.5cm (FK 13^4 스윕, 앵커=3_1+offset)
[RobotSelfCollisionIgnore] 자기충돌 무시(OFF·통과): 콜라이더 93개, 4278쌍 적용
[Dg5fFingerIK f5] 준비 완료 — 마디합 15.3cm, 방향별 최대도달 테이블 10.0~15.3cm (FK 13^4 스윕, 앵커=5_1+offset)
[Dg5fFingerIK f4] 준비 완료 — 마디합 13.5cm, 방향별 최대도달 테이블 5.1~13.5cm (FK 13^4 스윕, 앵커=4_1+offset)
[Dg5fFingerIK f3] 준비 완료 — 마디합 13.5cm, 방향별 최대도달 테이블 4.3~13.5cm (FK 13^4 스윕, 앵커=3_1+offset)
[RobotSelfCollisionIgnore] 자기충돌 무시(OFF·통과): 콜라이더 93개, 4278쌍 적용
[Dg5fFingerIK f5] 준비 완료 — 마디합 15.3cm, 방향별 최대도달 테이블 10.0~15.3cm (FK 13^4 스윕, 앵커=5_1+offset)
[Dg5fFingerIK f4] 준비 완료 — 마디합 13.5cm, 방향별 최대도달 테이블 5.1~13.5cm (FK 13^4 스윕, 앵커=4_1+offset)
[Dg5fFingerIK f3] 준비 완료 — 마디합 13.5cm, 방향별 최대도달 테이블 4.3~13.5cm (FK 13^4 스윕, 앵커=3_1+offset)
[RobotSelfCollisionIgnore] 자기충돌 무시(OFF·통과): 콜라이더 93개, 4278쌍 적용
[Dg5fFingerIK f5] 준비 완료 — 마디합 15.3cm, 방향별 최대도달 테이블 10.0~15.3cm (FK 13^4 스윕, 앵커=5_1+offset)
[Dg5fFingerIK f4] 준비 완료 — 마디합 13.5cm, 방향별 최대도달 테이블 5.1~13.5cm (FK 13^4 스윕, 앵커=4_1+offset)
[Dg5fFingerIK f3] 준비 완료 — 마디합 13.5cm, 방향별 최대도달 테이블 4.3~13.5cm (FK 13^4 스윕, 앵커=3_1+offset)
[RobotSelfCollisionIgnore] 자기충돌 무시(OFF·통과): 콜라이더 93개, 4278쌍 적용
[Dg5fFingerIK f5] 준비 완료 — 마디합 15.3cm, 방향별 최대도달 테이블 10.0~15.3cm (FK 13^4 스윕, 앵커=5_1+offset)
[Dg5fFingerIK f4] 준비 완료 — 마디합 13.5cm, 방향별 최대도달 테이블 5.1~13.5cm (FK 13^4 스윕, 앵커=4_1+offset)
[Dg5fFingerIK f3] 준비 완료 — 마디합 13.5cm, 방향별 최대도달 테이블 4.3~13.5cm (FK 13^4 스윕, 앵커=3_1+offset)
[RobotSelfCollisionIgnore] 자기충돌 무시(OFF·통과): 콜라이더 93개, 4278쌍 적용
[Dg5fFingerIK f5] 준비 완료 — 마디합 15.3cm, 방향별 최대도달 테이블 10.0~15.3cm (FK 13^4 스윕, 앵커=5_1+offset)
[Dg5fFingerIK f4] 준비 완료 — 마디합 13.5cm, 방향별 최대도달 테이블 5.1~13.5cm (FK 13^4 스윕, 앵커=4_1+offset)
[Dg5fFingerIK f3] 준비 완료 — 마디합 13.5cm, 방향별 최대도달 테이블 4.3~13.5cm (FK 13^4 스윕, 앵커=3_1+offset)
[RobotSelfCollisionIgnore] 자기충돌 무시(OFF·통과): 콜라이더 93개, 4278쌍 적용
[Dg5fFingerIK f5] 준비 완료 — 마디합 15.3cm, 방향별 최대도달 테이블 10.0~15.3cm (FK 13^4 스윕, 앵커=5_1+offset)
[Dg5fFingerIK f4] 준비 완료 — 마디합 13.5cm, 방향별 최대도달 테이블 5.1~13.5cm (FK 13^4 스윕, 앵커=4_1+offset)
[Dg5fFingerIK f3] 준비 완료 — 마디합 13.5cm, 방향별 최대도달 테이블 4.3~13.5cm (FK 13^4 스윕, 앵커=3_1+offset)
[RobotSelfCollisionIgnore] 자기충돌 무시(OFF·통과): 콜라이더 93개, 4278쌍 적용
[Dg5fFingerIK f5] 준비 완료 — 마디합 15.3cm, 방향별 최대도달 테이블 10.0~15.3cm (FK 13^4 스윕, 앵커=5_1+offset)
[Dg5fFingerIK f4] 준비 완료 — 마디합 13.5cm, 방향별 최대도달 테이블 5.1~13.5cm (FK 13^4 스윕, 앵커=4_1+offset)
[Dg5fFingerIK f3] 준비 완료 — 마디합 13.5cm, 방향별 최대도달 테이블 4.3~13.5cm (FK 13^4 스윕, 앵커=3_1+offset)
[RobotSelfCollisionIgnore] 자기충돌 무시(OFF·통과): 콜라이더 93개, 4278쌍 적용
[Dg5fFingerIK f5] 준비 완료 — 마디합 15.3cm, 방향별 최대도달 테이블 10.0~15.3cm (FK 13^4 스윕, 앵커=5_1+offset)
[Dg5fFingerIK f4] 준비 완료 — 마디합 13.5cm, 방향별 최대도달 테이블 5.1~13.5cm (FK 13^4 스윕, 앵커=4_1+offset)
[Dg5fFingerIK f3] 준비 완료 — 마디합 13.5cm, 방향별 최대도달 테이블 4.3~13.5cm (FK 13^4 스윕, 앵커=3_1+offset)
[RobotSelfCollisionIgnore] 자기충돌 무시(OFF·통과): 콜라이더 93개, 4278쌍 적용
[Dg5fFingerIK f5] 준비 완료 — 마디합 15.3cm, 방향별 최대도달 테이블 10.0~15.3cm (FK 13^4 스윕, 앵커=5_1+offset)
[Dg5fFingerIK f4] 준비 완료 — 마디합 13.5cm, 방향별 최대도달 테이블 5.1~13.5cm (FK 13^4 스윕, 앵커=4_1+offset)
[Dg5fFingerIK f3] 준비 완료 — 마디합 13.5cm, 방향별 최대도달 테이블 4.3~13.5cm (FK 13^4 스윕, 앵커=3_1+offset)
[RobotSelfCollisionIgnore] 자기충돌 무시(OFF·통과): 콜라이더 93개, 4278쌍 적용
[Dg5fFingerIK f5] 준비 완료 — 마디합 15.3cm, 방향별 최대도달 테이블 10.0~15.3cm (FK 13^4 스윕, 앵커=5_1+offset)
[Dg5fFingerIK f4] 준비 완료 — 마디합 13.5cm, 방향별 최대도달 테이블 5.1~13.5cm (FK 13^4 스윕, 앵커=4_1+offset)
[Dg5fFingerIK f3] 준비 완료 — 마디합 13.5cm, 방향별 최대도달 테이블 4.3~13.5cm (FK 13^4 스윕, 앵커=3_1+offset)
[RobotSelfCollisionIgnore] 자기충돌 무시(OFF·통과): 콜라이더 93개, 4278쌍 적용
[Dg5fFingerIK f5] 준비 완료 — 마디합 15.3cm, 방향별 최대도달 테이블 10.0~15.3cm (FK 13^4 스윕, 앵커=5_1+offset)
[Dg5fFingerIK f4] 준비 완료 — 마디합 13.5cm, 방향별 최대도달 테이블 5.1~13.5cm (FK 13^4 스윕, 앵커=4_1+offset)
[Dg5fFingerIK f3] 준비 완료 — 마디합 13.5cm, 방향별 최대도달 테이블 4.3~13.5cm (FK 13^4 스윕, 앵커=3_1+offset)
[RobotSelfCollisionIgnore] 자기충돌 무시(OFF·통과): 콜라이더 93개, 4278쌍 적용
]]></output>
              </test-case>
              <test-case id="1022" name="ReportedPanelContactTerminatesAsUnsafeSurfaceContact" fullname="KDT.GraspTraining.PlayModeTests.GraspTrainingSceneTests.ReportedPanelContactTerminatesAsUnsafeSurfaceContact" methodname="ReportedPanelContactTerminatesAsUnsafeSurfaceContact" classname="KDT.GraspTraining.PlayModeTests.GraspTrainingSceneTests" runstate="Runnable" seed="2070990148" result="Passed" start-time="2026-07-28 17:59:59Z" end-time="2026-07-28 18:00:02Z" duration="2.973331" asserts="0">
                <properties>
                  <property name="_JOINTYPE" value="UnityCombinatorial" />
                  <property name="retryIteration" value="0" />
                  <property name="repeatIteration" value="0" />
                </properties>
                <output><![CDATA[[Dg5fFingerIK f5] 준비 완료 — 마디합 15.3cm, 방향별 최대도달 테이블 10.0~15.3cm (FK 13^4 스윕, 앵커=5_1+offset)
[Dg5fFingerIK f4] 준비 완료 — 마디합 13.5cm, 방향별 최대도달 테이블 5.1~13.5cm (FK 13^4 스윕, 앵커=4_1+offset)
[Dg5fFingerIK f3] 준비 완료 — 마디합 13.5cm, 방향별 최대도달 테이블 4.3~13.5cm (FK 13^4 스윕, 앵커=3_1+offset)
[RobotSelfCollisionIgnore] 자기충돌 무시(OFF·통과): 콜라이더 93개, 4278쌍 적용
[Dg5fFingerIK f5] 준비 완료 — 마디합 15.3cm, 방향별 최대도달 테이블 10.0~15.3cm (FK 13^4 스윕, 앵커=5_1+offset)
[Dg5fFingerIK f4] 준비 완료 — 마디합 13.5cm, 방향별 최대도달 테이블 5.1~13.5cm (FK 13^4 스윕, 앵커=4_1+offset)
[Dg5fFingerIK f3] 준비 완료 — 마디합 13.5cm, 방향별 최대도달 테이블 4.3~13.5cm (FK 13^4 스윕, 앵커=3_1+offset)
[RobotSelfCollisionIgnore] 자기충돌 무시(OFF·통과): 콜라이더 93개, 4278쌍 적용
[Dg5fFingerIK f5] 준비 완료 — 마디합 15.3cm, 방향별 최대도달 테이블 10.0~15.3cm (FK 13^4 스윕, 앵커=5_1+offset)
[Dg5fFingerIK f4] 준비 완료 — 마디합 13.5cm, 방향별 최대도달 테이블 5.1~13.5cm (FK 13^4 스윕, 앵커=4_1+offset)
[Dg5fFingerIK f3] 준비 완료 — 마디합 13.5cm, 방향별 최대도달 테이블 4.3~13.5cm (FK 13^4 스윕, 앵커=3_1+offset)
[RobotSelfCollisionIgnore] 자기충돌 무시(OFF·통과): 콜라이더 93개, 4278쌍 적용
[Dg5fFingerIK f5] 준비 완료 — 마디합 15.3cm, 방향별 최대도달 테이블 10.0~15.3cm (FK 13^4 스윕, 앵커=5_1+offset)
[Dg5fFingerIK f4] 준비 완료 — 마디합 13.5cm, 방향별 최대도달 테이블 5.1~13.5cm (FK 13^4 스윕, 앵커=4_1+offset)
[Dg5fFingerIK f3] 준비 완료 — 마디합 13.5cm, 방향별 최대도달 테이블 4.3~13.5cm (FK 13^4 스윕, 앵커=3_1+offset)
[RobotSelfCollisionIgnore] 자기충돌 무시(OFF·통과): 콜라이더 93개, 4278쌍 적용
[Dg5fFingerIK f5] 준비 완료 — 마디합 15.3cm, 방향별 최대도달 테이블 10.0~15.3cm (FK 13^4 스윕, 앵커=5_1+offset)
[Dg5fFingerIK f4] 준비 완료 — 마디합 13.5cm, 방향별 최대도달 테이블 5.1~13.5cm (FK 13^4 스윕, 앵커=4_1+offset)
[Dg5fFingerIK f3] 준비 완료 — 마디합 13.5cm, 방향별 최대도달 테이블 4.3~13.5cm (FK 13^4 스윕, 앵커=3_1+offset)
[RobotSelfCollisionIgnore] 자기충돌 무시(OFF·통과): 콜라이더 93개, 4278쌍 적용
[Dg5fFingerIK f5] 준비 완료 — 마디합 15.3cm, 방향별 최대도달 테이블 10.0~15.3cm (FK 13^4 스윕, 앵커=5_1+offset)
[Dg5fFingerIK f4] 준비 완료 — 마디합 13.5cm, 방향별 최대도달 테이블 5.1~13.5cm (FK 13^4 스윕, 앵커=4_1+offset)
[Dg5fFingerIK f3] 준비 완료 — 마디합 13.5cm, 방향별 최대도달 테이블 4.3~13.5cm (FK 13^4 스윕, 앵커=3_1+offset)
[RobotSelfCollisionIgnore] 자기충돌 무시(OFF·통과): 콜라이더 93개, 4278쌍 적용
[Dg5fFingerIK f5] 준비 완료 — 마디합 15.3cm, 방향별 최대도달 테이블 10.0~15.3cm (FK 13^4 스윕, 앵커=5_1+offset)
[Dg5fFingerIK f4] 준비 완료 — 마디합 13.5cm, 방향별 최대도달 테이블 5.1~13.5cm (FK 13^4 스윕, 앵커=4_1+offset)
[Dg5fFingerIK f3] 준비 완료 — 마디합 13.5cm, 방향별 최대도달 테이블 4.3~13.5cm (FK 13^4 스윕, 앵커=3_1+offset)
[RobotSelfCollisionIgnore] 자기충돌 무시(OFF·통과): 콜라이더 93개, 4278쌍 적용
[Dg5fFingerIK f5] 준비 완료 — 마디합 15.3cm, 방향별 최대도달 테이블 10.0~15.3cm (FK 13^4 스윕, 앵커=5_1+offset)
[Dg5fFingerIK f4] 준비 완료 — 마디합 13.5cm, 방향별 최대도달 테이블 5.1~13.5cm (FK 13^4 스윕, 앵커=4_1+offset)
[Dg5fFingerIK f3] 준비 완료 — 마디합 13.5cm, 방향별 최대도달 테이블 4.3~13.5cm (FK 13^4 스윕, 앵커=3_1+offset)
[RobotSelfCollisionIgnore] 자기충돌 무시(OFF·통과): 콜라이더 93개, 4278쌍 적용
[Dg5fFingerIK f5] 준비 완료 — 마디합 15.3cm, 방향별 최대도달 테이블 10.0~15.3cm (FK 13^4 스윕, 앵커=5_1+offset)
[Dg5fFingerIK f4] 준비 완료 — 마디합 13.5cm, 방향별 최대도달 테이블 5.1~13.5cm (FK 13^4 스윕, 앵커=4_1+offset)
[Dg5fFingerIK f3] 준비 완료 — 마디합 13.5cm, 방향별 최대도달 테이블 4.3~13.5cm (FK 13^4 스윕, 앵커=3_1+offset)
[RobotSelfCollisionIgnore] 자기충돌 무시(OFF·통과): 콜라이더 93개, 4278쌍 적용
[Dg5fFingerIK f5] 준비 완료 — 마디합 15.3cm, 방향별 최대도달 테이블 10.0~15.3cm (FK 13^4 스윕, 앵커=5_1+offset)
[Dg5fFingerIK f4] 준비 완료 — 마디합 13.5cm, 방향별 최대도달 테이블 5.1~13.5cm (FK 13^4 스윕, 앵커=4_1+offset)
[Dg5fFingerIK f3] 준비 완료 — 마디합 13.5cm, 방향별 최대도달 테이블 4.3~13.5cm (FK 13^4 스윕, 앵커=3_1+offset)
[RobotSelfCollisionIgnore] 자기충돌 무시(OFF·통과): 콜라이더 93개, 4278쌍 적용
[Dg5fFingerIK f5] 준비 완료 — 마디합 15.3cm, 방향별 최대도달 테이블 10.0~15.3cm (FK 13^4 스윕, 앵커=5_1+offset)
[Dg5fFingerIK f4] 준비 완료 — 마디합 13.5cm, 방향별 최대도달 테이블 5.1~13.5cm (FK 13^4 스윕, 앵커=4_1+offset)
[Dg5fFingerIK f3] 준비 완료 — 마디합 13.5cm, 방향별 최대도달 테이블 4.3~13.5cm (FK 13^4 스윕, 앵커=3_1+offset)
[RobotSelfCollisionIgnore] 자기충돌 무시(OFF·통과): 콜라이더 93개, 4278쌍 적용
[Dg5fFingerIK f5] 준비 완료 — 마디합 15.3cm, 방향별 최대도달 테이블 10.0~15.3cm (FK 13^4 스윕, 앵커=5_1+offset)
[Dg5fFingerIK f4] 준비 완료 — 마디합 13.5cm, 방향별 최대도달 테이블 5.1~13.5cm (FK 13^4 스윕, 앵커=4_1+offset)
[Dg5fFingerIK f3] 준비 완료 — 마디합 13.5cm, 방향별 최대도달 테이블 4.3~13.5cm (FK 13^4 스윕, 앵커=3_1+offset)
[RobotSelfCollisionIgnore] 자기충돌 무시(OFF·통과): 콜라이더 93개, 4278쌍 적용
[Dg5fFingerIK f5] 준비 완료 — 마디합 15.3cm, 방향별 최대도달 테이블 10.0~15.3cm (FK 13^4 스윕, 앵커=5_1+offset)
[Dg5fFingerIK f4] 준비 완료 — 마디합 13.5cm, 방향별 최대도달 테이블 5.1~13.5cm (FK 13^4 스윕, 앵커=4_1+offset)
[Dg5fFingerIK f3] 준비 완료 — 마디합 13.5cm, 방향별 최대도달 테이블 4.3~13.5cm (FK 13^4 스윕, 앵커=3_1+offset)
[RobotSelfCollisionIgnore] 자기충돌 무시(OFF·통과): 콜라이더 93개, 4278쌍 적용
[Dg5fFingerIK f5] 준비 완료 — 마디합 15.3cm, 방향별 최대도달 테이블 10.0~15.3cm (FK 13^4 스윕, 앵커=5_1+offset)
[Dg5fFingerIK f4] 준비 완료 — 마디합 13.5cm, 방향별 최대도달 테이블 5.1~13.5cm (FK 13^4 스윕, 앵커=4_1+offset)
[Dg5fFingerIK f3] 준비 완료 — 마디합 13.5cm, 방향별 최대도달 테이블 4.3~13.5cm (FK 13^4 스윕, 앵커=3_1+offset)
[RobotSelfCollisionIgnore] 자기충돌 무시(OFF·통과): 콜라이더 93개, 4278쌍 적용
[Dg5fFingerIK f5] 준비 완료 — 마디합 15.3cm, 방향별 최대도달 테이블 10.0~15.3cm (FK 13^4 스윕, 앵커=5_1+offset)
[Dg5fFingerIK f4] 준비 완료 — 마디합 13.5cm, 방향별 최대도달 테이블 5.1~13.5cm (FK 13^4 스윕, 앵커=4_1+offset)
[Dg5fFingerIK f3] 준비 완료 — 마디합 13.5cm, 방향별 최대도달 테이블 4.3~13.5cm (FK 13^4 스윕, 앵커=3_1+offset)
[RobotSelfCollisionIgnore] 자기충돌 무시(OFF·통과): 콜라이더 93개, 4278쌍 적용
[Dg5fFingerIK f5] 준비 완료 — 마디합 15.3cm, 방향별 최대도달 테이블 10.0~15.3cm (FK 13^4 스윕, 앵커=5_1+offset)
[Dg5fFingerIK f4] 준비 완료 — 마디합 13.5cm, 방향별 최대도달 테이블 5.1~13.5cm (FK 13^4 스윕, 앵커=4_1+offset)
[Dg5fFingerIK f3] 준비 완료 — 마디합 13.5cm, 방향별 최대도달 테이블 4.3~13.5cm (FK 13^4 스윕, 앵커=3_1+offset)
[RobotSelfCollisionIgnore] 자기충돌 무시(OFF·통과): 콜라이더 93개, 4278쌍 적용
[Dg5fFingerIK f5] 준비 완료 — 마디합 15.3cm, 방향별 최대도달 테이블 10.0~15.3cm (FK 13^4 스윕, 앵커=5_1+offset)
[Dg5fFingerIK f4] 준비 완료 — 마디합 13.5cm, 방향별 최대도달 테이블 5.1~13.5cm (FK 13^4 스윕, 앵커=4_1+offset)
[Dg5fFingerIK f3] 준비 완료 — 마디합 13.5cm, 방향별 최대도달 테이블 4.3~13.5cm (FK 13^4 스윕, 앵커=3_1+offset)
[RobotSelfCollisionIgnore] 자기충돌 무시(OFF·통과): 콜라이더 93개, 4278쌍 적용
[Dg5fFingerIK f5] 준비 완료 — 마디합 15.3cm, 방향별 최대도달 테이블 10.0~15.3cm (FK 13^4 스윕, 앵커=5_1+offset)
[Dg5fFingerIK f4] 준비 완료 — 마디합 13.5cm, 방향별 최대도달 테이블 5.1~13.5cm (FK 13^4 스윕, 앵커=4_1+offset)
[Dg5fFingerIK f3] 준비 완료 — 마디합 13.5cm, 방향별 최대도달 테이블 4.3~13.5cm (FK 13^4 스윕, 앵커=3_1+offset)
[RobotSelfCollisionIgnore] 자기충돌 무시(OFF·통과): 콜라이더 93개, 4278쌍 적용
[Dg5fFingerIK f5] 준비 완료 — 마디합 15.3cm, 방향별 최대도달 테이블 10.0~15.3cm (FK 13^4 스윕, 앵커=5_1+offset)
[Dg5fFingerIK f4] 준비 완료 — 마디합 13.5cm, 방향별 최대도달 테이블 5.1~13.5cm (FK 13^4 스윕, 앵커=4_1+offset)
[Dg5fFingerIK f3] 준비 완료 — 마디합 13.5cm, 방향별 최대도달 테이블 4.3~13.5cm (FK 13^4 스윕, 앵커=3_1+offset)
[RobotSelfCollisionIgnore] 자기충돌 무시(OFF·통과): 콜라이더 93개, 4278쌍 적용
[Dg5fFingerIK f5] 준비 완료 — 마디합 15.3cm, 방향별 최대도달 테이블 10.0~15.3cm (FK 13^4 스윕, 앵커=5_1+offset)
[Dg5fFingerIK f4] 준비 완료 — 마디합 13.5cm, 방향별 최대도달 테이블 5.1~13.5cm (FK 13^4 스윕, 앵커=4_1+offset)
[Dg5fFingerIK f3] 준비 완료 — 마디합 13.5cm, 방향별 최대도달 테이블 4.3~13.5cm (FK 13^4 스윕, 앵커=3_1+offset)
[RobotSelfCollisionIgnore] 자기충돌 무시(OFF·통과): 콜라이더 93개, 4278쌍 적용
]]></output>
              </test-case>
              <test-case id="1018" name="ShoulderPanActionCanReachEntireSafeRange" fullname="KDT.GraspTraining.PlayModeTests.GraspTrainingSceneTests.ShoulderPanActionCanReachEntireSafeRange" methodname="ShoulderPanActionCanReachEntireSafeRange" classname="KDT.GraspTraining.PlayModeTests.GraspTrainingSceneTests" runstate="Runnable" seed="1445333907" result="Passed" start-time="2026-07-28 18:00:02Z" end-time="2026-07-28 18:00:05Z" duration="2.952834" asserts="0">
                <properties>
                  <property name="_JOINTYPE" value="UnityCombinatorial" />
                  <property name="retryIteration" value="0" />
                  <property name="repeatIteration" value="0" />
                </properties>
                <output><![CDATA[[Dg5fFingerIK f5] 준비 완료 — 마디합 15.3cm, 방향별 최대도달 테이블 10.0~15.3cm (FK 13^4 스윕, 앵커=5_1+offset)
[Dg5fFingerIK f4] 준비 완료 — 마디합 13.5cm, 방향별 최대도달 테이블 5.1~13.5cm (FK 13^4 스윕, 앵커=4_1+offset)
[Dg5fFingerIK f3] 준비 완료 — 마디합 13.5cm, 방향별 최대도달 테이블 4.3~13.5cm (FK 13^4 스윕, 앵커=3_1+offset)
[RobotSelfCollisionIgnore] 자기충돌 무시(OFF·통과): 콜라이더 93개, 4278쌍 적용
[Dg5fFingerIK f5] 준비 완료 — 마디합 15.3cm, 방향별 최대도달 테이블 10.0~15.3cm (FK 13^4 스윕, 앵커=5_1+offset)
[Dg5fFingerIK f4] 준비 완료 — 마디합 13.5cm, 방향별 최대도달 테이블 5.1~13.5cm (FK 13^4 스윕, 앵커=4_1+offset)
[Dg5fFingerIK f3] 준비 완료 — 마디합 13.5cm, 방향별 최대도달 테이블 4.3~13.5cm (FK 13^4 스윕, 앵커=3_1+offset)
[RobotSelfCollisionIgnore] 자기충돌 무시(OFF·통과): 콜라이더 93개, 4278쌍 적용
[Dg5fFingerIK f5] 준비 완료 — 마디합 15.3cm, 방향별 최대도달 테이블 10.0~15.3cm (FK 13^4 스윕, 앵커=5_1+offset)
[Dg5fFingerIK f4] 준비 완료 — 마디합 13.5cm, 방향별 최대도달 테이블 5.1~13.5cm (FK 13^4 스윕, 앵커=4_1+offset)
[Dg5fFingerIK f3] 준비 완료 — 마디합 13.5cm, 방향별 최대도달 테이블 4.3~13.5cm (FK 13^4 스윕, 앵커=3_1+offset)
[RobotSelfCollisionIgnore] 자기충돌 무시(OFF·통과): 콜라이더 93개, 4278쌍 적용
[Dg5fFingerIK f5] 준비 완료 — 마디합 15.3cm, 방향별 최대도달 테이블 10.0~15.3cm (FK 13^4 스윕, 앵커=5_1+offset)
[Dg5fFingerIK f4] 준비 완료 — 마디합 13.5cm, 방향별 최대도달 테이블 5.1~13.5cm (FK 13^4 스윕, 앵커=4_1+offset)
[Dg5fFingerIK f3] 준비 완료 — 마디합 13.5cm, 방향별 최대도달 테이블 4.3~13.5cm (FK 13^4 스윕, 앵커=3_1+offset)
[RobotSelfCollisionIgnore] 자기충돌 무시(OFF·통과): 콜라이더 93개, 4278쌍 적용
[Dg5fFingerIK f5] 준비 완료 — 마디합 15.3cm, 방향별 최대도달 테이블 10.0~15.3cm (FK 13^4 스윕, 앵커=5_1+offset)
[Dg5fFingerIK f4] 준비 완료 — 마디합 13.5cm, 방향별 최대도달 테이블 5.1~13.5cm (FK 13^4 스윕, 앵커=4_1+offset)
[Dg5fFingerIK f3] 준비 완료 — 마디합 13.5cm, 방향별 최대도달 테이블 4.3~13.5cm (FK 13^4 스윕, 앵커=3_1+offset)
[RobotSelfCollisionIgnore] 자기충돌 무시(OFF·통과): 콜라이더 93개, 4278쌍 적용
[Dg5fFingerIK f5] 준비 완료 — 마디합 15.3cm, 방향별 최대도달 테이블 10.0~15.3cm (FK 13^4 스윕, 앵커=5_1+offset)
[Dg5fFingerIK f4] 준비 완료 — 마디합 13.5cm, 방향별 최대도달 테이블 5.1~13.5cm (FK 13^4 스윕, 앵커=4_1+offset)
[Dg5fFingerIK f3] 준비 완료 — 마디합 13.5cm, 방향별 최대도달 테이블 4.3~13.5cm (FK 13^4 스윕, 앵커=3_1+offset)
[RobotSelfCollisionIgnore] 자기충돌 무시(OFF·통과): 콜라이더 93개, 4278쌍 적용
[Dg5fFingerIK f5] 준비 완료 — 마디합 15.3cm, 방향별 최대도달 테이블 10.0~15.3cm (FK 13^4 스윕, 앵커=5_1+offset)
[Dg5fFingerIK f4] 준비 완료 — 마디합 13.5cm, 방향별 최대도달 테이블 5.1~13.5cm (FK 13^4 스윕, 앵커=4_1+offset)
[Dg5fFingerIK f3] 준비 완료 — 마디합 13.5cm, 방향별 최대도달 테이블 4.3~13.5cm (FK 13^4 스윕, 앵커=3_1+offset)
[RobotSelfCollisionIgnore] 자기충돌 무시(OFF·통과): 콜라이더 93개, 4278쌍 적용
[Dg5fFingerIK f5] 준비 완료 — 마디합 15.3cm, 방향별 최대도달 테이블 10.0~15.3cm (FK 13^4 스윕, 앵커=5_1+offset)
[Dg5fFingerIK f4] 준비 완료 — 마디합 13.5cm, 방향별 최대도달 테이블 5.1~13.5cm (FK 13^4 스윕, 앵커=4_1+offset)
[Dg5fFingerIK f3] 준비 완료 — 마디합 13.5cm, 방향별 최대도달 테이블 4.3~13.5cm (FK 13^4 스윕, 앵커=3_1+offset)
[RobotSelfCollisionIgnore] 자기충돌 무시(OFF·통과): 콜라이더 93개, 4278쌍 적용
[Dg5fFingerIK f5] 준비 완료 — 마디합 15.3cm, 방향별 최대도달 테이블 10.0~15.3cm (FK 13^4 스윕, 앵커=5_1+offset)
[Dg5fFingerIK f4] 준비 완료 — 마디합 13.5cm, 방향별 최대도달 테이블 5.1~13.5cm (FK 13^4 스윕, 앵커=4_1+offset)
[Dg5fFingerIK f3] 준비 완료 — 마디합 13.5cm, 방향별 최대도달 테이블 4.3~13.5cm (FK 13^4 스윕, 앵커=3_1+offset)
[RobotSelfCollisionIgnore] 자기충돌 무시(OFF·통과): 콜라이더 93개, 4278쌍 적용
[Dg5fFingerIK f5] 준비 완료 — 마디합 15.3cm, 방향별 최대도달 테이블 10.0~15.3cm (FK 13^4 스윕, 앵커=5_1+offset)
[Dg5fFingerIK f4] 준비 완료 — 마디합 13.5cm, 방향별 최대도달 테이블 5.1~13.5cm (FK 13^4 스윕, 앵커=4_1+offset)
[Dg5fFingerIK f3] 준비 완료 — 마디합 13.5cm, 방향별 최대도달 테이블 4.3~13.5cm (FK 13^4 스윕, 앵커=3_1+offset)
[RobotSelfCollisionIgnore] 자기충돌 무시(OFF·통과): 콜라이더 93개, 4278쌍 적용
[Dg5fFingerIK f5] 준비 완료 — 마디합 15.3cm, 방향별 최대도달 테이블 10.0~15.3cm (FK 13^4 스윕, 앵커=5_1+offset)
[Dg5fFingerIK f4] 준비 완료 — 마디합 13.5cm, 방향별 최대도달 테이블 5.1~13.5cm (FK 13^4 스윕, 앵커=4_1+offset)
[Dg5fFingerIK f3] 준비 완료 — 마디합 13.5cm, 방향별 최대도달 테이블 4.3~13.5cm (FK 13^4 스윕, 앵커=3_1+offset)
[RobotSelfCollisionIgnore] 자기충돌 무시(OFF·통과): 콜라이더 93개, 4278쌍 적용
[Dg5fFingerIK f5] 준비 완료 — 마디합 15.3cm, 방향별 최대도달 테이블 10.0~15.3cm (FK 13^4 스윕, 앵커=5_1+offset)
[Dg5fFingerIK f4] 준비 완료 — 마디합 13.5cm, 방향별 최대도달 테이블 5.1~13.5cm (FK 13^4 스윕, 앵커=4_1+offset)
[Dg5fFingerIK f3] 준비 완료 — 마디합 13.5cm, 방향별 최대도달 테이블 4.3~13.5cm (FK 13^4 스윕, 앵커=3_1+offset)
[RobotSelfCollisionIgnore] 자기충돌 무시(OFF·통과): 콜라이더 93개, 4278쌍 적용
[Dg5fFingerIK f5] 준비 완료 — 마디합 15.3cm, 방향별 최대도달 테이블 10.0~15.3cm (FK 13^4 스윕, 앵커=5_1+offset)
[Dg5fFingerIK f4] 준비 완료 — 마디합 13.5cm, 방향별 최대도달 테이블 5.1~13.5cm (FK 13^4 스윕, 앵커=4_1+offset)
[Dg5fFingerIK f3] 준비 완료 — 마디합 13.5cm, 방향별 최대도달 테이블 4.3~13.5cm (FK 13^4 스윕, 앵커=3_1+offset)
[RobotSelfCollisionIgnore] 자기충돌 무시(OFF·통과): 콜라이더 93개, 4278쌍 적용
[Dg5fFingerIK f5] 준비 완료 — 마디합 15.3cm, 방향별 최대도달 테이블 10.0~15.3cm (FK 13^4 스윕, 앵커=5_1+offset)
[Dg5fFingerIK f4] 준비 완료 — 마디합 13.5cm, 방향별 최대도달 테이블 5.1~13.5cm (FK 13^4 스윕, 앵커=4_1+offset)
[Dg5fFingerIK f3] 준비 완료 — 마디합 13.5cm, 방향별 최대도달 테이블 4.3~13.5cm (FK 13^4 스윕, 앵커=3_1+offset)
[RobotSelfCollisionIgnore] 자기충돌 무시(OFF·통과): 콜라이더 93개, 4278쌍 적용
[Dg5fFingerIK f5] 준비 완료 — 마디합 15.3cm, 방향별 최대도달 테이블 10.0~15.3cm (FK 13^4 스윕, 앵커=5_1+offset)
[Dg5fFingerIK f4] 준비 완료 — 마디합 13.5cm, 방향별 최대도달 테이블 5.1~13.5cm (FK 13^4 스윕, 앵커=4_1+offset)
[Dg5fFingerIK f3] 준비 완료 — 마디합 13.5cm, 방향별 최대도달 테이블 4.3~13.5cm (FK 13^4 스윕, 앵커=3_1+offset)
[RobotSelfCollisionIgnore] 자기충돌 무시(OFF·통과): 콜라이더 93개, 4278쌍 적용
[Dg5fFingerIK f5] 준비 완료 — 마디합 15.3cm, 방향별 최대도달 테이블 10.0~15.3cm (FK 13^4 스윕, 앵커=5_1+offset)
[Dg5fFingerIK f4] 준비 완료 — 마디합 13.5cm, 방향별 최대도달 테이블 5.1~13.5cm (FK 13^4 스윕, 앵커=4_1+offset)
[Dg5fFingerIK f3] 준비 완료 — 마디합 13.5cm, 방향별 최대도달 테이블 4.3~13.5cm (FK 13^4 스윕, 앵커=3_1+offset)
[RobotSelfCollisionIgnore] 자기충돌 무시(OFF·통과): 콜라이더 93개, 4278쌍 적용
[Dg5fFingerIK f5] 준비 완료 — 마디합 15.3cm, 방향별 최대도달 테이블 10.0~15.3cm (FK 13^4 스윕, 앵커=5_1+offset)
[Dg5fFingerIK f4] 준비 완료 — 마디합 13.5cm, 방향별 최대도달 테이블 5.1~13.5cm (FK 13^4 스윕, 앵커=4_1+offset)
[Dg5fFingerIK f3] 준비 완료 — 마디합 13.5cm, 방향별 최대도달 테이블 4.3~13.5cm (FK 13^4 스윕, 앵커=3_1+offset)
[RobotSelfCollisionIgnore] 자기충돌 무시(OFF·통과): 콜라이더 93개, 4278쌍 적용
[Dg5fFingerIK f5] 준비 완료 — 마디합 15.3cm, 방향별 최대도달 테이블 10.0~15.3cm (FK 13^4 스윕, 앵커=5_1+offset)
[Dg5fFingerIK f4] 준비 완료 — 마디합 13.5cm, 방향별 최대도달 테이블 5.1~13.5cm (FK 13^4 스윕, 앵커=4_1+offset)
[Dg5fFingerIK f3] 준비 완료 — 마디합 13.5cm, 방향별 최대도달 테이블 4.3~13.5cm (FK 13^4 스윕, 앵커=3_1+offset)
[RobotSelfCollisionIgnore] 자기충돌 무시(OFF·통과): 콜라이더 93개, 4278쌍 적용
[Dg5fFingerIK f5] 준비 완료 — 마디합 15.3cm, 방향별 최대도달 테이블 10.0~15.3cm (FK 13^4 스윕, 앵커=5_1+offset)
[Dg5fFingerIK f4] 준비 완료 — 마디합 13.5cm, 방향별 최대도달 테이블 5.1~13.5cm (FK 13^4 스윕, 앵커=4_1+offset)
[Dg5fFingerIK f3] 준비 완료 — 마디합 13.5cm, 방향별 최대도달 테이블 4.3~13.5cm (FK 13^4 스윕, 앵커=3_1+offset)
[RobotSelfCollisionIgnore] 자기충돌 무시(OFF·통과): 콜라이더 93개, 4278쌍 적용
[Dg5fFingerIK f5] 준비 완료 — 마디합 15.3cm, 방향별 최대도달 테이블 10.0~15.3cm (FK 13^4 스윕, 앵커=5_1+offset)
[Dg5fFingerIK f4] 준비 완료 — 마디합 13.5cm, 방향별 최대도달 테이블 5.1~13.5cm (FK 13^4 스윕, 앵커=4_1+offset)
[Dg5fFingerIK f3] 준비 완료 — 마디합 13.5cm, 방향별 최대도달 테이블 4.3~13.5cm (FK 13^4 스윕, 앵커=3_1+offset)
[RobotSelfCollisionIgnore] 자기충돌 무시(OFF·통과): 콜라이더 93개, 4278쌍 적용
]]></output>
              </test-case>
              <test-case id="1021" name="SideOnPoseCannotStartHoldOrLockArm" fullname="KDT.GraspTraining.PlayModeTests.GraspTrainingSceneTests.SideOnPoseCannotStartHoldOrLockArm" methodname="SideOnPoseCannotStartHoldOrLockArm" classname="KDT.GraspTraining.PlayModeTests.GraspTrainingSceneTests" runstate="Runnable" seed="1912825554" result="Passed" start-time="2026-07-28 18:00:05Z" end-time="2026-07-28 18:00:11Z" duration="5.995181" asserts="0">
                <properties>
                  <property name="_JOINTYPE" value="UnityCombinatorial" />
                  <property name="retryIteration" value="0" />
                  <property name="repeatIteration" value="0" />
                </properties>
                <output><![CDATA[[Dg5fFingerIK f5] 준비 완료 — 마디합 15.3cm, 방향별 최대도달 테이블 10.0~15.3cm (FK 13^4 스윕, 앵커=5_1+offset)
[Dg5fFingerIK f4] 준비 완료 — 마디합 13.5cm, 방향별 최대도달 테이블 5.1~13.5cm (FK 13^4 스윕, 앵커=4_1+offset)
[Dg5fFingerIK f3] 준비 완료 — 마디합 13.5cm, 방향별 최대도달 테이블 4.3~13.5cm (FK 13^4 스윕, 앵커=3_1+offset)
[RobotSelfCollisionIgnore] 자기충돌 무시(OFF·통과): 콜라이더 93개, 4278쌍 적용
[Dg5fFingerIK f5] 준비 완료 — 마디합 15.3cm, 방향별 최대도달 테이블 10.0~15.3cm (FK 13^4 스윕, 앵커=5_1+offset)
[Dg5fFingerIK f4] 준비 완료 — 마디합 13.5cm, 방향별 최대도달 테이블 5.1~13.5cm (FK 13^4 스윕, 앵커=4_1+offset)
[Dg5fFingerIK f3] 준비 완료 — 마디합 13.5cm, 방향별 최대도달 테이블 4.3~13.5cm (FK 13^4 스윕, 앵커=3_1+offset)
[RobotSelfCollisionIgnore] 자기충돌 무시(OFF·통과): 콜라이더 93개, 4278쌍 적용
[Dg5fFingerIK f5] 준비 완료 — 마디합 15.3cm, 방향별 최대도달 테이블 10.0~15.3cm (FK 13^4 스윕, 앵커=5_1+offset)
[Dg5fFingerIK f4] 준비 완료 — 마디합 13.5cm, 방향별 최대도달 테이블 5.1~13.5cm (FK 13^4 스윕, 앵커=4_1+offset)
[Dg5fFingerIK f3] 준비 완료 — 마디합 13.5cm, 방향별 최대도달 테이블 4.3~13.5cm (FK 13^4 스윕, 앵커=3_1+offset)
[RobotSelfCollisionIgnore] 자기충돌 무시(OFF·통과): 콜라이더 93개, 4278쌍 적용
[Dg5fFingerIK f5] 준비 완료 — 마디합 15.3cm, 방향별 최대도달 테이블 10.0~15.3cm (FK 13^4 스윕, 앵커=5_1+offset)
[Dg5fFingerIK f4] 준비 완료 — 마디합 13.5cm, 방향별 최대도달 테이블 5.1~13.5cm (FK 13^4 스윕, 앵커=4_1+offset)
[Dg5fFingerIK f3] 준비 완료 — 마디합 13.5cm, 방향별 최대도달 테이블 4.3~13.5cm (FK 13^4 스윕, 앵커=3_1+offset)
[RobotSelfCollisionIgnore] 자기충돌 무시(OFF·통과): 콜라이더 93개, 4278쌍 적용
[Dg5fFingerIK f5] 준비 완료 — 마디합 15.3cm, 방향별 최대도달 테이블 10.0~15.3cm (FK 13^4 스윕, 앵커=5_1+offset)
[Dg5fFingerIK f4] 준비 완료 — 마디합 13.5cm, 방향별 최대도달 테이블 5.1~13.5cm (FK 13^4 스윕, 앵커=4_1+offset)
[Dg5fFingerIK f3] 준비 완료 — 마디합 13.5cm, 방향별 최대도달 테이블 4.3~13.5cm (FK 13^4 스윕, 앵커=3_1+offset)
[RobotSelfCollisionIgnore] 자기충돌 무시(OFF·통과): 콜라이더 93개, 4278쌍 적용
[Dg5fFingerIK f5] 준비 완료 — 마디합 15.3cm, 방향별 최대도달 테이블 10.0~15.3cm (FK 13^4 스윕, 앵커=5_1+offset)
[Dg5fFingerIK f4] 준비 완료 — 마디합 13.5cm, 방향별 최대도달 테이블 5.1~13.5cm (FK 13^4 스윕, 앵커=4_1+offset)
[Dg5fFingerIK f3] 준비 완료 — 마디합 13.5cm, 방향별 최대도달 테이블 4.3~13.5cm (FK 13^4 스윕, 앵커=3_1+offset)
[RobotSelfCollisionIgnore] 자기충돌 무시(OFF·통과): 콜라이더 93개, 4278쌍 적용
[Dg5fFingerIK f5] 준비 완료 — 마디합 15.3cm, 방향별 최대도달 테이블 10.0~15.3cm (FK 13^4 스윕, 앵커=5_1+offset)
[Dg5fFingerIK f4] 준비 완료 — 마디합 13.5cm, 방향별 최대도달 테이블 5.1~13.5cm (FK 13^4 스윕, 앵커=4_1+offset)
[Dg5fFingerIK f3] 준비 완료 — 마디합 13.5cm, 방향별 최대도달 테이블 4.3~13.5cm (FK 13^4 스윕, 앵커=3_1+offset)
[RobotSelfCollisionIgnore] 자기충돌 무시(OFF·통과): 콜라이더 93개, 4278쌍 적용
[Dg5fFingerIK f5] 준비 완료 — 마디합 15.3cm, 방향별 최대도달 테이블 10.0~15.3cm (FK 13^4 스윕, 앵커=5_1+offset)
[Dg5fFingerIK f4] 준비 완료 — 마디합 13.5cm, 방향별 최대도달 테이블 5.1~13.5cm (FK 13^4 스윕, 앵커=4_1+offset)
[Dg5fFingerIK f3] 준비 완료 — 마디합 13.5cm, 방향별 최대도달 테이블 4.3~13.5cm (FK 13^4 스윕, 앵커=3_1+offset)
[RobotSelfCollisionIgnore] 자기충돌 무시(OFF·통과): 콜라이더 93개, 4278쌍 적용
[Dg5fFingerIK f5] 준비 완료 — 마디합 15.3cm, 방향별 최대도달 테이블 10.0~15.3cm (FK 13^4 스윕, 앵커=5_1+offset)
[Dg5fFingerIK f4] 준비 완료 — 마디합 13.5cm, 방향별 최대도달 테이블 5.1~13.5cm (FK 13^4 스윕, 앵커=4_1+offset)
[Dg5fFingerIK f3] 준비 완료 — 마디합 13.5cm, 방향별 최대도달 테이블 4.3~13.5cm (FK 13^4 스윕, 앵커=3_1+offset)
[RobotSelfCollisionIgnore] 자기충돌 무시(OFF·통과): 콜라이더 93개, 4278쌍 적용
[Dg5fFingerIK f5] 준비 완료 — 마디합 15.3cm, 방향별 최대도달 테이블 10.0~15.3cm (FK 13^4 스윕, 앵커=5_1+offset)
[Dg5fFingerIK f4] 준비 완료 — 마디합 13.5cm, 방향별 최대도달 테이블 5.1~13.5cm (FK 13^4 스윕, 앵커=4_1+offset)
[Dg5fFingerIK f3] 준비 완료 — 마디합 13.5cm, 방향별 최대도달 테이블 4.3~13.5cm (FK 13^4 스윕, 앵커=3_1+offset)
[RobotSelfCollisionIgnore] 자기충돌 무시(OFF·통과): 콜라이더 93개, 4278쌍 적용
[Dg5fFingerIK f5] 준비 완료 — 마디합 15.3cm, 방향별 최대도달 테이블 10.0~15.3cm (FK 13^4 스윕, 앵커=5_1+offset)
[Dg5fFingerIK f4] 준비 완료 — 마디합 13.5cm, 방향별 최대도달 테이블 5.1~13.5cm (FK 13^4 스윕, 앵커=4_1+offset)
[Dg5fFingerIK f3] 준비 완료 — 마디합 13.5cm, 방향별 최대도달 테이블 4.3~13.5cm (FK 13^4 스윕, 앵커=3_1+offset)
[RobotSelfCollisionIgnore] 자기충돌 무시(OFF·통과): 콜라이더 93개, 4278쌍 적용
[Dg5fFingerIK f5] 준비 완료 — 마디합 15.3cm, 방향별 최대도달 테이블 10.0~15.3cm (FK 13^4 스윕, 앵커=5_1+offset)
[Dg5fFingerIK f4] 준비 완료 — 마디합 13.5cm, 방향별 최대도달 테이블 5.1~13.5cm (FK 13^4 스윕, 앵커=4_1+offset)
[Dg5fFingerIK f3] 준비 완료 — 마디합 13.5cm, 방향별 최대도달 테이블 4.3~13.5cm (FK 13^4 스윕, 앵커=3_1+offset)
[RobotSelfCollisionIgnore] 자기충돌 무시(OFF·통과): 콜라이더 93개, 4278쌍 적용
[Dg5fFingerIK f5] 준비 완료 — 마디합 15.3cm, 방향별 최대도달 테이블 10.0~15.3cm (FK 13^4 스윕, 앵커=5_1+offset)
[Dg5fFingerIK f4] 준비 완료 — 마디합 13.5cm, 방향별 최대도달 테이블 5.1~13.5cm (FK 13^4 스윕, 앵커=4_1+offset)
[Dg5fFingerIK f3] 준비 완료 — 마디합 13.5cm, 방향별 최대도달 테이블 4.3~13.5cm (FK 13^4 스윕, 앵커=3_1+offset)
[RobotSelfCollisionIgnore] 자기충돌 무시(OFF·통과): 콜라이더 93개, 4278쌍 적용
[Dg5fFingerIK f5] 준비 완료 — 마디합 15.3cm, 방향별 최대도달 테이블 10.0~15.3cm (FK 13^4 스윕, 앵커=5_1+offset)
[Dg5fFingerIK f4] 준비 완료 — 마디합 13.5cm, 방향별 최대도달 테이블 5.1~13.5cm (FK 13^4 스윕, 앵커=4_1+offset)
[Dg5fFingerIK f3] 준비 완료 — 마디합 13.5cm, 방향별 최대도달 테이블 4.3~13.5cm (FK 13^4 스윕, 앵커=3_1+offset)
[RobotSelfCollisionIgnore] 자기충돌 무시(OFF·통과): 콜라이더 93개, 4278쌍 적용
[Dg5fFingerIK f5] 준비 완료 — 마디합 15.3cm, 방향별 최대도달 테이블 10.0~15.3cm (FK 13^4 스윕, 앵커=5_1+offset)
[Dg5fFingerIK f4] 준비 완료 — 마디합 13.5cm, 방향별 최대도달 테이블 5.1~13.5cm (FK 13^4 스윕, 앵커=4_1+offset)
[Dg5fFingerIK f3] 준비 완료 — 마디합 13.5cm, 방향별 최대도달 테이블 4.3~13.5cm (FK 13^4 스윕, 앵커=3_1+offset)
[RobotSelfCollisionIgnore] 자기충돌 무시(OFF·통과): 콜라이더 93개, 4278쌍 적용
[Dg5fFingerIK f5] 준비 완료 — 마디합 15.3cm, 방향별 최대도달 테이블 10.0~15.3cm (FK 13^4 스윕, 앵커=5_1+offset)
[Dg5fFingerIK f4] 준비 완료 — 마디합 13.5cm, 방향별 최대도달 테이블 5.1~13.5cm (FK 13^4 스윕, 앵커=4_1+offset)
[Dg5fFingerIK f3] 준비 완료 — 마디합 13.5cm, 방향별 최대도달 테이블 4.3~13.5cm (FK 13^4 스윕, 앵커=3_1+offset)
[RobotSelfCollisionIgnore] 자기충돌 무시(OFF·통과): 콜라이더 93개, 4278쌍 적용
[Dg5fFingerIK f5] 준비 완료 — 마디합 15.3cm, 방향별 최대도달 테이블 10.0~15.3cm (FK 13^4 스윕, 앵커=5_1+offset)
[Dg5fFingerIK f4] 준비 완료 — 마디합 13.5cm, 방향별 최대도달 테이블 5.1~13.5cm (FK 13^4 스윕, 앵커=4_1+offset)
[Dg5fFingerIK f3] 준비 완료 — 마디합 13.5cm, 방향별 최대도달 테이블 4.3~13.5cm (FK 13^4 스윕, 앵커=3_1+offset)
[RobotSelfCollisionIgnore] 자기충돌 무시(OFF·통과): 콜라이더 93개, 4278쌍 적용
[Dg5fFingerIK f5] 준비 완료 — 마디합 15.3cm, 방향별 최대도달 테이블 10.0~15.3cm (FK 13^4 스윕, 앵커=5_1+offset)
[Dg5fFingerIK f4] 준비 완료 — 마디합 13.5cm, 방향별 최대도달 테이블 5.1~13.5cm (FK 13^4 스윕, 앵커=4_1+offset)
[Dg5fFingerIK f3] 준비 완료 — 마디합 13.5cm, 방향별 최대도달 테이블 4.3~13.5cm (FK 13^4 스윕, 앵커=3_1+offset)
[RobotSelfCollisionIgnore] 자기충돌 무시(OFF·통과): 콜라이더 93개, 4278쌍 적용
[Dg5fFingerIK f5] 준비 완료 — 마디합 15.3cm, 방향별 최대도달 테이블 10.0~15.3cm (FK 13^4 스윕, 앵커=5_1+offset)
[Dg5fFingerIK f4] 준비 완료 — 마디합 13.5cm, 방향별 최대도달 테이블 5.1~13.5cm (FK 13^4 스윕, 앵커=4_1+offset)
[Dg5fFingerIK f3] 준비 완료 — 마디합 13.5cm, 방향별 최대도달 테이블 4.3~13.5cm (FK 13^4 스윕, 앵커=3_1+offset)
[RobotSelfCollisionIgnore] 자기충돌 무시(OFF·통과): 콜라이더 93개, 4278쌍 적용
[Dg5fFingerIK f5] 준비 완료 — 마디합 15.3cm, 방향별 최대도달 테이블 10.0~15.3cm (FK 13^4 스윕, 앵커=5_1+offset)
[Dg5fFingerIK f4] 준비 완료 — 마디합 13.5cm, 방향별 최대도달 테이블 5.1~13.5cm (FK 13^4 스윕, 앵커=4_1+offset)
[Dg5fFingerIK f3] 준비 완료 — 마디합 13.5cm, 방향별 최대도달 테이블 4.3~13.5cm (FK 13^4 스윕, 앵커=3_1+offset)
[RobotSelfCollisionIgnore] 자기충돌 무시(OFF·통과): 콜라이더 93개, 4278쌍 적용
]]></output>
              </test-case>
              <test-case id="1015" name="TrainingSceneContainsTwentyIndependentPrefabAreas" fullname="KDT.GraspTraining.PlayModeTests.GraspTrainingSceneTests.TrainingSceneContainsTwentyIndependentPrefabAreas" methodname="TrainingSceneContainsTwentyIndependentPrefabAreas" classname="KDT.GraspTraining.PlayModeTests.GraspTrainingSceneTests" runstate="Runnable" seed="1210338385" result="Passed" start-time="2026-07-28 18:00:11Z" end-time="2026-07-28 18:00:14Z" duration="3.054981" asserts="0">
                <properties>
                  <property name="_JOINTYPE" value="UnityCombinatorial" />
                  <property name="retryIteration" value="0" />
                  <property name="repeatIteration" value="0" />
                </properties>
                <output><![CDATA[[Dg5fFingerIK f5] 준비 완료 — 마디합 15.3cm, 방향별 최대도달 테이블 10.0~15.3cm (FK 13^4 스윕, 앵커=5_1+offset)
[Dg5fFingerIK f4] 준비 완료 — 마디합 13.5cm, 방향별 최대도달 테이블 5.1~13.5cm (FK 13^4 스윕, 앵커=4_1+offset)
[Dg5fFingerIK f3] 준비 완료 — 마디합 13.5cm, 방향별 최대도달 테이블 4.3~13.5cm (FK 13^4 스윕, 앵커=3_1+offset)
[RobotSelfCollisionIgnore] 자기충돌 무시(OFF·통과): 콜라이더 93개, 4278쌍 적용
[Dg5fFingerIK f5] 준비 완료 — 마디합 15.3cm, 방향별 최대도달 테이블 10.0~15.3cm (FK 13^4 스윕, 앵커=5_1+offset)
[Dg5fFingerIK f4] 준비 완료 — 마디합 13.5cm, 방향별 최대도달 테이블 5.1~13.5cm (FK 13^4 스윕, 앵커=4_1+offset)
[Dg5fFingerIK f3] 준비 완료 — 마디합 13.5cm, 방향별 최대도달 테이블 4.3~13.5cm (FK 13^4 스윕, 앵커=3_1+offset)
[RobotSelfCollisionIgnore] 자기충돌 무시(OFF·통과): 콜라이더 93개, 4278쌍 적용
[Dg5fFingerIK f5] 준비 완료 — 마디합 15.3cm, 방향별 최대도달 테이블 10.0~15.3cm (FK 13^4 스윕, 앵커=5_1+offset)
[Dg5fFingerIK f4] 준비 완료 — 마디합 13.5cm, 방향별 최대도달 테이블 5.1~13.5cm (FK 13^4 스윕, 앵커=4_1+offset)
[Dg5fFingerIK f3] 준비 완료 — 마디합 13.5cm, 방향별 최대도달 테이블 4.3~13.5cm (FK 13^4 스윕, 앵커=3_1+offset)
[RobotSelfCollisionIgnore] 자기충돌 무시(OFF·통과): 콜라이더 93개, 4278쌍 적용
[Dg5fFingerIK f5] 준비 완료 — 마디합 15.3cm, 방향별 최대도달 테이블 10.0~15.3cm (FK 13^4 스윕, 앵커=5_1+offset)
[Dg5fFingerIK f4] 준비 완료 — 마디합 13.5cm, 방향별 최대도달 테이블 5.1~13.5cm (FK 13^4 스윕, 앵커=4_1+offset)
[Dg5fFingerIK f3] 준비 완료 — 마디합 13.5cm, 방향별 최대도달 테이블 4.3~13.5cm (FK 13^4 스윕, 앵커=3_1+offset)
[RobotSelfCollisionIgnore] 자기충돌 무시(OFF·통과): 콜라이더 93개, 4278쌍 적용
[Dg5fFingerIK f5] 준비 완료 — 마디합 15.3cm, 방향별 최대도달 테이블 10.0~15.3cm (FK 13^4 스윕, 앵커=5_1+offset)
[Dg5fFingerIK f4] 준비 완료 — 마디합 13.5cm, 방향별 최대도달 테이블 5.1~13.5cm (FK 13^4 스윕, 앵커=4_1+offset)
[Dg5fFingerIK f3] 준비 완료 — 마디합 13.5cm, 방향별 최대도달 테이블 4.3~13.5cm (FK 13^4 스윕, 앵커=3_1+offset)
[RobotSelfCollisionIgnore] 자기충돌 무시(OFF·통과): 콜라이더 93개, 4278쌍 적용
[Dg5fFingerIK f5] 준비 완료 — 마디합 15.3cm, 방향별 최대도달 테이블 10.0~15.3cm (FK 13^4 스윕, 앵커=5_1+offset)
[Dg5fFingerIK f4] 준비 완료 — 마디합 13.5cm, 방향별 최대도달 테이블 5.1~13.5cm (FK 13^4 스윕, 앵커=4_1+offset)
[Dg5fFingerIK f3] 준비 완료 — 마디합 13.5cm, 방향별 최대도달 테이블 4.3~13.5cm (FK 13^4 스윕, 앵커=3_1+offset)
[RobotSelfCollisionIgnore] 자기충돌 무시(OFF·통과): 콜라이더 93개, 4278쌍 적용
[Dg5fFingerIK f5] 준비 완료 — 마디합 15.3cm, 방향별 최대도달 테이블 10.0~15.3cm (FK 13^4 스윕, 앵커=5_1+offset)
[Dg5fFingerIK f4] 준비 완료 — 마디합 13.5cm, 방향별 최대도달 테이블 5.1~13.5cm (FK 13^4 스윕, 앵커=4_1+offset)
[Dg5fFingerIK f3] 준비 완료 — 마디합 13.5cm, 방향별 최대도달 테이블 4.3~13.5cm (FK 13^4 스윕, 앵커=3_1+offset)
[RobotSelfCollisionIgnore] 자기충돌 무시(OFF·통과): 콜라이더 93개, 4278쌍 적용
[Dg5fFingerIK f5] 준비 완료 — 마디합 15.3cm, 방향별 최대도달 테이블 10.0~15.3cm (FK 13^4 스윕, 앵커=5_1+offset)
[Dg5fFingerIK f4] 준비 완료 — 마디합 13.5cm, 방향별 최대도달 테이블 5.1~13.5cm (FK 13^4 스윕, 앵커=4_1+offset)
[Dg5fFingerIK f3] 준비 완료 — 마디합 13.5cm, 방향별 최대도달 테이블 4.3~13.5cm (FK 13^4 스윕, 앵커=3_1+offset)
[RobotSelfCollisionIgnore] 자기충돌 무시(OFF·통과): 콜라이더 93개, 4278쌍 적용
[Dg5fFingerIK f5] 준비 완료 — 마디합 15.3cm, 방향별 최대도달 테이블 10.0~15.3cm (FK 13^4 스윕, 앵커=5_1+offset)
[Dg5fFingerIK f4] 준비 완료 — 마디합 13.5cm, 방향별 최대도달 테이블 5.1~13.5cm (FK 13^4 스윕, 앵커=4_1+offset)
[Dg5fFingerIK f3] 준비 완료 — 마디합 13.5cm, 방향별 최대도달 테이블 4.3~13.5cm (FK 13^4 스윕, 앵커=3_1+offset)
[RobotSelfCollisionIgnore] 자기충돌 무시(OFF·통과): 콜라이더 93개, 4278쌍 적용
[Dg5fFingerIK f5] 준비 완료 — 마디합 15.3cm, 방향별 최대도달 테이블 10.0~15.3cm (FK 13^4 스윕, 앵커=5_1+offset)
[Dg5fFingerIK f4] 준비 완료 — 마디합 13.5cm, 방향별 최대도달 테이블 5.1~13.5cm (FK 13^4 스윕, 앵커=4_1+offset)
[Dg5fFingerIK f3] 준비 완료 — 마디합 13.5cm, 방향별 최대도달 테이블 4.3~13.5cm (FK 13^4 스윕, 앵커=3_1+offset)
[RobotSelfCollisionIgnore] 자기충돌 무시(OFF·통과): 콜라이더 93개, 4278쌍 적용
[Dg5fFingerIK f5] 준비 완료 — 마디합 15.3cm, 방향별 최대도달 테이블 10.0~15.3cm (FK 13^4 스윕, 앵커=5_1+offset)
[Dg5fFingerIK f4] 준비 완료 — 마디합 13.5cm, 방향별 최대도달 테이블 5.1~13.5cm (FK 13^4 스윕, 앵커=4_1+offset)
[Dg5fFingerIK f3] 준비 완료 — 마디합 13.5cm, 방향별 최대도달 테이블 4.3~13.5cm (FK 13^4 스윕, 앵커=3_1+offset)
[RobotSelfCollisionIgnore] 자기충돌 무시(OFF·통과): 콜라이더 93개, 4278쌍 적용
[Dg5fFingerIK f5] 준비 완료 — 마디합 15.3cm, 방향별 최대도달 테이블 10.0~15.3cm (FK 13^4 스윕, 앵커=5_1+offset)
[Dg5fFingerIK f4] 준비 완료 — 마디합 13.5cm, 방향별 최대도달 테이블 5.1~13.5cm (FK 13^4 스윕, 앵커=4_1+offset)
[Dg5fFingerIK f3] 준비 완료 — 마디합 13.5cm, 방향별 최대도달 테이블 4.3~13.5cm (FK 13^4 스윕, 앵커=3_1+offset)
[RobotSelfCollisionIgnore] 자기충돌 무시(OFF·통과): 콜라이더 93개, 4278쌍 적용
[Dg5fFingerIK f5] 준비 완료 — 마디합 15.3cm, 방향별 최대도달 테이블 10.0~15.3cm (FK 13^4 스윕, 앵커=5_1+offset)
[Dg5fFingerIK f4] 준비 완료 — 마디합 13.5cm, 방향별 최대도달 테이블 5.1~13.5cm (FK 13^4 스윕, 앵커=4_1+offset)
[Dg5fFingerIK f3] 준비 완료 — 마디합 13.5cm, 방향별 최대도달 테이블 4.3~13.5cm (FK 13^4 스윕, 앵커=3_1+offset)
[RobotSelfCollisionIgnore] 자기충돌 무시(OFF·통과): 콜라이더 93개, 4278쌍 적용
[Dg5fFingerIK f5] 준비 완료 — 마디합 15.3cm, 방향별 최대도달 테이블 10.0~15.3cm (FK 13^4 스윕, 앵커=5_1+offset)
[Dg5fFingerIK f4] 준비 완료 — 마디합 13.5cm, 방향별 최대도달 테이블 5.1~13.5cm (FK 13^4 스윕, 앵커=4_1+offset)
[Dg5fFingerIK f3] 준비 완료 — 마디합 13.5cm, 방향별 최대도달 테이블 4.3~13.5cm (FK 13^4 스윕, 앵커=3_1+offset)
[RobotSelfCollisionIgnore] 자기충돌 무시(OFF·통과): 콜라이더 93개, 4278쌍 적용
[Dg5fFingerIK f5] 준비 완료 — 마디합 15.3cm, 방향별 최대도달 테이블 10.0~15.3cm (FK 13^4 스윕, 앵커=5_1+offset)
[Dg5fFingerIK f4] 준비 완료 — 마디합 13.5cm, 방향별 최대도달 테이블 5.1~13.5cm (FK 13^4 스윕, 앵커=4_1+offset)
[Dg5fFingerIK f3] 준비 완료 — 마디합 13.5cm, 방향별 최대도달 테이블 4.3~13.5cm (FK 13^4 스윕, 앵커=3_1+offset)
[RobotSelfCollisionIgnore] 자기충돌 무시(OFF·통과): 콜라이더 93개, 4278쌍 적용
[Dg5fFingerIK f5] 준비 완료 — 마디합 15.3cm, 방향별 최대도달 테이블 10.0~15.3cm (FK 13^4 스윕, 앵커=5_1+offset)
[Dg5fFingerIK f4] 준비 완료 — 마디합 13.5cm, 방향별 최대도달 테이블 5.1~13.5cm (FK 13^4 스윕, 앵커=4_1+offset)
[Dg5fFingerIK f3] 준비 완료 — 마디합 13.5cm, 방향별 최대도달 테이블 4.3~13.5cm (FK 13^4 스윕, 앵커=3_1+offset)
[RobotSelfCollisionIgnore] 자기충돌 무시(OFF·통과): 콜라이더 93개, 4278쌍 적용
[Dg5fFingerIK f5] 준비 완료 — 마디합 15.3cm, 방향별 최대도달 테이블 10.0~15.3cm (FK 13^4 스윕, 앵커=5_1+offset)
[Dg5fFingerIK f4] 준비 완료 — 마디합 13.5cm, 방향별 최대도달 테이블 5.1~13.5cm (FK 13^4 스윕, 앵커=4_1+offset)
[Dg5fFingerIK f3] 준비 완료 — 마디합 13.5cm, 방향별 최대도달 테이블 4.3~13.5cm (FK 13^4 스윕, 앵커=3_1+offset)
[RobotSelfCollisionIgnore] 자기충돌 무시(OFF·통과): 콜라이더 93개, 4278쌍 적용
[Dg5fFingerIK f5] 준비 완료 — 마디합 15.3cm, 방향별 최대도달 테이블 10.0~15.3cm (FK 13^4 스윕, 앵커=5_1+offset)
[Dg5fFingerIK f4] 준비 완료 — 마디합 13.5cm, 방향별 최대도달 테이블 5.1~13.5cm (FK 13^4 스윕, 앵커=4_1+offset)
[Dg5fFingerIK f3] 준비 완료 — 마디합 13.5cm, 방향별 최대도달 테이블 4.3~13.5cm (FK 13^4 스윕, 앵커=3_1+offset)
[RobotSelfCollisionIgnore] 자기충돌 무시(OFF·통과): 콜라이더 93개, 4278쌍 적용
[Dg5fFingerIK f5] 준비 완료 — 마디합 15.3cm, 방향별 최대도달 테이블 10.0~15.3cm (FK 13^4 스윕, 앵커=5_1+offset)
[Dg5fFingerIK f4] 준비 완료 — 마디합 13.5cm, 방향별 최대도달 테이블 5.1~13.5cm (FK 13^4 스윕, 앵커=4_1+offset)
[Dg5fFingerIK f3] 준비 완료 — 마디합 13.5cm, 방향별 최대도달 테이블 4.3~13.5cm (FK 13^4 스윕, 앵커=3_1+offset)
[RobotSelfCollisionIgnore] 자기충돌 무시(OFF·통과): 콜라이더 93개, 4278쌍 적용
[Dg5fFingerIK f5] 준비 완료 — 마디합 15.3cm, 방향별 최대도달 테이블 10.0~15.3cm (FK 13^4 스윕, 앵커=5_1+offset)
[Dg5fFingerIK f4] 준비 완료 — 마디합 13.5cm, 방향별 최대도달 테이블 5.1~13.5cm (FK 13^4 스윕, 앵커=4_1+offset)
[Dg5fFingerIK f3] 준비 완료 — 마디합 13.5cm, 방향별 최대도달 테이블 4.3~13.5cm (FK 13^4 스윕, 앵커=3_1+offset)
[RobotSelfCollisionIgnore] 자기충돌 무시(OFF·통과): 콜라이더 93개, 4278쌍 적용
]]></output>
              </test-case>
              <test-case id="1016" name="TrainingSceneLoadsWithV1ContractAndSingleDriveOwner" fullname="KDT.GraspTraining.PlayModeTests.GraspTrainingSceneTests.TrainingSceneLoadsWithV1ContractAndSingleDriveOwner" methodname="TrainingSceneLoadsWithV1ContractAndSingleDriveOwner" classname="KDT.GraspTraining.PlayModeTests.GraspTrainingSceneTests" runstate="Runnable" seed="126330794" result="Failed" start-time="2026-07-28 18:00:14Z" end-time="2026-07-28 18:00:17Z" duration="3.200063" asserts="0">
                <properties>
                  <property name="_JOINTYPE" value="UnityCombinatorial" />
                  <property name="retryIteration" value="0" />
                  <property name="repeatIteration" value="0" />
                </properties>
                <failure>
                  <message><![CDATA[  Dg5fFingerIK must be disabled in training.
  Expected: False
  But was:  True
]]></message>
                  <stack-trace><![CDATA[at KDT.GraspTraining.PlayModeTests.GraspTrainingSceneTests+<TrainingSceneLoadsWithV1ContractAndSingleDriveOwner>d__1.MoveNext () [0x00783] in /home/lkb/workspace/KDT_1_AX_rtauto/unity/Assets/MLAgents/Grasp/Tests/PlayMode/GraspTrainingSceneTests.cs:157
at UnityEngine.TestTools.TestEnumerator+<Execute>d__7.MoveNext () [0x0003a] in ./Library/PackageCache/com.unity.test-framework@f63be82e0d2e/UnityEngine.TestRunner/NUnitExtensions/Attributes/TestEnumerator.cs:44
]]></stack-trace>
                </failure>
                <output><![CDATA[[Dg5fFingerIK f5] 준비 완료 — 마디합 15.3cm, 방향별 최대도달 테이블 10.0~15.3cm (FK 13^4 스윕, 앵커=5_1+offset)
[Dg5fFingerIK f4] 준비 완료 — 마디합 13.5cm, 방향별 최대도달 테이블 5.1~13.5cm (FK 13^4 스윕, 앵커=4_1+offset)
[Dg5fFingerIK f3] 준비 완료 — 마디합 13.5cm, 방향별 최대도달 테이블 4.3~13.5cm (FK 13^4 스윕, 앵커=3_1+offset)
[RobotSelfCollisionIgnore] 자기충돌 무시(OFF·통과): 콜라이더 93개, 4278쌍 적용
[Dg5fFingerIK f5] 준비 완료 — 마디합 15.3cm, 방향별 최대도달 테이블 10.0~15.3cm (FK 13^4 스윕, 앵커=5_1+offset)
[Dg5fFingerIK f4] 준비 완료 — 마디합 13.5cm, 방향별 최대도달 테이블 5.1~13.5cm (FK 13^4 스윕, 앵커=4_1+offset)
[Dg5fFingerIK f3] 준비 완료 — 마디합 13.5cm, 방향별 최대도달 테이블 4.3~13.5cm (FK 13^4 스윕, 앵커=3_1+offset)
[RobotSelfCollisionIgnore] 자기충돌 무시(OFF·통과): 콜라이더 93개, 4278쌍 적용
[Dg5fFingerIK f5] 준비 완료 — 마디합 15.3cm, 방향별 최대도달 테이블 10.0~15.3cm (FK 13^4 스윕, 앵커=5_1+offset)
[Dg5fFingerIK f4] 준비 완료 — 마디합 13.5cm, 방향별 최대도달 테이블 5.1~13.5cm (FK 13^4 스윕, 앵커=4_1+offset)
[Dg5fFingerIK f3] 준비 완료 — 마디합 13.5cm, 방향별 최대도달 테이블 4.3~13.5cm (FK 13^4 스윕, 앵커=3_1+offset)
[RobotSelfCollisionIgnore] 자기충돌 무시(OFF·통과): 콜라이더 93개, 4278쌍 적용
[Dg5fFingerIK f5] 준비 완료 — 마디합 15.3cm, 방향별 최대도달 테이블 10.0~15.3cm (FK 13^4 스윕, 앵커=5_1+offset)
[Dg5fFingerIK f4] 준비 완료 — 마디합 13.5cm, 방향별 최대도달 테이블 5.1~13.5cm (FK 13^4 스윕, 앵커=4_1+offset)
[Dg5fFingerIK f3] 준비 완료 — 마디합 13.5cm, 방향별 최대도달 테이블 4.3~13.5cm (FK 13^4 스윕, 앵커=3_1+offset)
[RobotSelfCollisionIgnore] 자기충돌 무시(OFF·통과): 콜라이더 93개, 4278쌍 적용
[Dg5fFingerIK f5] 준비 완료 — 마디합 15.3cm, 방향별 최대도달 테이블 10.0~15.3cm (FK 13^4 스윕, 앵커=5_1+offset)
[Dg5fFingerIK f4] 준비 완료 — 마디합 13.5cm, 방향별 최대도달 테이블 5.1~13.5cm (FK 13^4 스윕, 앵커=4_1+offset)
[Dg5fFingerIK f3] 준비 완료 — 마디합 13.5cm, 방향별 최대도달 테이블 4.3~13.5cm (FK 13^4 스윕, 앵커=3_1+offset)
[RobotSelfCollisionIgnore] 자기충돌 무시(OFF·통과): 콜라이더 93개, 4278쌍 적용
[Dg5fFingerIK f5] 준비 완료 — 마디합 15.3cm, 방향별 최대도달 테이블 10.0~15.3cm (FK 13^4 스윕, 앵커=5_1+offset)
[Dg5fFingerIK f4] 준비 완료 — 마디합 13.5cm, 방향별 최대도달 테이블 5.1~13.5cm (FK 13^4 스윕, 앵커=4_1+offset)
[Dg5fFingerIK f3] 준비 완료 — 마디합 13.5cm, 방향별 최대도달 테이블 4.3~13.5cm (FK 13^4 스윕, 앵커=3_1+offset)
[RobotSelfCollisionIgnore] 자기충돌 무시(OFF·통과): 콜라이더 93개, 4278쌍 적용
[Dg5fFingerIK f5] 준비 완료 — 마디합 15.3cm, 방향별 최대도달 테이블 10.0~15.3cm (FK 13^4 스윕, 앵커=5_1+offset)
[Dg5fFingerIK f4] 준비 완료 — 마디합 13.5cm, 방향별 최대도달 테이블 5.1~13.5cm (FK 13^4 스윕, 앵커=4_1+offset)
[Dg5fFingerIK f3] 준비 완료 — 마디합 13.5cm, 방향별 최대도달 테이블 4.3~13.5cm (FK 13^4 스윕, 앵커=3_1+offset)
[RobotSelfCollisionIgnore] 자기충돌 무시(OFF·통과): 콜라이더 93개, 4278쌍 적용
[Dg5fFingerIK f5] 준비 완료 — 마디합 15.3cm, 방향별 최대도달 테이블 10.0~15.3cm (FK 13^4 스윕, 앵커=5_1+offset)
[...]
[RobotSelfCollisionIgnore] 자기충돌 무시(OFF·통과): 콜라이더 93개, 4278쌍 적용
[Dg5fFingerIK f5] 준비 완료 — 마디합 15.3cm, 방향별 최대도달 테이블 10.0~15.3cm (FK 13^4 스윕, 앵커=5_1+offset)
[Dg5fFingerIK f4] 준비 완료 — 마디합 13.5cm, 방향별 최대도달 테이블 5.1~13.5cm (FK 13^4 스윕, 앵커=4_1+offset)
[Dg5fFingerIK f3] 준비 완료 — 마디합 13.5cm, 방향별 최대도달 테이블 4.3~13.5cm (FK 13^4 스윕, 앵커=3_1+offset)
[RobotSelfCollisionIgnore] 자기충돌 무시(OFF·통과): 콜라이더 93개, 4278쌍 적용
[Dg5fFingerIK f5] 준비 완료 — 마디합 15.3cm, 방향별 최대도달 테이블 10.0~15.3cm (FK 13^4 스윕, 앵커=5_1+offset)
[Dg5fFingerIK f4] 준비 완료 — 마디합 13.5cm, 방향별 최대도달 테이블 5.1~13.5cm (FK 13^4 스윕, 앵커=4_1+offset)
[Dg5fFingerIK f3] 준비 완료 — 마디합 13.5cm, 방향별 최대도달 테이블 4.3~13.5cm (FK 13^4 스윕, 앵커=3_1+offset)
[RobotSelfCollisionIgnore] 자기충돌 무시(OFF·통과): 콜라이더 93개, 4278쌍 적용
[Dg5fFingerIK f5] 준비 완료 — 마디합 15.3cm, 방향별 최대도달 테이블 10.0~15.3cm (FK 13^4 스윕, 앵커=5_1+offset)
[Dg5fFingerIK f4] 준비 완료 — 마디합 13.5cm, 방향별 최대도달 테이블 5.1~13.5cm (FK 13^4 스윕, 앵커=4_1+offset)
[Dg5fFingerIK f3] 준비 완료 — 마디합 13.5cm, 방향별 최대도달 테이블 4.3~13.5cm (FK 13^4 스윕, 앵커=3_1+offset)
[RobotSelfCollisionIgnore] 자기충돌 무시(OFF·통과): 콜라이더 93개, 4278쌍 적용
[Dg5fFingerIK f5] 준비 완료 — 마디합 15.3cm, 방향별 최대도달 테이블 10.0~15.3cm (FK 13^4 스윕, 앵커=5_1+offset)
[Dg5fFingerIK f4] 준비 완료 — 마디합 13.5cm, 방향별 최대도달 테이블 5.1~13.5cm (FK 13^4 스윕, 앵커=4_1+offset)
[Dg5fFingerIK f3] 준비 완료 — 마디합 13.5cm, 방향별 최대도달 테이블 4.3~13.5cm (FK 13^4 스윕, 앵커=3_1+offset)
[RobotSelfCollisionIgnore] 자기충돌 무시(OFF·통과): 콜라이더 93개, 4278쌍 적용
[Dg5fFingerIK f5] 준비 완료 — 마디합 15.3cm, 방향별 최대도달 테이블 10.0~15.3cm (FK 13^4 스윕, 앵커=5_1+offset)
[Dg5fFingerIK f4] 준비 완료 — 마디합 13.5cm, 방향별 최대도달 테이블 5.1~13.5cm (FK 13^4 스윕, 앵커=4_1+offset)
[Dg5fFingerIK f3] 준비 완료 — 마디합 13.5cm, 방향별 최대도달 테이블 4.3~13.5cm (FK 13^4 스윕, 앵커=3_1+offset)
[RobotSelfCollisionIgnore] 자기충돌 무시(OFF·통과): 콜라이더 93개, 4278쌍 적용
[Dg5fFingerIK f5] 준비 완료 — 마디합 15.3cm, 방향별 최대도달 테이블 10.0~15.3cm (FK 13^4 스윕, 앵커=5_1+offset)
[Dg5fFingerIK f4] 준비 완료 — 마디합 13.5cm, 방향별 최대도달 테이블 5.1~13.5cm (FK 13^4 스윕, 앵커=4_1+offset)
[Dg5fFingerIK f3] 준비 완료 — 마디합 13.5cm, 방향별 최대도달 테이블 4.3~13.5cm (FK 13^4 스윕, 앵커=3_1+offset)
[RobotSelfCollisionIgnore] 자기충돌 무시(OFF·통과): 콜라이더 93개, 4278쌍 적용
[Dg5fFingerIK f5] 준비 완료 — 마디합 15.3cm, 방향별 최대도달 테이블 10.0~15.3cm (FK 13^4 스윕, 앵커=5_1+offset)
[Dg5fFingerIK f4] 준비 완료 — 마디합 13.5cm, 방향별 최대도달 테이블 5.1~13.5cm (FK 13^4 스윕, 앵커=4_1+offset)
[Dg5fFingerIK f3] 준비 완료 — 마디합 13.5cm, 방향별 최대도달 테이블 4.3~13.5cm (FK 13^4 스윕, 앵커=3_1+offset)
[RobotSelfCollisionIgnore] 자기충돌 무시(OFF·통과): 콜라이더 93개, 4278쌍 적용
[Dg5fFingerIK f5] 준비 완료 — 마디합 15.3cm, 방향별 최대도달 테이블 10.0~15.3cm (FK 13^4 스윕, 앵커=5_1+offset)
[Dg5fFingerIK f4] 준비 완료 — 마디합 13.5cm, 방향별 최대도달 테이블 5.1~13.5cm (FK 13^4 스윕, 앵커=4_1+offset)
[Dg5fFingerIK f3] 준비 완료 — 마디합 13.5cm, 방향별 최대도달 테이블 4.3~13.5cm (FK 13^4 스윕, 앵커=3_1+offset)
[RobotSelfCollisionIgnore] 자기충돌 무시(OFF·통과): 콜라이더 93개, 4278쌍 적용
[Dg5fFingerIK f5] 준비 완료 — 마디합 15.3cm, 방향별 최대도달 테이블 10.0~15.3cm (FK 13^4 스윕, 앵커=5_1+offset)
[Dg5fFingerIK f4] 준비 완료 — 마디합 13.5cm, 방향별 최대도달 테이블 5.1~13.5cm (FK 13^4 스윕, 앵커=4_1+offset)
[Dg5fFingerIK f3] 준비 완료 — 마디합 13.5cm, 방향별 최대도달 테이블 4.3~13.5cm (FK 13^4 스윕, 앵커=3_1+offset)
[RobotSelfCollisionIgnore] 자기충돌 무시(OFF·통과): 콜라이더 93개, 4278쌍 적용
[Dg5fFingerIK f5] 준비 완료 — 마디합 15.3cm, 방향별 최대도달 테이블 10.0~15.3cm (FK 13^4 스윕, 앵커=5_1+offset)
[Dg5fFingerIK f4] 준비 완료 — 마디합 13.5cm, 방향별 최대도달 테이블 5.1~13.5cm (FK 13^4 스윕, 앵커=4_1+offset)
[Dg5fFingerIK f3] 준비 완료 — 마디합 13.5cm, 방향별 최대도달 테이블 4.3~13.5cm (FK 13^4 스윕, 앵커=3_1+offset)
[RobotSelfCollisionIgnore] 자기충돌 무시(OFF·통과): 콜라이더 93개, 4278쌍 적용
[Dg5fFingerIK f5] 준비 완료 — 마디합 15.3cm, 방향별 최대도달 테이블 10.0~15.3cm (FK 13^4 스윕, 앵커=5_1+offset)
[Dg5fFingerIK f4] 준비 완료 — 마디합 13.5cm, 방향별 최대도달 테이블 5.1~13.5cm (FK 13^4 스윕, 앵커=4_1+offset)
[Dg5fFingerIK f3] 준비 완료 — 마디합 13.5cm, 방향별 최대도달 테이블 4.3~13.5cm (FK 13^4 스윕, 앵커=3_1+offset)
[RobotSelfCollisionIgnore] 자기충돌 무시(OFF·통과): 콜라이더 93개, 4278쌍 적용
[Dg5fFingerIK f5] 준비 완료 — 마디합 15.3cm, 방향별 최대도달 테이블 10.0~15.3cm (FK 13^4 스윕, 앵커=5_1+offset)
[Dg5fFingerIK f4] 준비 완료 — 마디합 13.5cm, 방향별 최대도달 테이블 5.1~13.5cm (FK 13^4 스윕, 앵커=4_1+offset)
[Dg5fFingerIK f3] 준비 완료 — 마디합 13.5cm, 방향별 최대도달 테이블 4.3~13.5cm (FK 13^4 스윕, 앵커=3_1+offset)
[RobotSelfCollisionIgnore] 자기충돌 무시(OFF·통과): 콜라이더 93개, 4278쌍 적용
[Dg5fFingerIK f5] 준비 완료 — 마디합 15.3cm, 방향별 최대도달 테이블 10.0~15.3cm (FK 13^4 스윕, 앵커=5_1+offset)
[Dg5fFingerIK f4] 준비 완료 — 마디합 13.5cm, 방향별 최대도달 테이블 5.1~13.5cm (FK 13^4 스윕, 앵커=4_1+offset)
[Dg5fFingerIK f3] 준비 완료 — 마디합 13.5cm, 방향별 최대도달 테이블 4.3~13.5cm (FK 13^4 스윕, 앵커=3_1+offset)
[RobotSelfCollisionIgnore] 자기충돌 무시(OFF·통과): 콜라이더 93개, 4278쌍 적용
[Dg5fFingerIK f5] 준비 완료 — 마디합 15.3cm, 방향별 최대도달 테이블 10.0~15.3cm (FK 13^4 스윕, 앵커=5_1+offset)
[Dg5fFingerIK f4] 준비 완료 — 마디합 13.5cm, 방향별 최대도달 테이블 5.1~13.5cm (FK 13^4 스윕, 앵커=4_1+offset)
[Dg5fFingerIK f3] 준비 완료 — 마디합 13.5cm, 방향별 최대도달 테이블 4.3~13.5cm (FK 13^4 스윕, 앵커=3_1+offset)
[RobotSelfCollisionIgnore] 자기충돌 무시(OFF·통과): 콜라이더 93개, 4278쌍 적용
]]></output>
              </test-case>
              <test-case id="1028" name="SceneContainsTwentyIndependentGraspReadyAreas" fullname="KDT.ReachTraining.PlayModeTests.GraspPointReachSceneTests.SceneContainsTwentyIndependentGraspReadyAreas" methodname="SceneContainsTwentyIndependentGraspReadyAreas" classname="KDT.ReachTraining.PlayModeTests.GraspPointReachSceneTests" runstate="Runnable" seed="928061953" result="Passed" start-time="2026-07-28 18:00:33Z" end-time="2026-07-28 18:00:36Z" duration="3.013548" asserts="0">
                <properties>
                  <property name="_JOINTYPE" value="UnityCombinatorial" />
                  <property name="retryIteration" value="0" />
                  <property name="repeatIteration" value="0" />
                </properties>
                <output><![CDATA[[Dg5fFingerIK f5] 준비 완료 — 마디합 15.3cm, 방향별 최대도달 테이블 10.0~15.3cm (FK 13^4 스윕, 앵커=5_1+offset)
[Dg5fFingerIK f4] 준비 완료 — 마디합 13.5cm, 방향별 최대도달 테이블 5.1~13.5cm (FK 13^4 스윕, 앵커=4_1+offset)
[Dg5fFingerIK f3] 준비 완료 — 마디합 13.5cm, 방향별 최대도달 테이블 4.3~13.5cm (FK 13^4 스윕, 앵커=3_1+offset)
[RobotSelfCollisionIgnore] 자기충돌 무시(OFF·통과): 콜라이더 93개, 4278쌍 적용
[Dg5fFingerIK f5] 준비 완료 — 마디합 15.3cm, 방향별 최대도달 테이블 10.0~15.3cm (FK 13^4 스윕, 앵커=5_1+offset)
[Dg5fFingerIK f4] 준비 완료 — 마디합 13.5cm, 방향별 최대도달 테이블 5.1~13.5cm (FK 13^4 스윕, 앵커=4_1+offset)
[Dg5fFingerIK f3] 준비 완료 — 마디합 13.5cm, 방향별 최대도달 테이블 4.3~13.5cm (FK 13^4 스윕, 앵커=3_1+offset)
[RobotSelfCollisionIgnore] 자기충돌 무시(OFF·통과): 콜라이더 93개, 4278쌍 적용
[Dg5fFingerIK f5] 준비 완료 — 마디합 15.3cm, 방향별 최대도달 테이블 10.0~15.3cm (FK 13^4 스윕, 앵커=5_1+offset)
[Dg5fFingerIK f4] 준비 완료 — 마디합 13.5cm, 방향별 최대도달 테이블 5.1~13.5cm (FK 13^4 스윕, 앵커=4_1+offset)
[Dg5fFingerIK f3] 준비 완료 — 마디합 13.5cm, 방향별 최대도달 테이블 4.3~13.5cm (FK 13^4 스윕, 앵커=3_1+offset)
[RobotSelfCollisionIgnore] 자기충돌 무시(OFF·통과): 콜라이더 93개, 4278쌍 적용
[Dg5fFingerIK f5] 준비 완료 — 마디합 15.3cm, 방향별 최대도달 테이블 10.0~15.3cm (FK 13^4 스윕, 앵커=5_1+offset)
[Dg5fFingerIK f4] 준비 완료 — 마디합 13.5cm, 방향별 최대도달 테이블 5.1~13.5cm (FK 13^4 스윕, 앵커=4_1+offset)
[Dg5fFingerIK f3] 준비 완료 — 마디합 13.5cm, 방향별 최대도달 테이블 4.3~13.5cm (FK 13^4 스윕, 앵커=3_1+offset)
[RobotSelfCollisionIgnore] 자기충돌 무시(OFF·통과): 콜라이더 93개, 4278쌍 적용
[Dg5fFingerIK f5] 준비 완료 — 마디합 15.3cm, 방향별 최대도달 테이블 10.0~15.3cm (FK 13^4 스윕, 앵커=5_1+offset)
[Dg5fFingerIK f4] 준비 완료 — 마디합 13.5cm, 방향별 최대도달 테이블 5.1~13.5cm (FK 13^4 스윕, 앵커=4_1+offset)
[Dg5fFingerIK f3] 준비 완료 — 마디합 13.5cm, 방향별 최대도달 테이블 4.3~13.5cm (FK 13^4 스윕, 앵커=3_1+offset)
[RobotSelfCollisionIgnore] 자기충돌 무시(OFF·통과): 콜라이더 93개, 4278쌍 적용
[Dg5fFingerIK f5] 준비 완료 — 마디합 15.3cm, 방향별 최대도달 테이블 10.0~15.3cm (FK 13^4 스윕, 앵커=5_1+offset)
[Dg5fFingerIK f4] 준비 완료 — 마디합 13.5cm, 방향별 최대도달 테이블 5.1~13.5cm (FK 13^4 스윕, 앵커=4_1+offset)
[Dg5fFingerIK f3] 준비 완료 — 마디합 13.5cm, 방향별 최대도달 테이블 4.3~13.5cm (FK 13^4 스윕, 앵커=3_1+offset)
[RobotSelfCollisionIgnore] 자기충돌 무시(OFF·통과): 콜라이더 93개, 4278쌍 적용
[Dg5fFingerIK f5] 준비 완료 — 마디합 15.3cm, 방향별 최대도달 테이블 10.0~15.3cm (FK 13^4 스윕, 앵커=5_1+offset)
[Dg5fFingerIK f4] 준비 완료 — 마디합 13.5cm, 방향별 최대도달 테이블 5.1~13.5cm (FK 13^4 스윕, 앵커=4_1+offset)
[Dg5fFingerIK f3] 준비 완료 — 마디합 13.5cm, 방향별 최대도달 테이블 4.3~13.5cm (FK 13^4 스윕, 앵커=3_1+offset)
[RobotSelfCollisionIgnore] 자기충돌 무시(OFF·통과): 콜라이더 93개, 4278쌍 적용
[Dg5fFingerIK f5] 준비 완료 — 마디합 15.3cm, 방향별 최대도달 테이블 10.0~15.3cm (FK 13^4 스윕, 앵커=5_1+offset)
[Dg5fFingerIK f4] 준비 완료 — 마디합 13.5cm, 방향별 최대도달 테이블 5.1~13.5cm (FK 13^4 스윕, 앵커=4_1+offset)
[Dg5fFingerIK f3] 준비 완료 — 마디합 13.5cm, 방향별 최대도달 테이블 4.3~13.5cm (FK 13^4 스윕, 앵커=3_1+offset)
[RobotSelfCollisionIgnore] 자기충돌 무시(OFF·통과): 콜라이더 93개, 4278쌍 적용
[Dg5fFingerIK f5] 준비 완료 — 마디합 15.3cm, 방향별 최대도달 테이블 10.0~15.3cm (FK 13^4 스윕, 앵커=5_1+offset)
[Dg5fFingerIK f4] 준비 완료 — 마디합 13.5cm, 방향별 최대도달 테이블 5.1~13.5cm (FK 13^4 스윕, 앵커=4_1+offset)
[Dg5fFingerIK f3] 준비 완료 — 마디합 13.5cm, 방향별 최대도달 테이블 4.3~13.5cm (FK 13^4 스윕, 앵커=3_1+offset)
[RobotSelfCollisionIgnore] 자기충돌 무시(OFF·통과): 콜라이더 93개, 4278쌍 적용
[Dg5fFingerIK f5] 준비 완료 — 마디합 15.3cm, 방향별 최대도달 테이블 10.0~15.3cm (FK 13^4 스윕, 앵커=5_1+offset)
[Dg5fFingerIK f4] 준비 완료 — 마디합 13.5cm, 방향별 최대도달 테이블 5.1~13.5cm (FK 13^4 스윕, 앵커=4_1+offset)
[Dg5fFingerIK f3] 준비 완료 — 마디합 13.5cm, 방향별 최대도달 테이블 4.3~13.5cm (FK 13^4 스윕, 앵커=3_1+offset)
[RobotSelfCollisionIgnore] 자기충돌 무시(OFF·통과): 콜라이더 93개, 4278쌍 적용
[Dg5fFingerIK f5] 준비 완료 — 마디합 15.3cm, 방향별 최대도달 테이블 10.0~15.3cm (FK 13^4 스윕, 앵커=5_1+offset)
[Dg5fFingerIK f4] 준비 완료 — 마디합 13.5cm, 방향별 최대도달 테이블 5.1~13.5cm (FK 13^4 스윕, 앵커=4_1+offset)
[Dg5fFingerIK f3] 준비 완료 — 마디합 13.5cm, 방향별 최대도달 테이블 4.3~13.5cm (FK 13^4 스윕, 앵커=3_1+offset)
[RobotSelfCollisionIgnore] 자기충돌 무시(OFF·통과): 콜라이더 93개, 4278쌍 적용
[Dg5fFingerIK f5] 준비 완료 — 마디합 15.3cm, 방향별 최대도달 테이블 10.0~15.3cm (FK 13^4 스윕, 앵커=5_1+offset)
[Dg5fFingerIK f4] 준비 완료 — 마디합 13.5cm, 방향별 최대도달 테이블 5.1~13.5cm (FK 13^4 스윕, 앵커=4_1+offset)
[Dg5fFingerIK f3] 준비 완료 — 마디합 13.5cm, 방향별 최대도달 테이블 4.3~13.5cm (FK 13^4 스윕, 앵커=3_1+offset)
[RobotSelfCollisionIgnore] 자기충돌 무시(OFF·통과): 콜라이더 93개, 4278쌍 적용
[Dg5fFingerIK f5] 준비 완료 — 마디합 15.3cm, 방향별 최대도달 테이블 10.0~15.3cm (FK 13^4 스윕, 앵커=5_1+offset)
[Dg5fFingerIK f4] 준비 완료 — 마디합 13.5cm, 방향별 최대도달 테이블 5.1~13.5cm (FK 13^4 스윕, 앵커=4_1+offset)
[Dg5fFingerIK f3] 준비 완료 — 마디합 13.5cm, 방향별 최대도달 테이블 4.3~13.5cm (FK 13^4 스윕, 앵커=3_1+offset)
[RobotSelfCollisionIgnore] 자기충돌 무시(OFF·통과): 콜라이더 93개, 4278쌍 적용
[Dg5fFingerIK f5] 준비 완료 — 마디합 15.3cm, 방향별 최대도달 테이블 10.0~15.3cm (FK 13^4 스윕, 앵커=5_1+offset)
[Dg5fFingerIK f4] 준비 완료 — 마디합 13.5cm, 방향별 최대도달 테이블 5.1~13.5cm (FK 13^4 스윕, 앵커=4_1+offset)
[Dg5fFingerIK f3] 준비 완료 — 마디합 13.5cm, 방향별 최대도달 테이블 4.3~13.5cm (FK 13^4 스윕, 앵커=3_1+offset)
[RobotSelfCollisionIgnore] 자기충돌 무시(OFF·통과): 콜라이더 93개, 4278쌍 적용
[Dg5fFingerIK f5] 준비 완료 — 마디합 15.3cm, 방향별 최대도달 테이블 10.0~15.3cm (FK 13^4 스윕, 앵커=5_1+offset)
[Dg5fFingerIK f4] 준비 완료 — 마디합 13.5cm, 방향별 최대도달 테이블 5.1~13.5cm (FK 13^4 스윕, 앵커=4_1+offset)
[Dg5fFingerIK f3] 준비 완료 — 마디합 13.5cm, 방향별 최대도달 테이블 4.3~13.5cm (FK 13^4 스윕, 앵커=3_1+offset)
[RobotSelfCollisionIgnore] 자기충돌 무시(OFF·통과): 콜라이더 93개, 4278쌍 적용
[Dg5fFingerIK f5] 준비 완료 — 마디합 15.3cm, 방향별 최대도달 테이블 10.0~15.3cm (FK 13^4 스윕, 앵커=5_1+offset)
[Dg5fFingerIK f4] 준비 완료 — 마디합 13.5cm, 방향별 최대도달 테이블 5.1~13.5cm (FK 13^4 스윕, 앵커=4_1+offset)
[Dg5fFingerIK f3] 준비 완료 — 마디합 13.5cm, 방향별 최대도달 테이블 4.3~13.5cm (FK 13^4 스윕, 앵커=3_1+offset)
[RobotSelfCollisionIgnore] 자기충돌 무시(OFF·통과): 콜라이더 93개, 4278쌍 적용
[Dg5fFingerIK f5] 준비 완료 — 마디합 15.3cm, 방향별 최대도달 테이블 10.0~15.3cm (FK 13^4 스윕, 앵커=5_1+offset)
[Dg5fFingerIK f4] 준비 완료 — 마디합 13.5cm, 방향별 최대도달 테이블 5.1~13.5cm (FK 13^4 스윕, 앵커=4_1+offset)
[Dg5fFingerIK f3] 준비 완료 — 마디합 13.5cm, 방향별 최대도달 테이블 4.3~13.5cm (FK 13^4 스윕, 앵커=3_1+offset)
[RobotSelfCollisionIgnore] 자기충돌 무시(OFF·통과): 콜라이더 93개, 4278쌍 적용
[Dg5fFingerIK f5] 준비 완료 — 마디합 15.3cm, 방향별 최대도달 테이블 10.0~15.3cm (FK 13^4 스윕, 앵커=5_1+offset)
[Dg5fFingerIK f4] 준비 완료 — 마디합 13.5cm, 방향별 최대도달 테이블 5.1~13.5cm (FK 13^4 스윕, 앵커=4_1+offset)
[Dg5fFingerIK f3] 준비 완료 — 마디합 13.5cm, 방향별 최대도달 테이블 4.3~13.5cm (FK 13^4 스윕, 앵커=3_1+offset)
[RobotSelfCollisionIgnore] 자기충돌 무시(OFF·통과): 콜라이더 93개, 4278쌍 적용
[Dg5fFingerIK f5] 준비 완료 — 마디합 15.3cm, 방향별 최대도달 테이블 10.0~15.3cm (FK 13^4 스윕, 앵커=5_1+offset)
[Dg5fFingerIK f4] 준비 완료 — 마디합 13.5cm, 방향별 최대도달 테이블 5.1~13.5cm (FK 13^4 스윕, 앵커=4_1+offset)
[Dg5fFingerIK f3] 준비 완료 — 마디합 13.5cm, 방향별 최대도달 테이블 4.3~13.5cm (FK 13^4 스윕, 앵커=3_1+offset)
[RobotSelfCollisionIgnore] 자기충돌 무시(OFF·통과): 콜라이더 93개, 4278쌍 적용
[Dg5fFingerIK f5] 준비 완료 — 마디합 15.3cm, 방향별 최대도달 테이블 10.0~15.3cm (FK 13^4 스윕, 앵커=5_1+offset)
[Dg5fFingerIK f4] 준비 완료 — 마디합 13.5cm, 방향별 최대도달 테이블 5.1~13.5cm (FK 13^4 스윕, 앵커=4_1+offset)
[Dg5fFingerIK f3] 준비 완료 — 마디합 13.5cm, 방향별 최대도달 테이블 4.3~13.5cm (FK 13^4 스윕, 앵커=3_1+offset)
[RobotSelfCollisionIgnore] 자기충돌 무시(OFF·통과): 콜라이더 93개, 4278쌍 적용
]]></output>
              </test-case>
              <test-case id="1032" name="TargetIsSolidKinematicBallOnPanel" fullname="KDT.ReachTraining.PlayModeTests.GraspPointReachSceneTests.TargetIsSolidKinematicBallOnPanel" methodname="TargetIsSolidKinematicBallOnPanel" classname="KDT.ReachTraining.PlayModeTests.GraspPointReachSceneTests" runstate="Runnable" seed="899007823" result="Passed" start-time="2026-07-28 18:00:36Z" end-time="2026-07-28 18:00:39Z" duration="3.025315" asserts="0">
                <properties>
                  <property name="_JOINTYPE" value="UnityCombinatorial" />
                  <property name="retryIteration" value="0" />
                  <property name="repeatIteration" value="0" />
                </properties>
                <output><![CDATA[[Dg5fFingerIK f5] 준비 완료 — 마디합 15.3cm, 방향별 최대도달 테이블 10.0~15.3cm (FK 13^4 스윕, 앵커=5_1+offset)
[Dg5fFingerIK f4] 준비 완료 — 마디합 13.5cm, 방향별 최대도달 테이블 5.1~13.5cm (FK 13^4 스윕, 앵커=4_1+offset)
[Dg5fFingerIK f3] 준비 완료 — 마디합 13.5cm, 방향별 최대도달 테이블 4.3~13.5cm (FK 13^4 스윕, 앵커=3_1+offset)
[RobotSelfCollisionIgnore] 자기충돌 무시(OFF·통과): 콜라이더 93개, 4278쌍 적용
[Dg5fFingerIK f5] 준비 완료 — 마디합 15.3cm, 방향별 최대도달 테이블 10.0~15.3cm (FK 13^4 스윕, 앵커=5_1+offset)
[Dg5fFingerIK f4] 준비 완료 — 마디합 13.5cm, 방향별 최대도달 테이블 5.1~13.5cm (FK 13^4 스윕, 앵커=4_1+offset)
[Dg5fFingerIK f3] 준비 완료 — 마디합 13.5cm, 방향별 최대도달 테이블 4.3~13.5cm (FK 13^4 스윕, 앵커=3_1+offset)
[RobotSelfCollisionIgnore] 자기충돌 무시(OFF·통과): 콜라이더 93개, 4278쌍 적용
[Dg5fFingerIK f5] 준비 완료 — 마디합 15.3cm, 방향별 최대도달 테이블 10.0~15.3cm (FK 13^4 스윕, 앵커=5_1+offset)
[Dg5fFingerIK f4] 준비 완료 — 마디합 13.5cm, 방향별 최대도달 테이블 5.1~13.5cm (FK 13^4 스윕, 앵커=4_1+offset)
[Dg5fFingerIK f3] 준비 완료 — 마디합 13.5cm, 방향별 최대도달 테이블 4.3~13.5cm (FK 13^4 스윕, 앵커=3_1+offset)
[RobotSelfCollisionIgnore] 자기충돌 무시(OFF·통과): 콜라이더 93개, 4278쌍 적용
[Dg5fFingerIK f5] 준비 완료 — 마디합 15.3cm, 방향별 최대도달 테이블 10.0~15.3cm (FK 13^4 스윕, 앵커=5_1+offset)
[Dg5fFingerIK f4] 준비 완료 — 마디합 13.5cm, 방향별 최대도달 테이블 5.1~13.5cm (FK 13^4 스윕, 앵커=4_1+offset)
[Dg5fFingerIK f3] 준비 완료 — 마디합 13.5cm, 방향별 최대도달 테이블 4.3~13.5cm (FK 13^4 스윕, 앵커=3_1+offset)
[RobotSelfCollisionIgnore] 자기충돌 무시(OFF·통과): 콜라이더 93개, 4278쌍 적용
[Dg5fFingerIK f5] 준비 완료 — 마디합 15.3cm, 방향별 최대도달 테이블 10.0~15.3cm (FK 13^4 스윕, 앵커=5_1+offset)
[Dg5fFingerIK f4] 준비 완료 — 마디합 13.5cm, 방향별 최대도달 테이블 5.1~13.5cm (FK 13^4 스윕, 앵커=4_1+offset)
[Dg5fFingerIK f3] 준비 완료 — 마디합 13.5cm, 방향별 최대도달 테이블 4.3~13.5cm (FK 13^4 스윕, 앵커=3_1+offset)
[RobotSelfCollisionIgnore] 자기충돌 무시(OFF·통과): 콜라이더 93개, 4278쌍 적용
[Dg5fFingerIK f5] 준비 완료 — 마디합 15.3cm, 방향별 최대도달 테이블 10.0~15.3cm (FK 13^4 스윕, 앵커=5_1+offset)
[Dg5fFingerIK f4] 준비 완료 — 마디합 13.5cm, 방향별 최대도달 테이블 5.1~13.5cm (FK 13^4 스윕, 앵커=4_1+offset)
[Dg5fFingerIK f3] 준비 완료 — 마디합 13.5cm, 방향별 최대도달 테이블 4.3~13.5cm (FK 13^4 스윕, 앵커=3_1+offset)
[RobotSelfCollisionIgnore] 자기충돌 무시(OFF·통과): 콜라이더 93개, 4278쌍 적용
[Dg5fFingerIK f5] 준비 완료 — 마디합 15.3cm, 방향별 최대도달 테이블 10.0~15.3cm (FK 13^4 스윕, 앵커=5_1+offset)
[Dg5fFingerIK f4] 준비 완료 — 마디합 13.5cm, 방향별 최대도달 테이블 5.1~13.5cm (FK 13^4 스윕, 앵커=4_1+offset)
[Dg5fFingerIK f3] 준비 완료 — 마디합 13.5cm, 방향별 최대도달 테이블 4.3~13.5cm (FK 13^4 스윕, 앵커=3_1+offset)
[RobotSelfCollisionIgnore] 자기충돌 무시(OFF·통과): 콜라이더 93개, 4278쌍 적용
[Dg5fFingerIK f5] 준비 완료 — 마디합 15.3cm, 방향별 최대도달 테이블 10.0~15.3cm (FK 13^4 스윕, 앵커=5_1+offset)
[Dg5fFingerIK f4] 준비 완료 — 마디합 13.5cm, 방향별 최대도달 테이블 5.1~13.5cm (FK 13^4 스윕, 앵커=4_1+offset)
[Dg5fFingerIK f3] 준비 완료 — 마디합 13.5cm, 방향별 최대도달 테이블 4.3~13.5cm (FK 13^4 스윕, 앵커=3_1+offset)
[RobotSelfCollisionIgnore] 자기충돌 무시(OFF·통과): 콜라이더 93개, 4278쌍 적용
[Dg5fFingerIK f5] 준비 완료 — 마디합 15.3cm, 방향별 최대도달 테이블 10.0~15.3cm (FK 13^4 스윕, 앵커=5_1+offset)
[Dg5fFingerIK f4] 준비 완료 — 마디합 13.5cm, 방향별 최대도달 테이블 5.1~13.5cm (FK 13^4 스윕, 앵커=4_1+offset)
[Dg5fFingerIK f3] 준비 완료 — 마디합 13.5cm, 방향별 최대도달 테이블 4.3~13.5cm (FK 13^4 스윕, 앵커=3_1+offset)
[RobotSelfCollisionIgnore] 자기충돌 무시(OFF·통과): 콜라이더 93개, 4278쌍 적용
[Dg5fFingerIK f5] 준비 완료 — 마디합 15.3cm, 방향별 최대도달 테이블 10.0~15.3cm (FK 13^4 스윕, 앵커=5_1+offset)
[Dg5fFingerIK f4] 준비 완료 — 마디합 13.5cm, 방향별 최대도달 테이블 5.1~13.5cm (FK 13^4 스윕, 앵커=4_1+offset)
[Dg5fFingerIK f3] 준비 완료 — 마디합 13.5cm, 방향별 최대도달 테이블 4.3~13.5cm (FK 13^4 스윕, 앵커=3_1+offset)
[RobotSelfCollisionIgnore] 자기충돌 무시(OFF·통과): 콜라이더 93개, 4278쌍 적용
[Dg5fFingerIK f5] 준비 완료 — 마디합 15.3cm, 방향별 최대도달 테이블 10.0~15.3cm (FK 13^4 스윕, 앵커=5_1+offset)
[Dg5fFingerIK f4] 준비 완료 — 마디합 13.5cm, 방향별 최대도달 테이블 5.1~13.5cm (FK 13^4 스윕, 앵커=4_1+offset)
[Dg5fFingerIK f3] 준비 완료 — 마디합 13.5cm, 방향별 최대도달 테이블 4.3~13.5cm (FK 13^4 스윕, 앵커=3_1+offset)
[RobotSelfCollisionIgnore] 자기충돌 무시(OFF·통과): 콜라이더 93개, 4278쌍 적용
[Dg5fFingerIK f5] 준비 완료 — 마디합 15.3cm, 방향별 최대도달 테이블 10.0~15.3cm (FK 13^4 스윕, 앵커=5_1+offset)
[Dg5fFingerIK f4] 준비 완료 — 마디합 13.5cm, 방향별 최대도달 테이블 5.1~13.5cm (FK 13^4 스윕, 앵커=4_1+offset)
[Dg5fFingerIK f3] 준비 완료 — 마디합 13.5cm, 방향별 최대도달 테이블 4.3~13.5cm (FK 13^4 스윕, 앵커=3_1+offset)
[RobotSelfCollisionIgnore] 자기충돌 무시(OFF·통과): 콜라이더 93개, 4278쌍 적용
[Dg5fFingerIK f5] 준비 완료 — 마디합 15.3cm, 방향별 최대도달 테이블 10.0~15.3cm (FK 13^4 스윕, 앵커=5_1+offset)
[Dg5fFingerIK f4] 준비 완료 — 마디합 13.5cm, 방향별 최대도달 테이블 5.1~13.5cm (FK 13^4 스윕, 앵커=4_1+offset)
[Dg5fFingerIK f3] 준비 완료 — 마디합 13.5cm, 방향별 최대도달 테이블 4.3~13.5cm (FK 13^4 스윕, 앵커=3_1+offset)
[RobotSelfCollisionIgnore] 자기충돌 무시(OFF·통과): 콜라이더 93개, 4278쌍 적용
[Dg5fFingerIK f5] 준비 완료 — 마디합 15.3cm, 방향별 최대도달 테이블 10.0~15.3cm (FK 13^4 스윕, 앵커=5_1+offset)
[Dg5fFingerIK f4] 준비 완료 — 마디합 13.5cm, 방향별 최대도달 테이블 5.1~13.5cm (FK 13^4 스윕, 앵커=4_1+offset)
[Dg5fFingerIK f3] 준비 완료 — 마디합 13.5cm, 방향별 최대도달 테이블 4.3~13.5cm (FK 13^4 스윕, 앵커=3_1+offset)
[RobotSelfCollisionIgnore] 자기충돌 무시(OFF·통과): 콜라이더 93개, 4278쌍 적용
[Dg5fFingerIK f5] 준비 완료 — 마디합 15.3cm, 방향별 최대도달 테이블 10.0~15.3cm (FK 13^4 스윕, 앵커=5_1+offset)
[Dg5fFingerIK f4] 준비 완료 — 마디합 13.5cm, 방향별 최대도달 테이블 5.1~13.5cm (FK 13^4 스윕, 앵커=4_1+offset)
[Dg5fFingerIK f3] 준비 완료 — 마디합 13.5cm, 방향별 최대도달 테이블 4.3~13.5cm (FK 13^4 스윕, 앵커=3_1+offset)
[RobotSelfCollisionIgnore] 자기충돌 무시(OFF·통과): 콜라이더 93개, 4278쌍 적용
[Dg5fFingerIK f5] 준비 완료 — 마디합 15.3cm, 방향별 최대도달 테이블 10.0~15.3cm (FK 13^4 스윕, 앵커=5_1+offset)
[Dg5fFingerIK f4] 준비 완료 — 마디합 13.5cm, 방향별 최대도달 테이블 5.1~13.5cm (FK 13^4 스윕, 앵커=4_1+offset)
[Dg5fFingerIK f3] 준비 완료 — 마디합 13.5cm, 방향별 최대도달 테이블 4.3~13.5cm (FK 13^4 스윕, 앵커=3_1+offset)
[RobotSelfCollisionIgnore] 자기충돌 무시(OFF·통과): 콜라이더 93개, 4278쌍 적용
[Dg5fFingerIK f5] 준비 완료 — 마디합 15.3cm, 방향별 최대도달 테이블 10.0~15.3cm (FK 13^4 스윕, 앵커=5_1+offset)
[Dg5fFingerIK f4] 준비 완료 — 마디합 13.5cm, 방향별 최대도달 테이블 5.1~13.5cm (FK 13^4 스윕, 앵커=4_1+offset)
[Dg5fFingerIK f3] 준비 완료 — 마디합 13.5cm, 방향별 최대도달 테이블 4.3~13.5cm (FK 13^4 스윕, 앵커=3_1+offset)
[RobotSelfCollisionIgnore] 자기충돌 무시(OFF·통과): 콜라이더 93개, 4278쌍 적용
[Dg5fFingerIK f5] 준비 완료 — 마디합 15.3cm, 방향별 최대도달 테이블 10.0~15.3cm (FK 13^4 스윕, 앵커=5_1+offset)
[Dg5fFingerIK f4] 준비 완료 — 마디합 13.5cm, 방향별 최대도달 테이블 5.1~13.5cm (FK 13^4 스윕, 앵커=4_1+offset)
[Dg5fFingerIK f3] 준비 완료 — 마디합 13.5cm, 방향별 최대도달 테이블 4.3~13.5cm (FK 13^4 스윕, 앵커=3_1+offset)
[RobotSelfCollisionIgnore] 자기충돌 무시(OFF·통과): 콜라이더 93개, 4278쌍 적용
[Dg5fFingerIK f5] 준비 완료 — 마디합 15.3cm, 방향별 최대도달 테이블 10.0~15.3cm (FK 13^4 스윕, 앵커=5_1+offset)
[Dg5fFingerIK f4] 준비 완료 — 마디합 13.5cm, 방향별 최대도달 테이블 5.1~13.5cm (FK 13^4 스윕, 앵커=4_1+offset)
[Dg5fFingerIK f3] 준비 완료 — 마디합 13.5cm, 방향별 최대도달 테이블 4.3~13.5cm (FK 13^4 스윕, 앵커=3_1+offset)
[RobotSelfCollisionIgnore] 자기충돌 무시(OFF·통과): 콜라이더 93개, 4278쌍 적용
[Dg5fFingerIK f5] 준비 완료 — 마디합 15.3cm, 방향별 최대도달 테이블 10.0~15.3cm (FK 13^4 스윕, 앵커=5_1+offset)
[Dg5fFingerIK f4] 준비 완료 — 마디합 13.5cm, 방향별 최대도달 테이블 5.1~13.5cm (FK 13^4 스윕, 앵커=4_1+offset)
[Dg5fFingerIK f3] 준비 완료 — 마디합 13.5cm, 방향별 최대도달 테이블 4.3~13.5cm (FK 13^4 스윕, 앵커=3_1+offset)
[RobotSelfCollisionIgnore] 자기충돌 무시(OFF·통과): 콜라이더 93개, 4278쌍 적용
Saving results to: /home/lkb/.config/unity3d/DefaultCompany/KDT_robot_AI/TestResults.xml
]]></output>
              </test-case>
            </test-suite>
          </test-suite>
        </test-suite>
      </test-suite>
    </test-suite>
  </test-suite>
</test-run>