<?xml version="1.0" encoding="utf-8"?>
<test-run id="2" testcasecount="1" result="Failed(Child)" total="1" passed="0" failed="1" inconclusive="0" skipped="0" asserts="0" engine-version="3.5.0.0" clr-version="4.0.30319.42000" start-time="2026-07-28 17:57:03Z" end-time="2026-07-28 17:57:04Z" duration="0.9040407">
  <test-suite type="TestSuite" id="1042" name="KDT_robot_AI" fullname="KDT_robot_AI" runstate="Runnable" testcasecount="22" result="Failed" site="Child" start-time="2026-07-28 17:57:03Z" end-time="2026-07-28 17:57:04Z" duration="0.904041" total="1" passed="0" failed="1" inconclusive="0" skipped="0" asserts="0">
    <properties>
      <property name="platform" value="PlayMode" />
    </properties>
    <failure>
      <message><![CDATA[One or more child tests had errors]]></message>
    </failure>
    <test-suite type="Assembly" id="1010" name="KDT.GraspLiftTraining.PlayModeTests.dll" fullname="/home/lkb/workspace/KDT_1_AX_rtauto/unity/Library/ScriptAssemblies/KDT.GraspLiftTraining.PlayModeTests.dll" runstate="Runnable" testcasecount="7" result="Failed" site="Child" start-time="2026-07-28 17:57:03Z" end-time="2026-07-28 17:57:04Z" duration="0.896587" total="1" passed="0" failed="1" inconclusive="0" skipped="0" asserts="0">
      <properties>
        <property name="_PID" value="368693" />
        <property name="_APPDOMAIN" value="Unity Child Domain" />
        <property name="platform" value="PlayMode" />
        <property name="EditorOnly" value="False" />
      </properties>
      <failure>
        <message><![CDATA[One or more child tests had errors]]></message>
      </failure>
      <test-suite type="TestSuite" id="1011" name="KDT" fullname="KDT" runstate="Runnable" testcasecount="7" result="Failed" site="Child" start-time="2026-07-28 17:57:03Z" end-time="2026-07-28 17:57:04Z" duration="0.896008" total="1" passed="0" failed="1" inconclusive="0" skipped="0" asserts="0">
        <properties />
        <failure>
          <message><![CDATA[One or more child tests had errors]]></message>
        </failure>
        <test-suite type="TestSuite" id="1012" name="GraspLiftTraining" fullname="KDT.GraspLiftTraining" runstate="Runnable" testcasecount="7" result="Failed" site="Child" start-time="2026-07-28 17:57:03Z" end-time="2026-07-28 17:57:04Z" duration="0.895676" total="1" passed="0" failed="1" inconclusive="0" skipped="0" asserts="0">
          <properties />
          <failure>
            <message><![CDATA[One or more child tests had errors]]></message>
          </failure>
          <test-suite type="TestSuite" id="1013" name="PlayModeTests" fullname="KDT.GraspLiftTraining.PlayModeTests" runstate="Runnable" testcasecount="7" result="Failed" site="Child" start-time="2026-07-28 17:57:03Z" end-time="2026-07-28 17:57:04Z" duration="0.895371" total="1" passed="0" failed="1" inconclusive="0" skipped="0" asserts="0">
            <properties />
            <failure>
              <message><![CDATA[One or more child tests had errors]]></message>
            </failure>
            <test-suite type="TestFixture" id="1003" name="GraspLiftSceneTests" fullname="KDT.GraspLiftTraining.PlayModeTests.GraspLiftSceneTests" classname="KDT.GraspLiftTraining.PlayModeTests.GraspLiftSceneTests" runstate="Runnable" testcasecount="6" result="Failed" site="Child" start-time="2026-07-28 17:57:03Z" end-time="2026-07-28 17:57:04Z" duration="0.894243" total="1" passed="0" failed="1" inconclusive="0" skipped="0" asserts="0">
              <properties />
              <failure>
                <message><![CDATA[One or more child tests had errors]]></message>
              </failure>
              <test-case id="1007" name="BlockSpawnsUprightAndRestingOnThePanel" fullname="KDT.GraspLiftTraining.PlayModeTests.GraspLiftSceneTests.BlockSpawnsUprightAndRestingOnThePanel" methodname="BlockSpawnsUprightAndRestingOnThePanel" classname="KDT.GraspLiftTraining.PlayModeTests.GraspLiftSceneTests" runstate="Runnable" seed="1937674535" result="Failed" start-time="2026-07-28 17:57:03Z" end-time="2026-07-28 17:57:04Z" duration="0.881844" asserts="0">
                <properties>
                  <property name="_JOINTYPE" value="UnityCombinatorial" />
                  <property name="retryIteration" value="0" />
                  <property name="repeatIteration" value="0" />
                </properties>
                <failure>
                  <message><![CDATA[  invalid spawn (0.332096249, 0.0600601435, -0.3924392); radius=0.5140977, range=[0.35, 0.55], restingHeight=6.01448119E-05, blockHeight=0.12
  Expected: True
  But was:  False
]]></message>
                  <stack-trace><![CDATA[at KDT.GraspLiftTraining.PlayModeTests.GraspLiftSceneTests+<BlockSpawnsUprightAndRestingOnThePanel>d__5.MoveNext () [0x0007f] in /home/lkb/workspace/KDT_1_AX_rtauto/unity/Assets/MLAgents/GraspLift/Tests/PlayMode/GraspLiftSceneTests.cs:122
at UnityEngine.TestTools.TestEnumerator+<Execute>d__7.MoveNext () [0x0003a] in ./Library/PackageCache/com.unity.test-framework@f63be82e0d2e/UnityEngine.TestRunner/NUnitExtensions/Attributes/TestEnumerator.cs:44
]]></stack-trace>
                </failure>
                <output><![CDATA[Registered Communicator in Agent.
Couldn't connect to trainer on port 5004 using API version 1.5.0. Will perform inference instead.
[RobotSelfCollisionIgnore] 자기충돌 무시(OFF·통과): 콜라이더 93개, 4278쌍 적용
[RobotSelfCollisionIgnore] 자기충돌 무시(OFF·통과): 콜라이더 93개, 4278쌍 적용
[RobotSelfCollisionIgnore] 자기충돌 무시(OFF·통과): 콜라이더 93개, 4278쌍 적용
[RobotSelfCollisionIgnore] 자기충돌 무시(OFF·통과): 콜라이더 93개, 4278쌍 적용
[RobotSelfCollisionIgnore] 자기충돌 무시(OFF·통과): 콜라이더 93개, 4278쌍 적용
[RobotSelfCollisionIgnore] 자기충돌 무시(OFF·통과): 콜라이더 93개, 4278쌍 적용
[RobotSelfCollisionIgnore] 자기충돌 무시(OFF·통과): 콜라이더 93개, 4278쌍 적용
[RobotSelfCollisionIgnore] 자기충돌 무시(OFF·통과): 콜라이더 93개, 4278쌍 적용
[RobotSelfCollisionIgnore] 자기충돌 무시(OFF·통과): 콜라이더 93개, 4278쌍 적용
[RobotSelfCollisionIgnore] 자기충돌 무시(OFF·통과): 콜라이더 93개, 4278쌍 적용
[RobotSelfCollisionIgnore] 자기충돌 무시(OFF·통과): 콜라이더 93개, 4278쌍 적용
[RobotSelfCollisionIgnore] 자기충돌 무시(OFF·통과): 콜라이더 93개, 4278쌍 적용
[RobotSelfCollisionIgnore] 자기충돌 무시(OFF·통과): 콜라이더 93개, 4278쌍 적용
[RobotSelfCollisionIgnore] 자기충돌 무시(OFF·통과): 콜라이더 93개, 4278쌍 적용
[RobotSelfCollisionIgnore] 자기충돌 무시(OFF·통과): 콜라이더 93개, 4278쌍 적용
[RobotSelfCollisionIgnore] 자기충돌 무시(OFF·통과): 콜라이더 93개, 4278쌍 적용
[RobotSelfCollisionIgnore] 자기충돌 무시(OFF·통과): 콜라이더 93개, 4278쌍 적용
[RobotSelfCollisionIgnore] 자기충돌 무시(OFF·통과): 콜라이더 93개, 4278쌍 적용
[RobotSelfCollisionIgnore] 자기충돌 무시(OFF·통과): 콜라이더 93개, 4278쌍 적용
[RobotSelfCollisionIgnore] 자기충돌 무시(OFF·통과): 콜라이더 93개, 4278쌍 적용
Saving results to: /home/lkb/.config/unity3d/DefaultCompany/KDT_robot_AI/TestResults.xml
]]></output>
              </test-case>
            </test-suite>
          </test-suite>
        </test-suite>
      </test-suite>
    </test-suite>
  </test-suite>
</test-run>