<?xml version="1.0" encoding="utf-8"?>
<test-run id="2" testcasecount="1" result="Failed(Child)" total="1" passed="0" failed="1" inconclusive="0" skipped="0" asserts="0" engine-version="3.5.0.0" clr-version="4.0.30319.42000" start-time="2026-07-28 18:01:25Z" end-time="2026-07-28 18:01:27Z" duration="1.6582811">
  <test-suite type="TestSuite" id="1042" name="KDT_robot_AI" fullname="KDT_robot_AI" runstate="Runnable" testcasecount="22" result="Failed" site="Child" start-time="2026-07-28 18:01:25Z" end-time="2026-07-28 18:01:27Z" duration="1.658281" total="1" passed="0" failed="1" inconclusive="0" skipped="0" asserts="0">
    <properties>
      <property name="platform" value="PlayMode" />
    </properties>
    <failure>
      <message><![CDATA[One or more child tests had errors]]></message>
    </failure>
    <test-suite type="Assembly" id="1023" name="KDT.GraspTraining.PlayModeTests.dll" fullname="/home/lkb/workspace/KDT_1_AX_rtauto/unity/Library/ScriptAssemblies/KDT.GraspTraining.PlayModeTests.dll" runstate="Runnable" testcasecount="8" result="Failed" site="Child" start-time="2026-07-28 18:01:25Z" end-time="2026-07-28 18:01:27Z" duration="1.650709" total="1" passed="0" failed="1" inconclusive="0" skipped="0" asserts="0">
      <properties>
        <property name="_PID" value="370905" />
        <property name="_APPDOMAIN" value="Unity Child Domain" />
        <property name="platform" value="PlayMode" />
        <property name="EditorOnly" value="False" />
      </properties>
      <failure>
        <message><![CDATA[One or more child tests had errors]]></message>
      </failure>
      <test-suite type="TestSuite" id="1024" name="KDT" fullname="KDT" runstate="Runnable" testcasecount="8" result="Failed" site="Child" start-time="2026-07-28 18:01:25Z" end-time="2026-07-28 18:01:27Z" duration="1.649997" total="1" passed="0" failed="1" inconclusive="0" skipped="0" asserts="0">
        <properties />
        <failure>
          <message><![CDATA[One or more child tests had errors]]></message>
        </failure>
        <test-suite type="TestSuite" id="1025" name="GraspTraining" fullname="KDT.GraspTraining" runstate="Runnable" testcasecount="8" result="Failed" site="Child" start-time="2026-07-28 18:01:25Z" end-time="2026-07-28 18:01:27Z" duration="1.649630" total="1" passed="0" failed="1" inconclusive="0" skipped="0" asserts="0">
          <properties />
          <failure>
            <message><![CDATA[One or more child tests had errors]]></message>
          </failure>
          <test-suite type="TestSuite" id="1026" name="PlayModeTests" fullname="KDT.GraspTraining.PlayModeTests" runstate="Runnable" testcasecount="8" result="Failed" site="Child" start-time="2026-07-28 18:01:25Z" end-time="2026-07-28 18:01:27Z" duration="1.649278" total="1" passed="0" failed="1" inconclusive="0" skipped="0" asserts="0">
            <properties />
            <failure>
              <message><![CDATA[One or more child tests had errors]]></message>
            </failure>
            <test-suite type="TestFixture" id="1014" name="GraspTrainingSceneTests" fullname="KDT.GraspTraining.PlayModeTests.GraspTrainingSceneTests" classname="KDT.GraspTraining.PlayModeTests.GraspTrainingSceneTests" runstate="Runnable" testcasecount="8" result="Failed" site="Child" start-time="2026-07-28 18:01:25Z" end-time="2026-07-28 18:01:27Z" duration="1.648240" total="1" passed="0" failed="1" inconclusive="0" skipped="0" asserts="0">
              <properties />
              <failure>
                <message><![CDATA[One or more child tests had errors]]></message>
              </failure>
              <test-case id="1016" name="TrainingSceneLoadsWithV1ContractAndSingleDriveOwner" fullname="KDT.GraspTraining.PlayModeTests.GraspTrainingSceneTests.TrainingSceneLoadsWithV1ContractAndSingleDriveOwner" methodname="TrainingSceneLoadsWithV1ContractAndSingleDriveOwner" classname="KDT.GraspTraining.PlayModeTests.GraspTrainingSceneTests" runstate="Runnable" seed="261263944" result="Failed" start-time="2026-07-28 18:01:25Z" end-time="2026-07-28 18:01:27Z" duration="1.636202" asserts="0">
                <properties>
                  <property name="_JOINTYPE" value="UnityCombinatorial" />
                  <property name="retryIteration" value="0" />
                  <property name="repeatIteration" value="0" />
                </properties>
                <failure>
                  <message><![CDATA[  Expected: True
  But was:  False
]]></message>
                  <stack-trace><![CDATA[at KDT.GraspTraining.PlayModeTests.GraspTrainingSceneTests+<TrainingSceneLoadsWithV1ContractAndSingleDriveOwner>d__1.MoveNext () [0x00216] in /home/lkb/workspace/KDT_1_AX_rtauto/unity/Assets/MLAgents/Grasp/Tests/PlayMode/GraspTrainingSceneTests.cs:76
at UnityEngine.TestTools.TestEnumerator+<Execute>d__7.MoveNext () [0x0003a] in ./Library/PackageCache/com.unity.test-framework@f63be82e0d2e/UnityEngine.TestRunner/NUnitExtensions/Attributes/TestEnumerator.cs:44
]]></stack-trace>
                </failure>
                <output><![CDATA[Registered Communicator in Agent.
Couldn't connect to trainer on port 5004 using API version 1.5.0. Will perform inference instead.
[Dg5fFingerIK f5] 준비 완료 — 마디합 15.3cm, 방향별 최대도달 테이블 10.0~15.3cm (FK 13^4 스윕, 앵커=5_1+offset)
[Dg5fFingerIK f4] 준비 완료 — 마디합 13.5cm, 방향별 최대도달 테이블 5.1~13.5cm (FK 13^4 스윕, 앵커=4_1+offset)
[Dg5fFingerIK f3] 준비 완료 — 마디합 13.5cm, 방향별 최대도달 테이블 4.3~13.5cm (FK 13^4 스윕, 앵커=3_1+offset)
[RobotSelfCollisionIgnore] 자기충돌 무시(OFF·통과): 콜라이더 93개, 4278쌍 적용
[Dg5fFingerIK f5] 준비 완료 — 마디합 15.3cm, 방향별 최대도달 테이블 10.0~15.3cm (FK 13^4 스윕, 앵커=5_1+offset)
[Dg5fFingerIK f4] 준비 완료 — 마디합 13.5cm, 방향별 최대도달 테이블 5.1~13.5cm (FK 13^4 스윕, 앵커=4_1+offset)
[Dg5fFingerIK f3] 준비 완료 — 마디합 13.5cm, 방향별 최대도달 테이블 4.3~13.5cm (FK 13^4 스윕, 앵커=3_1+offset)
[RobotSelfCollisionIgnore] 자기충돌 무시(OFF·통과): 콜라이더 93개, 4278쌍 적용
[Dg5fFingerIK f5] 준비 완료 — 마디합 15.3cm, 방향별 최대도달 테이블 10.0~15.3cm (FK 13^4 스윕, 앵커=5_1+offset)
[Dg5fFingerIK f4] 준비 완료 — 마디합 13.5cm, 방향별 최대도달 테이블 5.1~13.5cm (FK 13^4 스윕, 앵커=4_1+offset)
[Dg5fFingerIK f3] 준비 완료 — 마디합 13.5cm, 방향별 최대도달 테이블 4.3~13.5cm (FK 13^4 스윕, 앵커=3_1+offset)
[RobotSelfCollisionIgnore] 자기충돌 무시(OFF·통과): 콜라이더 93개, 4278쌍 적용
[Dg5fFingerIK f5] 준비 완료 — 마디합 15.3cm, 방향별 최대도달 테이블 10.0~15.3cm (FK 13^4 스윕, 앵커=5_1+offset)
[Dg5fFingerIK f4] 준비 완료 — 마디합 13.5cm, 방향별 최대도달 테이블 5.1~13.5cm (FK 13^4 스윕, 앵커=4_1+offset)
[Dg5fFingerIK f3] 준비 완료 — 마디합 13.5cm, 방향별 최대도달 테이블 4.3~13.5cm (FK 13^4 스윕, 앵커=3_1+offset)
[RobotSelfCollisionIgnore] 자기충돌 무시(OFF·통과): 콜라이더 93개, 4278쌍 적용
[Dg5fFingerIK f5] 준비 완료 — 마디합 15.3cm, 방향별 최대도달 테이블 10.0~15.3cm (FK 13^4 스윕, 앵커=5_1+offset)
[Dg5fFingerIK f4] 준비 완료 — 마디합 13.5cm, 방향별 최대도달 테이블 5.1~13.5cm (FK 13^4 스윕, 앵커=4_1+offset)
[Dg5fFingerIK f3] 준비 완료 — 마디합 13.5cm, 방향별 최대도달 테이블 4.3~13.5cm (FK 13^4 스윕, 앵커=3_1+offset)
[RobotSelfCollisionIgnore] 자기충돌 무시(OFF·통과): 콜라이더 93개, 4278쌍 적용
[Dg5fFingerIK f5] 준비 완료 — 마디합 15.3cm, 방향별 최대도달 테이블 10.0~15.3cm (FK 13^4 스윕, 앵커=5_1+offset)
[Dg5fFingerIK f4] 준비 완료 — 마디합 13.5cm, 방향별 최대도달 테이블 5.1~13.5cm (FK 13^4 스윕, 앵커=4_1+offset)
[Dg5fFingerIK f3] 준비 완료 — 마디합 13.5cm, 방향별 최대도달 테이블 4.3~13.5cm (FK 13^4 스윕, 앵커=3_1+offset)
[RobotSelfCollisionIgnore] 자기충돌 무시(OFF·통과): 콜라이더 93개, 4278쌍 적용
[Dg5fFingerIK f5] 준비 완료 — 마디합 15.3cm, 방향별 최대도달 테이블 10.0~15.3cm (FK 13^4 스윕, 앵커=5_1+offset)
[Dg5fFingerIK f4] 준비 완료 — 마디합 13.5cm, 방향별 최대도달 테이블 5.1~13.5cm (FK 13^4 스윕, 앵커=4_1+offset)
[Dg5fFingerIK f3] 준비 완료 — 마디합 13.5cm, 방향별 최대도달 테이블 4.3~13.5cm (FK 13^4 스윕, 앵커=3_1+offset)
[RobotSelfCollisionIgnore] 자기충돌 무시(OFF·통과): 콜라이더 93개, 4278쌍 적용
[Dg5fFingerIK f5] 준비 완료 — 마디합 15.3cm, 방향별 최대도달 테이블 10.0~15.3cm (FK 13^4 스윕, 앵커=5_1+offset)
[Dg5fFingerIK f4] 준비 완료 — 마디합 13.5cm, 방향별 최대도달 테이블 5.1~13.5cm (FK 13^4 스윕, 앵커=4_1+offset)
[Dg5fFingerIK f3] 준비 완료 — 마디합 13.5cm, 방향별 최대도달 테이블 4.3~13.5cm (FK 13^4 스윕, 앵커=3_1+offset)
[RobotSelfCollisionIgnore] 자기충돌 무시(OFF·통과): 콜라이더 93개, 4278쌍 적용
[Dg5fFingerIK f5] 준비 완료 — 마디합 15.3cm, 방향별 최대도달 테이블 10.0~15.3cm (FK 13^4 스윕, 앵커=5_1+offset)
[Dg5fFingerIK f4] 준비 완료 — 마디합 13.5cm, 방향별 최대도달 테이블 5.1~13.5cm (FK 13^4 스윕, 앵커=4_1+offset)
[Dg5fFingerIK f3] 준비 완료 — 마디합 13.5cm, 방향별 최대도달 테이블 4.3~13.5cm (FK 13^4 스윕, 앵커=3_1+offset)
[RobotSelfCollisionIgnore] 자기충돌 무시(OFF·통과): 콜라이더 93개, 4278쌍 적용
[Dg5fFingerIK f5] 준비 완료 — 마디합 15.3cm, 방향별 최대도달 테이블 10.0~15.3cm (FK 13^4 스윕, 앵커=5_1+offset)
[Dg5fFingerIK f4] 준비 완료 — 마디합 13.5cm, 방향별 최대도달 테이블 5.1~13.5cm (FK 13^4 스윕, 앵커=4_1+offset)
[Dg5fFingerIK f3] 준비 완료 — 마디합 13.5cm, 방향별 최대도달 테이블 4.3~13.5cm (FK 13^4 스윕, 앵커=3_1+offset)
[RobotSelfCollisionIgnore] 자기충돌 무시(OFF·통과): 콜라이더 93개, 4278쌍 적용
[Dg5fFingerIK f5] 준비 완료 — 마디합 15.3cm, 방향별 최대도달 테이블 10.0~15.3cm (FK 13^4 스윕, 앵커=5_1+offset)
[Dg5fFingerIK f4] 준비 완료 — 마디합 13.5cm, 방향별 최대도달 테이블 5.1~13.5cm (FK 13^4 스윕, 앵커=4_1+offset)
[Dg5fFingerIK f3] 준비 완료 — 마디합 13.5cm, 방향별 최대도달 테이블 4.3~13.5cm (FK 13^4 스윕, 앵커=3_1+offset)
[RobotSelfCollisionIgnore] 자기충돌 무시(OFF·통과): 콜라이더 93개, 4278쌍 적용
[Dg5fFingerIK f5] 준비 완료 — 마디합 15.3cm, 방향별 최대도달 테이블 10.0~15.3cm (FK 13^4 스윕, 앵커=5_1+offset)
[Dg5fFingerIK f4] 준비 완료 — 마디합 13.5cm, 방향별 최대도달 테이블 5.1~13.5cm (FK 13^4 스윕, 앵커=4_1+offset)
[Dg5fFingerIK f3] 준비 완료 — 마디합 13.5cm, 방향별 최대도달 테이블 4.3~13.5cm (FK 13^4 스윕, 앵커=3_1+offset)
[RobotSelfCollisionIgnore] 자기충돌 무시(OFF·통과): 콜라이더 93개, 4278쌍 적용
[Dg5fFingerIK f5] 준비 완료 — 마디합 15.3cm, 방향별 최대도달 테이블 10.0~15.3cm (FK 13^4 스윕, 앵커=5_1+offset)
[Dg5fFingerIK f4] 준비 완료 — 마디합 13.5cm, 방향별 최대도달 테이블 5.1~13.5cm (FK 13^4 스윕, 앵커=4_1+offset)
[Dg5fFingerIK f3] 준비 완료 — 마디합 13.5cm, 방향별 최대도달 테이블 4.3~13.5cm (FK 13^4 스윕, 앵커=3_1+offset)
[RobotSelfCollisionIgnore] 자기충돌 무시(OFF·통과): 콜라이더 93개, 4278쌍 적용
[Dg5fFingerIK f5] 준비 완료 — 마디합 15.3cm, 방향별 최대도달 테이블 10.0~15.3cm (FK 13^4 스윕, 앵커=5_1+offset)
[Dg5fFingerIK f4] 준비 완료 — 마디합 13.5cm, 방향별 최대도달 테이블 5.1~13.5cm (FK 13^4 스윕, 앵커=4_1+offset)
[Dg5fFingerIK f3] 준비 완료 — 마디합 13.5cm, 방향별 최대도달 테이블 4.3~13.5cm (FK 13^4 스윕, 앵커=3_1+offset)
[RobotSelfCollisionIgnore] 자기충돌 무시(OFF·통과): 콜라이더 93개, 4278쌍 적용
[Dg5fFingerIK f5] 준비 완료 — 마디합 15.3cm, 방향별 최대도달 테이블 10.0~15.3cm (FK 13^4 스윕, 앵커=5_1+offset)
[Dg5fFingerIK f4] 준비 완료 — 마디합 13.5cm, 방향별 최대도달 테이블 5.1~13.5cm (FK 13^4 스윕, 앵커=4_1+offset)
[Dg5fFingerIK f3] 준비 완료 — 마디합 13.5cm, 방향별 최대도달 테이블 4.3~13.5cm (FK 13^4 스윕, 앵커=3_1+offset)
[RobotSelfCollisionIgnore] 자기충돌 무시(OFF·통과): 콜라이더 93개, 4278쌍 적용
[Dg5fFingerIK f5] 준비 완료 — 마디합 15.3cm, 방향별 최대도달 테이블 10.0~15.3cm (FK 13^4 스윕, 앵커=5_1+offset)
[Dg5fFingerIK f4] 준비 완료 — 마디합 13.5cm, 방향별 최대도달 테이블 5.1~13.5cm (FK 13^4 스윕, 앵커=4_1+offset)
[Dg5fFingerIK f3] 준비 완료 — 마디합 13.5cm, 방향별 최대도달 테이블 4.3~13.5cm (FK 13^4 스윕, 앵커=3_1+offset)
[RobotSelfCollisionIgnore] 자기충돌 무시(OFF·통과): 콜라이더 93개, 4278쌍 적용
[Dg5fFingerIK f5] 준비 완료 — 마디합 15.3cm, 방향별 최대도달 테이블 10.0~15.3cm (FK 13^4 스윕, 앵커=5_1+offset)
[Dg5fFingerIK f4] 준비 완료 — 마디합 13.5cm, 방향별 최대도달 테이블 5.1~13.5cm (FK 13^4 스윕, 앵커=4_1+offset)
[Dg5fFingerIK f3] 준비 완료 — 마디합 13.5cm, 방향별 최대도달 테이블 4.3~13.5cm (FK 13^4 스윕, 앵커=3_1+offset)
[RobotSelfCollisionIgnore] 자기충돌 무시(OFF·통과): 콜라이더 93개, 4278쌍 적용
[Dg5fFingerIK f5] 준비 완료 — 마디합 15.3cm, 방향별 최대도달 테이블 10.0~15.3cm (FK 13^4 스윕, 앵커=5_1+offset)
[Dg5fFingerIK f4] 준비 완료 — 마디합 13.5cm, 방향별 최대도달 테이블 5.1~13.5cm (FK 13^4 스윕, 앵커=4_1+offset)
[Dg5fFingerIK f3] 준비 완료 — 마디합 13.5cm, 방향별 최대도달 테이블 4.3~13.5cm (FK 13^4 스윕, 앵커=3_1+offset)
[RobotSelfCollisionIgnore] 자기충돌 무시(OFF·통과): 콜라이더 93개, 4278쌍 적용
[Dg5fFingerIK f5] 준비 완료 — 마디합 15.3cm, 방향별 최대도달 테이블 10.0~15.3cm (FK 13^4 스윕, 앵커=5_1+offset)
[Dg5fFingerIK f4] 준비 완료 — 마디합 13.5cm, 방향별 최대도달 테이블 5.1~13.5cm (FK 13^4 스윕, 앵커=4_1+offset)
[Dg5fFingerIK f3] 준비 완료 — 마디합 13.5cm, 방향별 최대도달 테이블 4.3~13.5cm (FK 13^4 스윕, 앵커=3_1+offset)
[RobotSelfCollisionIgnore] 자기충돌 무시(OFF·통과): 콜라이더 93개, 4278쌍 적용
[Dg5fFingerIK f5] 준비 완료 — 마디합 15.3cm, 방향별 최대도달 테이블 10.0~15.3cm (FK 13^4 스윕, 앵커=5_1+offset)
[Dg5fFingerIK f4] 준비 완료 — 마디합 13.5cm, 방향별 최대도달 테이블 5.1~13.5cm (FK 13^4 스윕, 앵커=4_1+offset)
[Dg5fFingerIK f3] 준비 완료 — 마디합 13.5cm, 방향별 최대도달 테이블 4.3~13.5cm (FK 13^4 스윕, 앵커=3_1+offset)
[RobotSelfCollisionIgnore] 자기충돌 무시(OFF·통과): 콜라이더 93개, 4278쌍 적용
Saving results to: /home/lkb/.config/unity3d/DefaultCompany/KDT_robot_AI/TestResults.xml
]]></output>
              </test-case>
            </test-suite>
          </test-suite>
        </test-suite>
      </test-suite>
    </test-suite>
  </test-suite>
</test-run>